

================================================================
== Vitis HLS Report for 'exp_40_32_s'
================================================================
* Date:           Sat Jan 13 17:06:25 2024

* Version:        2020.2 (Build 3064766 on Wed Nov 18 09:12:47 MST 2020)
* Project:        cnn_unoptimized
* Solution:       solution1 (Vivado IP Flow Target)
* Product family: zynquplus
* Target device:  xczu3eg-sbva484-1-e


================================================================
== Performance Estimates
================================================================
+ Timing: 
    * Summary: 
    +--------+----------+----------+------------+
    |  Clock |  Target  | Estimated| Uncertainty|
    +--------+----------+----------+------------+
    |ap_clk  |  10.00 ns|  5.983 ns|     2.70 ns|
    +--------+----------+----------+------------+

+ Latency: 
    * Summary: 
    +---------+---------+-----------+-----------+-----+-----+---------+
    |  Latency (cycles) |   Latency (absolute)  |  Interval | Pipeline|
    |   min   |   max   |    min    |    max    | min | max |   Type  |
    +---------+---------+-----------+-----------+-----+-----+---------+
    |        3|        3|  30.000 ns|  30.000 ns|    1|    1|      yes|
    +---------+---------+-----------+-----------+-----+-----+---------+

    + Detail: 
        * Instance: 
        N/A

        * Loop: 
        N/A



================================================================
== Utilization Estimates
================================================================
* Summary: 
+-----------------+---------+-----+--------+-------+-----+
|       Name      | BRAM_18K| DSP |   FF   |  LUT  | URAM|
+-----------------+---------+-----+--------+-------+-----+
|DSP              |        -|    -|       -|      -|    -|
|Expression       |        -|    -|       0|    236|    -|
|FIFO             |        -|    -|       -|      -|    -|
|Instance         |        -|    8|       0|     64|    -|
|Memory           |        4|    -|       0|      0|    -|
|Multiplexer      |        -|    -|       -|      -|    -|
|Register         |        -|    -|     540|    128|    -|
+-----------------+---------+-----+--------+-------+-----+
|Total            |        4|    8|     540|    428|    0|
+-----------------+---------+-----+--------+-------+-----+
|Available        |      432|  360|  141120|  70560|    0|
+-----------------+---------+-----+--------+-------+-----+
|Utilization (%)  |       ~0|    2|      ~0|     ~0|    0|
+-----------------+---------+-----+--------+-------+-----+

+ Detail: 
    * Instance: 
    +--------------------------+-----------------------+---------+----+---+----+-----+
    |         Instance         |         Module        | BRAM_18K| DSP| FF| LUT| URAM|
    +--------------------------+-----------------------+---------+----+---+----+-----+
    |mul_71ns_68ns_139_1_1_U1  |mul_71ns_68ns_139_1_1  |        0|   8|  0|  64|    0|
    +--------------------------+-----------------------+---------+----+---+----+-----+
    |Total                     |                       |        0|   8|  0|  64|    0|
    +--------------------------+-----------------------+---------+----+---+----+-----+

    * DSP: 
    N/A

    * Memory: 
    +-----------------------+---------------------------------+---------+---+----+-----+------+-----+------+-------------+
    |         Memory        |              Module             | BRAM_18K| FF| LUT| URAM| Words| Bits| Banks| W*Bits*Banks|
    +-----------------------+---------------------------------+---------+---+----+-----+------+-----+------+-------------+
    |exp_x_msb_1_table_V_U  |exp_40_32_s_exp_x_msb_1_table_V  |        2|  0|   0|    0|   256|   68|     1|        17408|
    |f_x_msb_2_table_V_U    |exp_40_32_s_f_x_msb_2_table_V    |        2|  0|   0|    0|   256|   64|     1|        16384|
    +-----------------------+---------------------------------+---------+---+----+-----+------+-----+------+-------------+
    |Total                  |                                 |        4|  0|   0|    0|   512|  132|     2|        33792|
    +-----------------------+---------------------------------+---------+---+----+-----+------+-----+------+-------------+

    * FIFO: 
    N/A

    * Expression: 
    +------------------------+----------+----+---+----+------------+------------+
    |      Variable Name     | Operation| DSP| FF| LUT| Bitwidth P0| Bitwidth P1|
    +------------------------+----------+----+---+----+------------+------------+
    |ret_V_fu_227_p2         |         +|   0|  0|  16|           9|           9|
    |y_l_V_fu_288_p2         |         +|   0|  0|  75|          68|          68|
    |and_ln571_fu_268_p2     |       and|   0|  0|   2|           1|           1|
    |icmp_ln1494_fu_152_p2   |      icmp|   0|  0|  10|           6|           5|
    |icmp_ln1496_fu_164_p2   |      icmp|   0|  0|  20|          32|          30|
    |icmp_ln1498_fu_158_p2   |      icmp|   0|  0|  10|           6|           5|
    |or_ln571_fu_303_p2      |        or|   0|  0|   2|           1|           1|
    |ap_return               |    select|   0|  0|  39|           1|           2|
    |p_Val2_9_fu_308_p3      |    select|   0|  0|  56|           1|          64|
    |select_ln414_fu_277_p3  |    select|   0|  0|   2|           1|           2|
    |ap_enable_pp0           |       xor|   0|  0|   2|           1|           2|
    |xor_ln849_fu_272_p2     |       xor|   0|  0|   2|           1|           2|
    +------------------------+----------+----+---+----+------------+------------+
    |Total                   |          |   0|  0| 236|         128|         191|
    +------------------------+----------+----+---+----+------------+------------+

    * Multiplexer: 
    N/A

    * Register: 
    +-------------------------------------+----+----+-----+-----------+
    |                 Name                | FF | LUT| Bits| Const Bits|
    +-------------------------------------+----+----+-----+-----------+
    |ap_CS_fsm                            |   1|   0|    1|          0|
    |ap_enable_reg_pp0_iter1              |   1|   0|    1|          0|
    |ap_enable_reg_pp0_iter2              |   1|   0|    1|          0|
    |ap_enable_reg_pp0_iter3              |   1|   0|    1|          0|
    |exp_x_msb_1_V_reg_387                |  68|   0|   68|          0|
    |exp_x_msb_1_V_reg_387_pp0_iter2_reg  |  68|   0|   68|          0|
    |icmp_ln1494_reg_347                  |   1|   0|    1|          0|
    |icmp_ln1496_reg_357                  |   1|   0|    1|          0|
    |icmp_ln1498_reg_352                  |   1|   0|    1|          0|
    |p_Result_s_reg_342                   |   1|   0|    1|          0|
    |ret_V_reg_377                        |   9|   0|    9|          0|
    |tmp_160_reg_393                      |  67|   0|   67|          0|
    |tmp_162_reg_362                      |   6|   0|    8|          2|
    |trunc_ln640_1_reg_382                |  58|   0|   58|          0|
    |icmp_ln1494_reg_347                  |  64|  32|    1|          0|
    |icmp_ln1496_reg_357                  |  64|  32|    1|          0|
    |icmp_ln1498_reg_352                  |  64|  32|    1|          0|
    |p_Result_s_reg_342                   |  64|  32|    1|          0|
    +-------------------------------------+----+----+-----+-----------+
    |Total                                | 540| 128|  290|          2|
    +-------------------------------------+----+----+-----+-----------+



================================================================
== Interface
================================================================
* Summary: 
+-----------+-----+-----+------------+--------------+--------------+
| RTL Ports | Dir | Bits|  Protocol  | Source Object|    C Type    |
+-----------+-----+-----+------------+--------------+--------------+
|ap_clk     |   in|    1|  ap_ctrl_hs|   exp<40, 32>|  return value|
|ap_rst     |   in|    1|  ap_ctrl_hs|   exp<40, 32>|  return value|
|ap_start   |   in|    1|  ap_ctrl_hs|   exp<40, 32>|  return value|
|ap_done    |  out|    1|  ap_ctrl_hs|   exp<40, 32>|  return value|
|ap_idle    |  out|    1|  ap_ctrl_hs|   exp<40, 32>|  return value|
|ap_ready   |  out|    1|  ap_ctrl_hs|   exp<40, 32>|  return value|
|ap_return  |  out|   39|  ap_ctrl_hs|   exp<40, 32>|  return value|
|x          |   in|   13|     ap_none|             x|        scalar|
+-----------+-----+-----+------------+--------------+--------------+

