

================================================================
== Vitis HLS Report for 'conv2d_1'
================================================================
* Date:           Sat Dec 23 20:35:43 2023

* Version:        2020.2 (Build 3064766 on Wed Nov 18 09:12:47 MST 2020)
* Project:        cnn
* Solution:       solution1 (Vivado IP Flow Target)
* Product family: zynquplus
* Target device:  xczu3eg-sbva484-1-e


================================================================
== Performance Estimates
================================================================
+ Timing: 
    * Summary: 
    +--------+----------+-----------+------------+
    |  Clock |  Target  | Estimated | Uncertainty|
    +--------+----------+-----------+------------+
    |ap_clk  |  10.00 ns|  12.036 ns|     2.70 ns|
    +--------+----------+-----------+------------+

+ Latency: 
    * Summary: 
    +----------+----------+-----------+-----------+----------+----------+---------+
    |   Latency (cycles)  |   Latency (absolute)  |       Interval      | Pipeline|
    |    min   |    max   |    min    |    max    |    min   |    max   |   Type  |
    +----------+----------+-----------+-----------+----------+----------+---------+
    |  28016929|  28016929|  0.337 sec|  0.337 sec|  28016929|  28016929|     none|
    +----------+----------+-----------+-----------+----------+----------+---------+

    + Detail: 
        * Instance: 
        N/A

        * Loop: 
        +----------------------------------------------------+----------+----------+----------+-----------+-----------+-------+----------+
        |                                                    |   Latency (cycles)  | Iteration|  Initiation Interval  |  Trip |          |
        |                      Loop Name                     |    min   |    max   |  Latency |  achieved |   target  | Count | Pipelined|
        +----------------------------------------------------+----------+----------+----------+-----------+-----------+-------+----------+
        |- VITIS_LOOP_67_1_VITIS_LOOP_70_2_VITIS_LOOP_73_3   |  28016928|  28016928|      1201|          -|          -|  23328|        no|
        | + VITIS_LOOP_78_4_VITIS_LOOP_81_5_VITIS_LOOP_84_6  |      1178|      1178|        31|          4|          1|    288|       yes|
        +----------------------------------------------------+----------+----------+----------+-----------+-----------+-------+----------+



================================================================
== Utilization Estimates
================================================================
* Summary: 
+-----------------+---------+-----+--------+-------+-----+
|       Name      | BRAM_18K| DSP |   FF   |  LUT  | URAM|
+-----------------+---------+-----+--------+-------+-----+
|DSP              |        -|    3|       -|      -|    -|
|Expression       |        -|    -|       0|    592|    -|
|FIFO             |        -|    -|       -|      -|    -|
|Instance         |        -|    0|     766|    545|    -|
|Memory           |       19|    -|       0|      0|    -|
|Multiplexer      |        -|    -|       -|    589|    -|
|Register         |        -|    -|     627|    128|    -|
+-----------------+---------+-----+--------+-------+-----+
|Total            |       19|    3|    1393|   1854|    0|
+-----------------+---------+-----+--------+-------+-----+
|Available        |      432|  360|  141120|  70560|    0|
+-----------------+---------+-----+--------+-------+-----+
|Utilization (%)  |        4|   ~0|      ~0|      2|    0|
+-----------------+---------+-----+--------+-------+-----+

+ Detail: 
    * Instance: 
    +---------------------------------+----------------------------+---------+----+-----+-----+-----+
    |             Instance            |           Module           | BRAM_18K| DSP|  FF | LUT | URAM|
    +---------------------------------+----------------------------+---------+----+-----+-----+-----+
    |mul_5ns_6ns_10_1_1_U442          |mul_5ns_6ns_10_1_1          |        0|   0|    0|   23|    0|
    |mul_5ns_6ns_10_1_1_U443          |mul_5ns_6ns_10_1_1          |        0|   0|    0|   23|    0|
    |urem_15ns_10ns_15_19_1_U444      |urem_15ns_10ns_15_19_1      |        0|   0|  576|  413|    0|
    |urem_15ns_10ns_15_19_seq_1_U445  |urem_15ns_10ns_15_19_seq_1  |        0|   0|  190|   86|    0|
    +---------------------------------+----------------------------+---------+----+-----+-----+-----+
    |Total                            |                            |        0|   0|  766|  545|    0|
    +---------------------------------+----------------------------+---------+----+-----+-----+-----+

    * DSP: 
    +------------------------------------+-------------------------------+--------------+
    |              Instance              |             Module            |  Expression  |
    +------------------------------------+-------------------------------+--------------+
    |mac_muladd_5ns_6ns_5ns_10_4_1_U446  |mac_muladd_5ns_6ns_5ns_10_4_1  |  i0 * i1 + i2|
    |mul_mul_15ns_17ns_31_4_1_U447       |mul_mul_15ns_17ns_31_4_1       |       i0 * i1|
    |mul_mul_15ns_17ns_31_4_1_U448       |mul_mul_15ns_17ns_31_4_1       |       i0 * i1|
    +------------------------------------+-------------------------------+--------------+

    * Memory: 
    +-------------------+--------------------------+---------+---+----+-----+------+-----+------+-------------+
    |       Memory      |          Module          | BRAM_18K| FF| LUT| URAM| Words| Bits| Banks| W*Bits*Banks|
    +-------------------+--------------------------+---------+---+----+-----+------+-----+------+-------------+
    |layer_4_bias_U     |conv2d_1_layer_4_bias     |        1|  0|   0|    0|    32|   32|     1|         1024|
    |layer_4_weights_U  |conv2d_1_layer_4_weights  |       18|  0|   0|    0|  9216|   32|     1|       294912|
    +-------------------+--------------------------+---------+---+----+-----+------+-----+------+-------------+
    |Total              |                          |       19|  0|   0|    0|  9248|   64|     2|       295936|
    +-------------------+--------------------------+---------+---+----+-----+------+-----+------+-------------+

    * FIFO: 
    N/A

    * Expression: 
    +-----------------------------------+----------+----+---+----+------------+------------+
    |           Variable Name           | Operation| DSP| FF| LUT| Bitwidth P0| Bitwidth P1|
    +-----------------------------------+----------+----+---+----+------------+------------+
    |add_ln103_fu_3064_p2               |         +|   0|  0|  22|          15|          15|
    |add_ln67_2_fu_2576_p2              |         +|   0|  0|  12|           5|           1|
    |add_ln67_fu_2520_p2                |         +|   0|  0|  22|          15|           1|
    |add_ln70_2_fu_3210_p2              |         +|   0|  0|  18|          11|           1|
    |add_ln70_fu_2632_p2                |         +|   0|  0|  12|           5|           1|
    |add_ln73_fu_3205_p2                |         +|   0|  0|  13|           6|           1|
    |add_ln78_1_fu_2906_p2              |         +|   0|  0|  13|           6|           1|
    |add_ln78_fu_2900_p2                |         +|   0|  0|  16|           9|           1|
    |add_ln81_3_fu_2894_p2              |         +|   0|  0|  12|           4|           1|
    |add_ln81_fu_2857_p2                |         +|   0|  0|  12|           5|           5|
    |add_ln88_2_fu_2943_p2              |         +|   0|  0|  22|          15|          15|
    |add_ln88_fu_2930_p2                |         +|   0|  0|  17|          10|          10|
    |add_ln92_fu_2986_p2                |         +|   0|  0|  21|          14|          14|
    |add_ln93_3_fu_2745_p2              |         +|   0|  0|   7|           4|           1|
    |add_ln93_4_fu_2866_p2              |         +|   0|  0|   7|           4|           1|
    |add_ln93_5_fu_2888_p2              |         +|   0|  0|  12|           4|           4|
    |add_ln93_fu_2955_p2                |         +|   0|  0|  10|           3|           1|
    |indvars_iv_next37_dup_fu_2797_p2   |         +|   0|  0|  10|           3|           1|
    |indvars_iv_next37_fu_2717_p2       |         +|   0|  0|  10|           3|           1|
    |indvars_iv_next37_mid1_fu_2817_p2  |         +|   0|  0|  10|           3|           2|
    |mul4811_fu_2550_p2                 |         +|   0|  0|  17|          10|          10|
    |mul4811_mid165_fu_2600_p2          |         +|   0|  0|  17|          10|           6|
    |mul4811_mid1_fu_2674_p2            |         +|   0|  0|  17|          10|          10|
    |tmp_fu_2540_p2                     |         +|   0|  0|  13|           6|           6|
    |tmp_mid1_fu_2664_p2                |         +|   0|  0|  13|           6|           6|
    |sub_ln92_2_fu_2839_p2              |         -|   0|  0|   7|           4|           4|
    |sub_ln92_fu_2739_p2                |         -|   0|  0|   7|           4|           4|
    |and_ln49_fu_3123_p2                |       and|   0|  0|   2|           1|           1|
    |and_ln67_fu_2618_p2                |       and|   0|  0|   2|           1|           1|
    |and_ln78_fu_2791_p2                |       and|   0|  0|   2|           1|           1|
    |icmp_ln49_5_fu_3111_p2             |      icmp|   0|  0|  16|          23|           1|
    |icmp_ln49_fu_3105_p2               |      icmp|   0|  0|  11|           8|           2|
    |icmp_ln67_fu_2556_p2               |      icmp|   0|  0|  12|          15|          15|
    |icmp_ln70_fu_2562_p2               |      icmp|   0|  0|  11|          11|          10|
    |icmp_ln73_fu_2612_p2               |      icmp|   0|  0|  10|           6|           7|
    |icmp_ln78_fu_2751_p2               |      icmp|   0|  0|  11|           9|           9|
    |icmp_ln81_fu_2757_p2               |      icmp|   0|  0|   9|           4|           4|
    |icmp_ln84_fu_2785_p2               |      icmp|   0|  0|   8|           3|           2|
    |empty_81_fu_2638_p2                |        or|   0|  0|   2|           1|           1|
    |or_ln49_fu_3117_p2                 |        or|   0|  0|   2|           1|           1|
    |or_ln81_fu_2803_p2                 |        or|   0|  0|   2|           1|           1|
    |empty_82_fu_2688_p3                |    select|   0|  0|   9|           1|          10|
    |ii_cast4_mid2_fu_2652_p3           |    select|   0|  0|   5|           1|           5|
    |iii_mid2_fu_2644_p3                |    select|   0|  0|   6|           1|           1|
    |output_sum_2_fu_3129_p3            |    select|   0|  0|  32|           1|           1|
    |select_ln67_4_fu_2592_p3           |    select|   0|  0|   9|           1|          10|
    |select_ln67_5_fu_2624_p3           |    select|   0|  0|   5|           1|           5|
    |select_ln67_6_fu_2680_p3           |    select|   0|  0|   9|           1|          10|
    |select_ln67_fu_2568_p3             |    select|   0|  0|   5|           1|           1|
    |select_ln70_fu_3216_p3             |    select|   0|  0|  10|           1|           1|
    |select_ln78_5_fu_2912_p3           |    select|   0|  0|   6|           1|           6|
    |select_ln78_6_fu_2771_p3           |    select|   0|  0|   4|           1|           1|
    |select_ln78_fu_2763_p3             |    select|   0|  0|   3|           1|           2|
    |select_ln81_5_fu_2845_p3           |    select|   0|  0|   3|           1|           3|
    |select_ln81_6_fu_2872_p3           |    select|   0|  0|   4|           1|           4|
    |select_ln81_7_fu_2960_p3           |    select|   0|  0|   4|           1|           1|
    |select_ln81_fu_2809_p3             |    select|   0|  0|   3|           1|           2|
    |ap_enable_pp0                      |       xor|   0|  0|   2|           1|           2|
    |xor_ln67_fu_2606_p2                |       xor|   0|  0|   2|           1|           2|
    |xor_ln78_fu_2779_p2                |       xor|   0|  0|   2|           1|           2|
    +-----------------------------------+----------+----+---+----+------------+------------+
    |Total                              |          |   0|  0| 592|         298|         249|
    +-----------------------------------+----------+----+---+----+------------+------------+

    * Multiplexer: 
    +--------------------------------------------+-----+-----------+-----+-----------+
    |                    Name                    | LUT | Input Size| Bits| Total Bits|
    +--------------------------------------------+-----+-----------+-----+-----------+
    |add4115_reg_2296                            |    9|          2|   32|         64|
    |ap_NS_fsm                                   |  134|         28|    1|         28|
    |ap_enable_reg_pp0_iter3                     |    9|          2|    1|          2|
    |ap_enable_reg_pp0_iter7                     |    9|          2|    1|          2|
    |ap_phi_mux_add4115_phi_fu_2299_p4           |    9|          2|   32|         64|
    |ap_phi_mux_indvar_flatten36_phi_fu_2244_p4  |    9|          2|    9|         18|
    |ap_phi_mux_indvar_flatten_phi_fu_2256_p4    |    9|          2|    4|          8|
    |ap_phi_mux_iv_phi_fu_2289_p4                |    9|          2|    6|         12|
    |ap_phi_mux_phi_ln88_phi_fu_2309_p128        |  284|         65|   32|       2080|
    |ap_phi_mux_v_phi_fu_2267_p4                 |    9|          2|    3|          6|
    |ap_phi_mux_vi_phi_fu_2278_p4                |    9|          2|    3|          6|
    |i_reg_2195                                  |    9|          2|    5|         10|
    |ii_reg_2218                                 |    9|          2|    5|         10|
    |iii_reg_2229                                |    9|          2|    6|         12|
    |indvar_flatten36_reg_2240                   |    9|          2|    9|         18|
    |indvar_flatten44_reg_2206                   |    9|          2|   11|         22|
    |indvar_flatten73_reg_2184                   |    9|          2|   15|         30|
    |indvar_flatten_reg_2252                     |    9|          2|    4|          8|
    |iv_reg_2285                                 |    9|          2|    6|         12|
    |v_reg_2263                                  |    9|          2|    3|          6|
    |vi_reg_2274                                 |    9|          2|    3|          6|
    +--------------------------------------------+-----+-----------+-----+-----------+
    |Total                                       |  589|        131|  191|       2424|
    +--------------------------------------------+-----+-----------+-----+-----------+

    * Register: 
    +-------------------------------+----+----+-----+-----------+
    |              Name             | FF | LUT| Bits| Const Bits|
    +-------------------------------+----+----+-----+-----------+
    |add4115_reg_2296               |  32|   0|   32|          0|
    |add52_mid2_reg_3292            |  10|   0|   15|          5|
    |add_ln67_reg_3245              |  15|   0|   15|          0|
    |add_ln78_reg_3352              |   9|   0|    9|          0|
    |add_ln81_3_reg_3347            |   4|   0|    4|          0|
    |add_ln88_2_reg_3367            |  15|   0|   15|          0|
    |add_ln93_5_reg_3342            |   4|   0|    4|          0|
    |add_ln93_reg_3373              |   3|   0|    3|          0|
    |ap_CS_fsm                      |  27|   0|   27|          0|
    |ap_enable_reg_pp0_iter0        |   1|   0|    1|          0|
    |ap_enable_reg_pp0_iter1        |   1|   0|    1|          0|
    |ap_enable_reg_pp0_iter2        |   1|   0|    1|          0|
    |ap_enable_reg_pp0_iter3        |   1|   0|    1|          0|
    |ap_enable_reg_pp0_iter4        |   1|   0|    1|          0|
    |ap_enable_reg_pp0_iter5        |   1|   0|    1|          0|
    |ap_enable_reg_pp0_iter6        |   1|   0|    1|          0|
    |ap_enable_reg_pp0_iter7        |   1|   0|    1|          0|
    |empty_82_reg_3277              |  10|   0|   10|          0|
    |i_reg_2195                     |   5|   0|    5|          0|
    |icmp_ln70_reg_3253             |   1|   0|    1|          0|
    |icmp_ln78_reg_3312             |   1|   0|    1|          0|
    |icmp_ln81_reg_3316             |   1|   0|    1|          0|
    |ii_cast4_mid2_cast_reg_3287    |   5|   0|   10|          5|
    |ii_cast4_mid2_reg_3271         |   5|   0|    5|          0|
    |ii_reg_2218                    |   5|   0|    5|          0|
    |iii_mid2_reg_3264              |   6|   0|    6|          0|
    |iii_reg_2229                   |   6|   0|    6|          0|
    |indvar_flatten36_reg_2240      |   9|   0|    9|          0|
    |indvar_flatten44_reg_2206      |  11|   0|   11|          0|
    |indvar_flatten73_reg_2184      |  15|   0|   15|          0|
    |indvar_flatten_reg_2252        |   4|   0|    4|          0|
    |iv_reg_2285                    |   6|   0|    6|          0|
    |layer_4_weights_load_reg_3717  |  32|   0|   32|          0|
    |mul_reg_3722                   |  32|   0|   32|          0|
    |output_sum_2_reg_3746          |  32|   0|   32|          0|
    |select_ln67_5_reg_3258         |   5|   0|    5|          0|
    |select_ln78_5_reg_3357         |   6|   0|    6|          0|
    |select_ln81_5_reg_3327         |   3|   0|    3|          0|
    |select_ln81_7_reg_3378         |   4|   0|    4|          0|
    |select_ln81_reg_3322           |   3|   0|    3|          0|
    |trunc_ln78_reg_3362            |   5|   0|    5|          0|
    |trunc_ln88_1_reg_3388          |   6|   0|    6|          0|
    |trunc_ln88_reg_3337            |   2|   0|    2|          0|
    |trunc_ln8_reg_3742             |   6|   0|    6|          0|
    |v_reg_2263                     |   3|   0|    3|          0|
    |vi_reg_2274                    |   3|   0|    3|          0|
    |zext_ln73_3_reg_3297           |   6|   0|   14|          8|
    |zext_ln73_4_reg_3302           |   6|   0|   15|          9|
    |add_ln88_2_reg_3367            |  64|  32|   15|          0|
    |add_ln93_5_reg_3342            |  64|  32|    4|          0|
    |icmp_ln78_reg_3312             |  64|  32|    1|          0|
    |trunc_ln78_reg_3362            |  64|  32|    5|          0|
    +-------------------------------+----+----+-----+-----------+
    |Total                          | 627| 128|  423|         27|
    +-------------------------------+----+----+-----+-----------+



================================================================
== Interface
================================================================
* Summary: 
+----------------------+-----+-----+------------+--------------+--------------+
|       RTL Ports      | Dir | Bits|  Protocol  | Source Object|    C Type    |
+----------------------+-----+-----+------------+--------------+--------------+
|ap_clk                |   in|    1|  ap_ctrl_hs|      conv2d.1|  return value|
|ap_rst                |   in|    1|  ap_ctrl_hs|      conv2d.1|  return value|
|ap_start              |   in|    1|  ap_ctrl_hs|      conv2d.1|  return value|
|ap_done               |  out|    1|  ap_ctrl_hs|      conv2d.1|  return value|
|ap_idle               |  out|    1|  ap_ctrl_hs|      conv2d.1|  return value|
|ap_ready              |  out|    1|  ap_ctrl_hs|      conv2d.1|  return value|
|grp_fu_3337_p_din0    |  out|   32|  ap_ctrl_hs|      conv2d.1|  return value|
|grp_fu_3337_p_din1    |  out|   32|  ap_ctrl_hs|      conv2d.1|  return value|
|grp_fu_3337_p_opcode  |  out|    2|  ap_ctrl_hs|      conv2d.1|  return value|
|grp_fu_3337_p_dout0   |   in|   32|  ap_ctrl_hs|      conv2d.1|  return value|
|grp_fu_3337_p_ce      |  out|    1|  ap_ctrl_hs|      conv2d.1|  return value|
|grp_fu_3341_p_din0    |  out|   32|  ap_ctrl_hs|      conv2d.1|  return value|
|grp_fu_3341_p_din1    |  out|   32|  ap_ctrl_hs|      conv2d.1|  return value|
|grp_fu_3341_p_dout0   |   in|   32|  ap_ctrl_hs|      conv2d.1|  return value|
|grp_fu_3341_p_ce      |  out|    1|  ap_ctrl_hs|      conv2d.1|  return value|
|grp_fu_4439_p_din0    |  out|   32|  ap_ctrl_hs|      conv2d.1|  return value|
|grp_fu_4439_p_din1    |  out|   32|  ap_ctrl_hs|      conv2d.1|  return value|
|grp_fu_4439_p_opcode  |  out|    5|  ap_ctrl_hs|      conv2d.1|  return value|
|grp_fu_4439_p_dout0   |   in|    1|  ap_ctrl_hs|      conv2d.1|  return value|
|grp_fu_4439_p_ce      |  out|    1|  ap_ctrl_hs|      conv2d.1|  return value|
|input_0_address0      |  out|    9|   ap_memory|       input_0|         array|
|input_0_ce0           |  out|    1|   ap_memory|       input_0|         array|
|input_0_q0            |   in|   32|   ap_memory|       input_0|         array|
|input_1_address0      |  out|    9|   ap_memory|       input_1|         array|
|input_1_ce0           |  out|    1|   ap_memory|       input_1|         array|
|input_1_q0            |   in|   32|   ap_memory|       input_1|         array|
|input_2_address0      |  out|    9|   ap_memory|       input_2|         array|
|input_2_ce0           |  out|    1|   ap_memory|       input_2|         array|
|input_2_q0            |   in|   32|   ap_memory|       input_2|         array|
|input_3_address0      |  out|    9|   ap_memory|       input_3|         array|
|input_3_ce0           |  out|    1|   ap_memory|       input_3|         array|
|input_3_q0            |   in|   32|   ap_memory|       input_3|         array|
|input_4_address0      |  out|    9|   ap_memory|       input_4|         array|
|input_4_ce0           |  out|    1|   ap_memory|       input_4|         array|
|input_4_q0            |   in|   32|   ap_memory|       input_4|         array|
|input_5_address0      |  out|    9|   ap_memory|       input_5|         array|
|input_5_ce0           |  out|    1|   ap_memory|       input_5|         array|
|input_5_q0            |   in|   32|   ap_memory|       input_5|         array|
|input_6_address0      |  out|    9|   ap_memory|       input_6|         array|
|input_6_ce0           |  out|    1|   ap_memory|       input_6|         array|
|input_6_q0            |   in|   32|   ap_memory|       input_6|         array|
|input_7_address0      |  out|    9|   ap_memory|       input_7|         array|
|input_7_ce0           |  out|    1|   ap_memory|       input_7|         array|
|input_7_q0            |   in|   32|   ap_memory|       input_7|         array|
|input_8_address0      |  out|    9|   ap_memory|       input_8|         array|
|input_8_ce0           |  out|    1|   ap_memory|       input_8|         array|
|input_8_q0            |   in|   32|   ap_memory|       input_8|         array|
|input_9_address0      |  out|    9|   ap_memory|       input_9|         array|
|input_9_ce0           |  out|    1|   ap_memory|       input_9|         array|
|input_9_q0            |   in|   32|   ap_memory|       input_9|         array|
|input_10_address0     |  out|    9|   ap_memory|      input_10|         array|
|input_10_ce0          |  out|    1|   ap_memory|      input_10|         array|
|input_10_q0           |   in|   32|   ap_memory|      input_10|         array|
|input_11_address0     |  out|    9|   ap_memory|      input_11|         array|
|input_11_ce0          |  out|    1|   ap_memory|      input_11|         array|
|input_11_q0           |   in|   32|   ap_memory|      input_11|         array|
|input_12_address0     |  out|    9|   ap_memory|      input_12|         array|
|input_12_ce0          |  out|    1|   ap_memory|      input_12|         array|
|input_12_q0           |   in|   32|   ap_memory|      input_12|         array|
|input_13_address0     |  out|    9|   ap_memory|      input_13|         array|
|input_13_ce0          |  out|    1|   ap_memory|      input_13|         array|
|input_13_q0           |   in|   32|   ap_memory|      input_13|         array|
|input_14_address0     |  out|    9|   ap_memory|      input_14|         array|
|input_14_ce0          |  out|    1|   ap_memory|      input_14|         array|
|input_14_q0           |   in|   32|   ap_memory|      input_14|         array|
|input_15_address0     |  out|    9|   ap_memory|      input_15|         array|
|input_15_ce0          |  out|    1|   ap_memory|      input_15|         array|
|input_15_q0           |   in|   32|   ap_memory|      input_15|         array|
|input_16_address0     |  out|    9|   ap_memory|      input_16|         array|
|input_16_ce0          |  out|    1|   ap_memory|      input_16|         array|
|input_16_q0           |   in|   32|   ap_memory|      input_16|         array|
|input_17_address0     |  out|    9|   ap_memory|      input_17|         array|
|input_17_ce0          |  out|    1|   ap_memory|      input_17|         array|
|input_17_q0           |   in|   32|   ap_memory|      input_17|         array|
|input_18_address0     |  out|    9|   ap_memory|      input_18|         array|
|input_18_ce0          |  out|    1|   ap_memory|      input_18|         array|
|input_18_q0           |   in|   32|   ap_memory|      input_18|         array|
|input_19_address0     |  out|    9|   ap_memory|      input_19|         array|
|input_19_ce0          |  out|    1|   ap_memory|      input_19|         array|
|input_19_q0           |   in|   32|   ap_memory|      input_19|         array|
|input_20_address0     |  out|    9|   ap_memory|      input_20|         array|
|input_20_ce0          |  out|    1|   ap_memory|      input_20|         array|
|input_20_q0           |   in|   32|   ap_memory|      input_20|         array|
|input_21_address0     |  out|    9|   ap_memory|      input_21|         array|
|input_21_ce0          |  out|    1|   ap_memory|      input_21|         array|
|input_21_q0           |   in|   32|   ap_memory|      input_21|         array|
|input_22_address0     |  out|    9|   ap_memory|      input_22|         array|
|input_22_ce0          |  out|    1|   ap_memory|      input_22|         array|
|input_22_q0           |   in|   32|   ap_memory|      input_22|         array|
|input_23_address0     |  out|    9|   ap_memory|      input_23|         array|
|input_23_ce0          |  out|    1|   ap_memory|      input_23|         array|
|input_23_q0           |   in|   32|   ap_memory|      input_23|         array|
|input_24_address0     |  out|    9|   ap_memory|      input_24|         array|
|input_24_ce0          |  out|    1|   ap_memory|      input_24|         array|
|input_24_q0           |   in|   32|   ap_memory|      input_24|         array|
|input_25_address0     |  out|    9|   ap_memory|      input_25|         array|
|input_25_ce0          |  out|    1|   ap_memory|      input_25|         array|
|input_25_q0           |   in|   32|   ap_memory|      input_25|         array|
|input_26_address0     |  out|    9|   ap_memory|      input_26|         array|
|input_26_ce0          |  out|    1|   ap_memory|      input_26|         array|
|input_26_q0           |   in|   32|   ap_memory|      input_26|         array|
|input_27_address0     |  out|    9|   ap_memory|      input_27|         array|
|input_27_ce0          |  out|    1|   ap_memory|      input_27|         array|
|input_27_q0           |   in|   32|   ap_memory|      input_27|         array|
|input_28_address0     |  out|    9|   ap_memory|      input_28|         array|
|input_28_ce0          |  out|    1|   ap_memory|      input_28|         array|
|input_28_q0           |   in|   32|   ap_memory|      input_28|         array|
|input_29_address0     |  out|    9|   ap_memory|      input_29|         array|
|input_29_ce0          |  out|    1|   ap_memory|      input_29|         array|
|input_29_q0           |   in|   32|   ap_memory|      input_29|         array|
|input_30_address0     |  out|    9|   ap_memory|      input_30|         array|
|input_30_ce0          |  out|    1|   ap_memory|      input_30|         array|
|input_30_q0           |   in|   32|   ap_memory|      input_30|         array|
|input_31_address0     |  out|    9|   ap_memory|      input_31|         array|
|input_31_ce0          |  out|    1|   ap_memory|      input_31|         array|
|input_31_q0           |   in|   32|   ap_memory|      input_31|         array|
|input_32_address0     |  out|    9|   ap_memory|      input_32|         array|
|input_32_ce0          |  out|    1|   ap_memory|      input_32|         array|
|input_32_q0           |   in|   32|   ap_memory|      input_32|         array|
|input_33_address0     |  out|    9|   ap_memory|      input_33|         array|
|input_33_ce0          |  out|    1|   ap_memory|      input_33|         array|
|input_33_q0           |   in|   32|   ap_memory|      input_33|         array|
|input_34_address0     |  out|    9|   ap_memory|      input_34|         array|
|input_34_ce0          |  out|    1|   ap_memory|      input_34|         array|
|input_34_q0           |   in|   32|   ap_memory|      input_34|         array|
|input_35_address0     |  out|    9|   ap_memory|      input_35|         array|
|input_35_ce0          |  out|    1|   ap_memory|      input_35|         array|
|input_35_q0           |   in|   32|   ap_memory|      input_35|         array|
|input_36_address0     |  out|    9|   ap_memory|      input_36|         array|
|input_36_ce0          |  out|    1|   ap_memory|      input_36|         array|
|input_36_q0           |   in|   32|   ap_memory|      input_36|         array|
|input_37_address0     |  out|    9|   ap_memory|      input_37|         array|
|input_37_ce0          |  out|    1|   ap_memory|      input_37|         array|
|input_37_q0           |   in|   32|   ap_memory|      input_37|         array|
|input_38_address0     |  out|    9|   ap_memory|      input_38|         array|
|input_38_ce0          |  out|    1|   ap_memory|      input_38|         array|
|input_38_q0           |   in|   32|   ap_memory|      input_38|         array|
|input_39_address0     |  out|    9|   ap_memory|      input_39|         array|
|input_39_ce0          |  out|    1|   ap_memory|      input_39|         array|
|input_39_q0           |   in|   32|   ap_memory|      input_39|         array|
|input_40_address0     |  out|    9|   ap_memory|      input_40|         array|
|input_40_ce0          |  out|    1|   ap_memory|      input_40|         array|
|input_40_q0           |   in|   32|   ap_memory|      input_40|         array|
|input_41_address0     |  out|    9|   ap_memory|      input_41|         array|
|input_41_ce0          |  out|    1|   ap_memory|      input_41|         array|
|input_41_q0           |   in|   32|   ap_memory|      input_41|         array|
|input_42_address0     |  out|    9|   ap_memory|      input_42|         array|
|input_42_ce0          |  out|    1|   ap_memory|      input_42|         array|
|input_42_q0           |   in|   32|   ap_memory|      input_42|         array|
|input_43_address0     |  out|    9|   ap_memory|      input_43|         array|
|input_43_ce0          |  out|    1|   ap_memory|      input_43|         array|
|input_43_q0           |   in|   32|   ap_memory|      input_43|         array|
|input_44_address0     |  out|    9|   ap_memory|      input_44|         array|
|input_44_ce0          |  out|    1|   ap_memory|      input_44|         array|
|input_44_q0           |   in|   32|   ap_memory|      input_44|         array|
|input_45_address0     |  out|    9|   ap_memory|      input_45|         array|
|input_45_ce0          |  out|    1|   ap_memory|      input_45|         array|
|input_45_q0           |   in|   32|   ap_memory|      input_45|         array|
|input_46_address0     |  out|    9|   ap_memory|      input_46|         array|
|input_46_ce0          |  out|    1|   ap_memory|      input_46|         array|
|input_46_q0           |   in|   32|   ap_memory|      input_46|         array|
|input_47_address0     |  out|    9|   ap_memory|      input_47|         array|
|input_47_ce0          |  out|    1|   ap_memory|      input_47|         array|
|input_47_q0           |   in|   32|   ap_memory|      input_47|         array|
|input_48_address0     |  out|    9|   ap_memory|      input_48|         array|
|input_48_ce0          |  out|    1|   ap_memory|      input_48|         array|
|input_48_q0           |   in|   32|   ap_memory|      input_48|         array|
|input_49_address0     |  out|    9|   ap_memory|      input_49|         array|
|input_49_ce0          |  out|    1|   ap_memory|      input_49|         array|
|input_49_q0           |   in|   32|   ap_memory|      input_49|         array|
|input_50_address0     |  out|    9|   ap_memory|      input_50|         array|
|input_50_ce0          |  out|    1|   ap_memory|      input_50|         array|
|input_50_q0           |   in|   32|   ap_memory|      input_50|         array|
|input_51_address0     |  out|    9|   ap_memory|      input_51|         array|
|input_51_ce0          |  out|    1|   ap_memory|      input_51|         array|
|input_51_q0           |   in|   32|   ap_memory|      input_51|         array|
|input_52_address0     |  out|    9|   ap_memory|      input_52|         array|
|input_52_ce0          |  out|    1|   ap_memory|      input_52|         array|
|input_52_q0           |   in|   32|   ap_memory|      input_52|         array|
|input_53_address0     |  out|    9|   ap_memory|      input_53|         array|
|input_53_ce0          |  out|    1|   ap_memory|      input_53|         array|
|input_53_q0           |   in|   32|   ap_memory|      input_53|         array|
|input_54_address0     |  out|    9|   ap_memory|      input_54|         array|
|input_54_ce0          |  out|    1|   ap_memory|      input_54|         array|
|input_54_q0           |   in|   32|   ap_memory|      input_54|         array|
|input_55_address0     |  out|    9|   ap_memory|      input_55|         array|
|input_55_ce0          |  out|    1|   ap_memory|      input_55|         array|
|input_55_q0           |   in|   32|   ap_memory|      input_55|         array|
|input_56_address0     |  out|    9|   ap_memory|      input_56|         array|
|input_56_ce0          |  out|    1|   ap_memory|      input_56|         array|
|input_56_q0           |   in|   32|   ap_memory|      input_56|         array|
|input_57_address0     |  out|    9|   ap_memory|      input_57|         array|
|input_57_ce0          |  out|    1|   ap_memory|      input_57|         array|
|input_57_q0           |   in|   32|   ap_memory|      input_57|         array|
|input_58_address0     |  out|    9|   ap_memory|      input_58|         array|
|input_58_ce0          |  out|    1|   ap_memory|      input_58|         array|
|input_58_q0           |   in|   32|   ap_memory|      input_58|         array|
|input_59_address0     |  out|    9|   ap_memory|      input_59|         array|
|input_59_ce0          |  out|    1|   ap_memory|      input_59|         array|
|input_59_q0           |   in|   32|   ap_memory|      input_59|         array|
|input_60_address0     |  out|    9|   ap_memory|      input_60|         array|
|input_60_ce0          |  out|    1|   ap_memory|      input_60|         array|
|input_60_q0           |   in|   32|   ap_memory|      input_60|         array|
|input_61_address0     |  out|    9|   ap_memory|      input_61|         array|
|input_61_ce0          |  out|    1|   ap_memory|      input_61|         array|
|input_61_q0           |   in|   32|   ap_memory|      input_61|         array|
|input_62_address0     |  out|    9|   ap_memory|      input_62|         array|
|input_62_ce0          |  out|    1|   ap_memory|      input_62|         array|
|input_62_q0           |   in|   32|   ap_memory|      input_62|         array|
|input_63_address0     |  out|    9|   ap_memory|      input_63|         array|
|input_63_ce0          |  out|    1|   ap_memory|      input_63|         array|
|input_63_q0           |   in|   32|   ap_memory|      input_63|         array|
|output_0_address0     |  out|    9|   ap_memory|      output_0|         array|
|output_0_ce0          |  out|    1|   ap_memory|      output_0|         array|
|output_0_we0          |  out|    1|   ap_memory|      output_0|         array|
|output_0_d0           |  out|   32|   ap_memory|      output_0|         array|
|output_1_address0     |  out|    9|   ap_memory|      output_1|         array|
|output_1_ce0          |  out|    1|   ap_memory|      output_1|         array|
|output_1_we0          |  out|    1|   ap_memory|      output_1|         array|
|output_1_d0           |  out|   32|   ap_memory|      output_1|         array|
|output_2_address0     |  out|    9|   ap_memory|      output_2|         array|
|output_2_ce0          |  out|    1|   ap_memory|      output_2|         array|
|output_2_we0          |  out|    1|   ap_memory|      output_2|         array|
|output_2_d0           |  out|   32|   ap_memory|      output_2|         array|
|output_3_address0     |  out|    9|   ap_memory|      output_3|         array|
|output_3_ce0          |  out|    1|   ap_memory|      output_3|         array|
|output_3_we0          |  out|    1|   ap_memory|      output_3|         array|
|output_3_d0           |  out|   32|   ap_memory|      output_3|         array|
|output_4_address0     |  out|    9|   ap_memory|      output_4|         array|
|output_4_ce0          |  out|    1|   ap_memory|      output_4|         array|
|output_4_we0          |  out|    1|   ap_memory|      output_4|         array|
|output_4_d0           |  out|   32|   ap_memory|      output_4|         array|
|output_5_address0     |  out|    9|   ap_memory|      output_5|         array|
|output_5_ce0          |  out|    1|   ap_memory|      output_5|         array|
|output_5_we0          |  out|    1|   ap_memory|      output_5|         array|
|output_5_d0           |  out|   32|   ap_memory|      output_5|         array|
|output_6_address0     |  out|    9|   ap_memory|      output_6|         array|
|output_6_ce0          |  out|    1|   ap_memory|      output_6|         array|
|output_6_we0          |  out|    1|   ap_memory|      output_6|         array|
|output_6_d0           |  out|   32|   ap_memory|      output_6|         array|
|output_7_address0     |  out|    9|   ap_memory|      output_7|         array|
|output_7_ce0          |  out|    1|   ap_memory|      output_7|         array|
|output_7_we0          |  out|    1|   ap_memory|      output_7|         array|
|output_7_d0           |  out|   32|   ap_memory|      output_7|         array|
|output_8_address0     |  out|    9|   ap_memory|      output_8|         array|
|output_8_ce0          |  out|    1|   ap_memory|      output_8|         array|
|output_8_we0          |  out|    1|   ap_memory|      output_8|         array|
|output_8_d0           |  out|   32|   ap_memory|      output_8|         array|
|output_9_address0     |  out|    9|   ap_memory|      output_9|         array|
|output_9_ce0          |  out|    1|   ap_memory|      output_9|         array|
|output_9_we0          |  out|    1|   ap_memory|      output_9|         array|
|output_9_d0           |  out|   32|   ap_memory|      output_9|         array|
|output_10_address0    |  out|    9|   ap_memory|     output_10|         array|
|output_10_ce0         |  out|    1|   ap_memory|     output_10|         array|
|output_10_we0         |  out|    1|   ap_memory|     output_10|         array|
|output_10_d0          |  out|   32|   ap_memory|     output_10|         array|
|output_11_address0    |  out|    9|   ap_memory|     output_11|         array|
|output_11_ce0         |  out|    1|   ap_memory|     output_11|         array|
|output_11_we0         |  out|    1|   ap_memory|     output_11|         array|
|output_11_d0          |  out|   32|   ap_memory|     output_11|         array|
|output_12_address0    |  out|    9|   ap_memory|     output_12|         array|
|output_12_ce0         |  out|    1|   ap_memory|     output_12|         array|
|output_12_we0         |  out|    1|   ap_memory|     output_12|         array|
|output_12_d0          |  out|   32|   ap_memory|     output_12|         array|
|output_13_address0    |  out|    9|   ap_memory|     output_13|         array|
|output_13_ce0         |  out|    1|   ap_memory|     output_13|         array|
|output_13_we0         |  out|    1|   ap_memory|     output_13|         array|
|output_13_d0          |  out|   32|   ap_memory|     output_13|         array|
|output_14_address0    |  out|    9|   ap_memory|     output_14|         array|
|output_14_ce0         |  out|    1|   ap_memory|     output_14|         array|
|output_14_we0         |  out|    1|   ap_memory|     output_14|         array|
|output_14_d0          |  out|   32|   ap_memory|     output_14|         array|
|output_15_address0    |  out|    9|   ap_memory|     output_15|         array|
|output_15_ce0         |  out|    1|   ap_memory|     output_15|         array|
|output_15_we0         |  out|    1|   ap_memory|     output_15|         array|
|output_15_d0          |  out|   32|   ap_memory|     output_15|         array|
|output_16_address0    |  out|    9|   ap_memory|     output_16|         array|
|output_16_ce0         |  out|    1|   ap_memory|     output_16|         array|
|output_16_we0         |  out|    1|   ap_memory|     output_16|         array|
|output_16_d0          |  out|   32|   ap_memory|     output_16|         array|
|output_17_address0    |  out|    9|   ap_memory|     output_17|         array|
|output_17_ce0         |  out|    1|   ap_memory|     output_17|         array|
|output_17_we0         |  out|    1|   ap_memory|     output_17|         array|
|output_17_d0          |  out|   32|   ap_memory|     output_17|         array|
|output_18_address0    |  out|    9|   ap_memory|     output_18|         array|
|output_18_ce0         |  out|    1|   ap_memory|     output_18|         array|
|output_18_we0         |  out|    1|   ap_memory|     output_18|         array|
|output_18_d0          |  out|   32|   ap_memory|     output_18|         array|
|output_19_address0    |  out|    9|   ap_memory|     output_19|         array|
|output_19_ce0         |  out|    1|   ap_memory|     output_19|         array|
|output_19_we0         |  out|    1|   ap_memory|     output_19|         array|
|output_19_d0          |  out|   32|   ap_memory|     output_19|         array|
|output_20_address0    |  out|    9|   ap_memory|     output_20|         array|
|output_20_ce0         |  out|    1|   ap_memory|     output_20|         array|
|output_20_we0         |  out|    1|   ap_memory|     output_20|         array|
|output_20_d0          |  out|   32|   ap_memory|     output_20|         array|
|output_21_address0    |  out|    9|   ap_memory|     output_21|         array|
|output_21_ce0         |  out|    1|   ap_memory|     output_21|         array|
|output_21_we0         |  out|    1|   ap_memory|     output_21|         array|
|output_21_d0          |  out|   32|   ap_memory|     output_21|         array|
|output_22_address0    |  out|    9|   ap_memory|     output_22|         array|
|output_22_ce0         |  out|    1|   ap_memory|     output_22|         array|
|output_22_we0         |  out|    1|   ap_memory|     output_22|         array|
|output_22_d0          |  out|   32|   ap_memory|     output_22|         array|
|output_23_address0    |  out|    9|   ap_memory|     output_23|         array|
|output_23_ce0         |  out|    1|   ap_memory|     output_23|         array|
|output_23_we0         |  out|    1|   ap_memory|     output_23|         array|
|output_23_d0          |  out|   32|   ap_memory|     output_23|         array|
|output_24_address0    |  out|    9|   ap_memory|     output_24|         array|
|output_24_ce0         |  out|    1|   ap_memory|     output_24|         array|
|output_24_we0         |  out|    1|   ap_memory|     output_24|         array|
|output_24_d0          |  out|   32|   ap_memory|     output_24|         array|
|output_25_address0    |  out|    9|   ap_memory|     output_25|         array|
|output_25_ce0         |  out|    1|   ap_memory|     output_25|         array|
|output_25_we0         |  out|    1|   ap_memory|     output_25|         array|
|output_25_d0          |  out|   32|   ap_memory|     output_25|         array|
|output_26_address0    |  out|    9|   ap_memory|     output_26|         array|
|output_26_ce0         |  out|    1|   ap_memory|     output_26|         array|
|output_26_we0         |  out|    1|   ap_memory|     output_26|         array|
|output_26_d0          |  out|   32|   ap_memory|     output_26|         array|
|output_27_address0    |  out|    9|   ap_memory|     output_27|         array|
|output_27_ce0         |  out|    1|   ap_memory|     output_27|         array|
|output_27_we0         |  out|    1|   ap_memory|     output_27|         array|
|output_27_d0          |  out|   32|   ap_memory|     output_27|         array|
|output_28_address0    |  out|    9|   ap_memory|     output_28|         array|
|output_28_ce0         |  out|    1|   ap_memory|     output_28|         array|
|output_28_we0         |  out|    1|   ap_memory|     output_28|         array|
|output_28_d0          |  out|   32|   ap_memory|     output_28|         array|
|output_29_address0    |  out|    9|   ap_memory|     output_29|         array|
|output_29_ce0         |  out|    1|   ap_memory|     output_29|         array|
|output_29_we0         |  out|    1|   ap_memory|     output_29|         array|
|output_29_d0          |  out|   32|   ap_memory|     output_29|         array|
|output_30_address0    |  out|    9|   ap_memory|     output_30|         array|
|output_30_ce0         |  out|    1|   ap_memory|     output_30|         array|
|output_30_we0         |  out|    1|   ap_memory|     output_30|         array|
|output_30_d0          |  out|   32|   ap_memory|     output_30|         array|
|output_31_address0    |  out|    9|   ap_memory|     output_31|         array|
|output_31_ce0         |  out|    1|   ap_memory|     output_31|         array|
|output_31_we0         |  out|    1|   ap_memory|     output_31|         array|
|output_31_d0          |  out|   32|   ap_memory|     output_31|         array|
|output_32_address0    |  out|    9|   ap_memory|     output_32|         array|
|output_32_ce0         |  out|    1|   ap_memory|     output_32|         array|
|output_32_we0         |  out|    1|   ap_memory|     output_32|         array|
|output_32_d0          |  out|   32|   ap_memory|     output_32|         array|
|output_33_address0    |  out|    9|   ap_memory|     output_33|         array|
|output_33_ce0         |  out|    1|   ap_memory|     output_33|         array|
|output_33_we0         |  out|    1|   ap_memory|     output_33|         array|
|output_33_d0          |  out|   32|   ap_memory|     output_33|         array|
|output_34_address0    |  out|    9|   ap_memory|     output_34|         array|
|output_34_ce0         |  out|    1|   ap_memory|     output_34|         array|
|output_34_we0         |  out|    1|   ap_memory|     output_34|         array|
|output_34_d0          |  out|   32|   ap_memory|     output_34|         array|
|output_35_address0    |  out|    9|   ap_memory|     output_35|         array|
|output_35_ce0         |  out|    1|   ap_memory|     output_35|         array|
|output_35_we0         |  out|    1|   ap_memory|     output_35|         array|
|output_35_d0          |  out|   32|   ap_memory|     output_35|         array|
|output_36_address0    |  out|    9|   ap_memory|     output_36|         array|
|output_36_ce0         |  out|    1|   ap_memory|     output_36|         array|
|output_36_we0         |  out|    1|   ap_memory|     output_36|         array|
|output_36_d0          |  out|   32|   ap_memory|     output_36|         array|
|output_37_address0    |  out|    9|   ap_memory|     output_37|         array|
|output_37_ce0         |  out|    1|   ap_memory|     output_37|         array|
|output_37_we0         |  out|    1|   ap_memory|     output_37|         array|
|output_37_d0          |  out|   32|   ap_memory|     output_37|         array|
|output_38_address0    |  out|    9|   ap_memory|     output_38|         array|
|output_38_ce0         |  out|    1|   ap_memory|     output_38|         array|
|output_38_we0         |  out|    1|   ap_memory|     output_38|         array|
|output_38_d0          |  out|   32|   ap_memory|     output_38|         array|
|output_39_address0    |  out|    9|   ap_memory|     output_39|         array|
|output_39_ce0         |  out|    1|   ap_memory|     output_39|         array|
|output_39_we0         |  out|    1|   ap_memory|     output_39|         array|
|output_39_d0          |  out|   32|   ap_memory|     output_39|         array|
|output_40_address0    |  out|    9|   ap_memory|     output_40|         array|
|output_40_ce0         |  out|    1|   ap_memory|     output_40|         array|
|output_40_we0         |  out|    1|   ap_memory|     output_40|         array|
|output_40_d0          |  out|   32|   ap_memory|     output_40|         array|
|output_41_address0    |  out|    9|   ap_memory|     output_41|         array|
|output_41_ce0         |  out|    1|   ap_memory|     output_41|         array|
|output_41_we0         |  out|    1|   ap_memory|     output_41|         array|
|output_41_d0          |  out|   32|   ap_memory|     output_41|         array|
|output_42_address0    |  out|    9|   ap_memory|     output_42|         array|
|output_42_ce0         |  out|    1|   ap_memory|     output_42|         array|
|output_42_we0         |  out|    1|   ap_memory|     output_42|         array|
|output_42_d0          |  out|   32|   ap_memory|     output_42|         array|
|output_43_address0    |  out|    9|   ap_memory|     output_43|         array|
|output_43_ce0         |  out|    1|   ap_memory|     output_43|         array|
|output_43_we0         |  out|    1|   ap_memory|     output_43|         array|
|output_43_d0          |  out|   32|   ap_memory|     output_43|         array|
|output_44_address0    |  out|    9|   ap_memory|     output_44|         array|
|output_44_ce0         |  out|    1|   ap_memory|     output_44|         array|
|output_44_we0         |  out|    1|   ap_memory|     output_44|         array|
|output_44_d0          |  out|   32|   ap_memory|     output_44|         array|
|output_45_address0    |  out|    9|   ap_memory|     output_45|         array|
|output_45_ce0         |  out|    1|   ap_memory|     output_45|         array|
|output_45_we0         |  out|    1|   ap_memory|     output_45|         array|
|output_45_d0          |  out|   32|   ap_memory|     output_45|         array|
|output_46_address0    |  out|    9|   ap_memory|     output_46|         array|
|output_46_ce0         |  out|    1|   ap_memory|     output_46|         array|
|output_46_we0         |  out|    1|   ap_memory|     output_46|         array|
|output_46_d0          |  out|   32|   ap_memory|     output_46|         array|
|output_47_address0    |  out|    9|   ap_memory|     output_47|         array|
|output_47_ce0         |  out|    1|   ap_memory|     output_47|         array|
|output_47_we0         |  out|    1|   ap_memory|     output_47|         array|
|output_47_d0          |  out|   32|   ap_memory|     output_47|         array|
|output_48_address0    |  out|    9|   ap_memory|     output_48|         array|
|output_48_ce0         |  out|    1|   ap_memory|     output_48|         array|
|output_48_we0         |  out|    1|   ap_memory|     output_48|         array|
|output_48_d0          |  out|   32|   ap_memory|     output_48|         array|
|output_49_address0    |  out|    9|   ap_memory|     output_49|         array|
|output_49_ce0         |  out|    1|   ap_memory|     output_49|         array|
|output_49_we0         |  out|    1|   ap_memory|     output_49|         array|
|output_49_d0          |  out|   32|   ap_memory|     output_49|         array|
|output_50_address0    |  out|    9|   ap_memory|     output_50|         array|
|output_50_ce0         |  out|    1|   ap_memory|     output_50|         array|
|output_50_we0         |  out|    1|   ap_memory|     output_50|         array|
|output_50_d0          |  out|   32|   ap_memory|     output_50|         array|
|output_51_address0    |  out|    9|   ap_memory|     output_51|         array|
|output_51_ce0         |  out|    1|   ap_memory|     output_51|         array|
|output_51_we0         |  out|    1|   ap_memory|     output_51|         array|
|output_51_d0          |  out|   32|   ap_memory|     output_51|         array|
|output_52_address0    |  out|    9|   ap_memory|     output_52|         array|
|output_52_ce0         |  out|    1|   ap_memory|     output_52|         array|
|output_52_we0         |  out|    1|   ap_memory|     output_52|         array|
|output_52_d0          |  out|   32|   ap_memory|     output_52|         array|
|output_53_address0    |  out|    9|   ap_memory|     output_53|         array|
|output_53_ce0         |  out|    1|   ap_memory|     output_53|         array|
|output_53_we0         |  out|    1|   ap_memory|     output_53|         array|
|output_53_d0          |  out|   32|   ap_memory|     output_53|         array|
|output_54_address0    |  out|    9|   ap_memory|     output_54|         array|
|output_54_ce0         |  out|    1|   ap_memory|     output_54|         array|
|output_54_we0         |  out|    1|   ap_memory|     output_54|         array|
|output_54_d0          |  out|   32|   ap_memory|     output_54|         array|
|output_55_address0    |  out|    9|   ap_memory|     output_55|         array|
|output_55_ce0         |  out|    1|   ap_memory|     output_55|         array|
|output_55_we0         |  out|    1|   ap_memory|     output_55|         array|
|output_55_d0          |  out|   32|   ap_memory|     output_55|         array|
|output_56_address0    |  out|    9|   ap_memory|     output_56|         array|
|output_56_ce0         |  out|    1|   ap_memory|     output_56|         array|
|output_56_we0         |  out|    1|   ap_memory|     output_56|         array|
|output_56_d0          |  out|   32|   ap_memory|     output_56|         array|
|output_57_address0    |  out|    9|   ap_memory|     output_57|         array|
|output_57_ce0         |  out|    1|   ap_memory|     output_57|         array|
|output_57_we0         |  out|    1|   ap_memory|     output_57|         array|
|output_57_d0          |  out|   32|   ap_memory|     output_57|         array|
|output_58_address0    |  out|    9|   ap_memory|     output_58|         array|
|output_58_ce0         |  out|    1|   ap_memory|     output_58|         array|
|output_58_we0         |  out|    1|   ap_memory|     output_58|         array|
|output_58_d0          |  out|   32|   ap_memory|     output_58|         array|
|output_59_address0    |  out|    9|   ap_memory|     output_59|         array|
|output_59_ce0         |  out|    1|   ap_memory|     output_59|         array|
|output_59_we0         |  out|    1|   ap_memory|     output_59|         array|
|output_59_d0          |  out|   32|   ap_memory|     output_59|         array|
|output_60_address0    |  out|    9|   ap_memory|     output_60|         array|
|output_60_ce0         |  out|    1|   ap_memory|     output_60|         array|
|output_60_we0         |  out|    1|   ap_memory|     output_60|         array|
|output_60_d0          |  out|   32|   ap_memory|     output_60|         array|
|output_61_address0    |  out|    9|   ap_memory|     output_61|         array|
|output_61_ce0         |  out|    1|   ap_memory|     output_61|         array|
|output_61_we0         |  out|    1|   ap_memory|     output_61|         array|
|output_61_d0          |  out|   32|   ap_memory|     output_61|         array|
|output_62_address0    |  out|    9|   ap_memory|     output_62|         array|
|output_62_ce0         |  out|    1|   ap_memory|     output_62|         array|
|output_62_we0         |  out|    1|   ap_memory|     output_62|         array|
|output_62_d0          |  out|   32|   ap_memory|     output_62|         array|
|output_63_address0    |  out|    9|   ap_memory|     output_63|         array|
|output_63_ce0         |  out|    1|   ap_memory|     output_63|         array|
|output_63_we0         |  out|    1|   ap_memory|     output_63|         array|
|output_63_d0          |  out|   32|   ap_memory|     output_63|         array|
+----------------------+-----+-----+------------+--------------+--------------+

