

================================================================
== Vitis HLS Report for 'conv2d'
================================================================
* Date:           Sat Dec 23 21:26:59 2023

* Version:        2020.2 (Build 3064766 on Wed Nov 18 09:12:47 MST 2020)
* Project:        cnn
* Solution:       solution1 (Vivado IP Flow Target)
* Product family: zynquplus
* Target device:  xczu3eg-sbva484-1-e


================================================================
== Performance Estimates
================================================================
+ Timing: 
    * Summary: 
    +--------+----------+-----------+------------+
    |  Clock |  Target  | Estimated | Uncertainty|
    +--------+----------+-----------+------------+
    |ap_clk  |  10.00 ns|  12.036 ns|     2.70 ns|
    +--------+----------+-----------+------------+

+ Latency: 
    * Summary: 
    +---------+---------+-----------+-----------+---------+---------+---------+
    |  Latency (cycles) |   Latency (absolute)  |      Interval     | Pipeline|
    |   min   |   max   |    min    |    max    |   min   |   max   |   Type  |
    +---------+---------+-----------+-----------+---------+---------+---------+
    |  6028725|  6028725|  72.562 ms|  72.562 ms|  6028725|  6028725|     none|
    +---------+---------+-----------+-----------+---------+---------+---------+

    + Detail: 
        * Instance: 
        N/A

        * Loop: 
        +-------------------------------------------------------------------+---------+---------+----------+-----------+-----------+-------+----------+
        |                                                                   |  Latency (cycles) | Iteration|  Initiation Interval  |  Trip |          |
        |                             Loop Name                             |   min   |   max   |  Latency |  achieved |   target  | Count | Pipelined|
        +-------------------------------------------------------------------+---------+---------+----------+-----------+-----------+-------+----------+
        |- VITIS_LOOP_67_1_VITIS_LOOP_73_3_VITIS_LOOP_76_4_VITIS_LOOP_79_5  |  5993859|  5993859|       172|          -|          -|  34848|        no|
        | + VITIS_LOOP_82_6                                                 |      149|      149|        26|          4|          1|     32|       yes|
        |- VITIS_LOOP_104_7_VITIS_LOOP_107_8_VITIS_LOOP_110_9               |    34863|    34863|        25|          9|          1|   3872|       yes|
        +-------------------------------------------------------------------+---------+---------+----------+-----------+-----------+-------+----------+



================================================================
== Utilization Estimates
================================================================
* Summary: 
+-----------------+---------+-----+--------+-------+-----+
|       Name      | BRAM_18K| DSP |   FF   |  LUT  | URAM|
+-----------------+---------+-----+--------+-------+-----+
|DSP              |        -|    6|       -|      -|    -|
|Expression       |        -|    -|       0|   1011|    -|
|FIFO             |        -|    -|       -|      -|    -|
|Instance         |        -|    0|    1011|    760|    -|
|Memory           |       19|    -|       0|      0|    -|
|Multiplexer      |        -|    -|       -|   3834|    -|
|Register         |        -|    -|    1618|    160|    -|
+-----------------+---------+-----+--------+-------+-----+
|Total            |       19|    6|    2629|   5765|    0|
+-----------------+---------+-----+--------+-------+-----+
|Available        |      432|  360|  141120|  70560|    0|
+-----------------+---------+-----+--------+-------+-----+
|Utilization (%)  |        4|    1|       1|      8|    0|
+-----------------+---------+-----+--------+-------+-----+

+ Detail: 
    * Instance: 
    +--------------------------------+---------------------------+---------+----+-----+-----+-----+
    |            Instance            |           Module          | BRAM_18K| DSP|  FF | LUT | URAM|
    +--------------------------------+---------------------------+---------+----+-----+-----+-----+
    |mul_4ns_5ns_7_1_1_U885          |mul_4ns_5ns_7_1_1          |        0|   0|    0|   17|    0|
    |mul_4ns_5ns_7_1_1_U886          |mul_4ns_5ns_7_1_1          |        0|   0|    0|   17|    0|
    |mul_4ns_5ns_7_1_1_U890          |mul_4ns_5ns_7_1_1          |        0|   0|    0|   17|    0|
    |mul_4ns_5ns_7_1_1_U891          |mul_4ns_5ns_7_1_1          |        0|   0|    0|   17|    0|
    |mul_4ns_5ns_8_1_1_U888          |mul_4ns_5ns_8_1_1          |        0|   0|    0|   17|    0|
    |urem_12ns_7ns_12_16_1_U892      |urem_12ns_7ns_12_16_1      |        0|   0|  399|  281|    0|
    |urem_12ns_7ns_12_16_seq_1_U887  |urem_12ns_7ns_12_16_seq_1  |        0|   0|  154|   69|    0|
    |urem_13ns_8ns_13_17_1_U889      |urem_13ns_8ns_13_17_1      |        0|   0|  458|  325|    0|
    +--------------------------------+---------------------------+---------+----+-----+-----+-----+
    |Total                           |                           |        0|   0| 1011|  760|    0|
    +--------------------------------+---------------------------+---------+----+-----+-----+-----+

    * DSP: 
    +-----------------------------------+------------------------------+--------------+
    |              Instance             |            Module            |  Expression  |
    +-----------------------------------+------------------------------+--------------+
    |mac_muladd_4ns_5ns_4ns_8_4_1_U893  |mac_muladd_4ns_5ns_4ns_8_4_1  |  i0 * i1 + i2|
    |mac_muladd_4ns_5ns_4ns_8_4_1_U894  |mac_muladd_4ns_5ns_4ns_8_4_1  |  i0 * i1 + i2|
    |mac_muladd_4ns_5ns_4ns_8_4_1_U895  |mac_muladd_4ns_5ns_4ns_8_4_1  |  i0 * i1 + i2|
    |mul_mul_12ns_14ns_25_4_1_U896      |mul_mul_12ns_14ns_25_4_1      |       i0 * i1|
    |mul_mul_12ns_14ns_25_4_1_U898      |mul_mul_12ns_14ns_25_4_1      |       i0 * i1|
    |mul_mul_13ns_15ns_27_4_1_U897      |mul_mul_13ns_15ns_27_4_1      |       i0 * i1|
    +-----------------------------------+------------------------------+--------------+

    * Memory: 
    +-------------------+------------------------+---------+---+----+-----+------+-----+------+-------------+
    |       Memory      |         Module         | BRAM_18K| FF| LUT| URAM| Words| Bits| Banks| W*Bits*Banks|
    +-------------------+------------------------+---------+---+----+-----+------+-----+------+-------------+
    |layer_6_bias_U     |conv2d_layer_6_bias     |        1|  0|   0|    0|    32|   32|     1|         1024|
    |layer_6_weights_U  |conv2d_layer_6_weights  |       18|  0|   0|    0|  9216|   32|     1|       294912|
    +-------------------+------------------------+---------+---+----+-----+------+-----+------+-------------+
    |Total              |                        |       19|  0|   0|    0|  9248|   64|     2|       295936|
    +-------------------+------------------------+---------+---+----+-----+------+-----+------+-------------+

    * FIFO: 
    N/A

    * Expression: 
    +-------------------------------------------+----------+----+---+----+------------+------------+
    |               Variable Name               | Operation| DSP| FF| LUT| Bitwidth P0| Bitwidth P1|
    +-------------------------------------------+----------+----+---+----+------------+------------+
    |add13_mid1127_fu_4056_p2                   |         +|   0|  0|  15|           8|           1|
    |add_fu_3533_p2                             |         +|   0|  0|  12|           4|           4|
    |add_ln104_3_fu_4442_p2                     |         +|   0|  0|  12|           4|           1|
    |add_ln104_fu_4397_p2                       |         +|   0|  0|  19|          12|           1|
    |add_ln107_3_fu_4598_p2                     |         +|   0|  0|  17|          10|           1|
    |add_ln110_fu_4608_p2                       |         +|   0|  0|  13|           6|           1|
    |add_ln113_fu_4573_p2                       |         +|   0|  0|  19|          12|          12|
    |add_ln67_fu_3547_p2                        |         +|   0|  0|  23|          16|           1|
    |add_ln70_3_fu_4374_p2                      |         +|   0|  0|  20|          13|           1|
    |add_ln73_fu_4361_p2                        |         +|   0|  0|  16|           9|           1|
    |add_ln76_fu_4348_p2                        |         +|   0|  0|  15|           8|           1|
    |add_ln79_fu_4343_p2                        |         +|   0|  0|  13|           6|           1|
    |add_ln82_fu_4213_p2                        |         +|   0|  0|  13|           6|           1|
    |add_ln88_fu_4229_p2                        |         +|   0|  0|  20|          13|          13|
    |add_ln92_fu_4333_p2                        |         +|   0|  0|  21|          14|          14|
    |add_mid143_fu_3796_p2                      |         +|   0|  0|  12|           4|           2|
    |add_mid1_fu_3876_p2                        |         +|   0|  0|  12|           4|           4|
    |i_13_fu_3640_p2                            |         +|   0|  0|  12|           4|           1|
    |ii_12_fu_3748_p2                           |         +|   0|  0|  12|           4|           1|
    |ii_13_fu_4497_p2                           |         +|   0|  0|  12|           4|           1|
    |mul1227_fu_3629_p2                         |         +|   0|  0|  15|           8|           8|
    |mul1227_mid119_fu_4085_p2                  |         +|   0|  0|  15|           8|           2|
    |mul1227_mid173_fu_4074_p2                  |         +|   0|  0|  15|           8|           2|
    |mul1227_mid1_fu_4093_p2                    |         +|   0|  0|  15|           8|           8|
    |mul2345_fu_3634_p2                         |         +|   0|  0|  12|           4|           4|
    |mul2345_mid1_fu_3990_p2                    |         +|   0|  0|  12|           4|           4|
    |mul4351_fu_3577_p2                         |         +|   0|  0|  14|           7|           7|
    |mul4351_mid1107_fu_3684_p2                 |         +|   0|  0|  14|           7|           5|
    |mul4351_mid1_fu_3782_p2                    |         +|   0|  0|  14|           7|           7|
    |mul74111_fu_4417_p2                        |         +|   0|  0|  14|           7|           7|
    |mul74111_mid1181_fu_4465_p2                |         +|   0|  0|  14|           7|           5|
    |mul74111_mid1_fu_4531_p2                   |         +|   0|  0|  14|           7|           7|
    |tmp1_fu_3611_p2                            |         +|   0|  0|   7|           4|           1|
    |tmp1_mid1_fu_3914_p2                       |         +|   0|  0|  12|           4|           1|
    |tmp3_fu_4407_p2                            |         +|   0|  0|  12|           5|           5|
    |tmp3_mid1_fu_4521_p2                       |         +|   0|  0|  12|           5|           5|
    |tmp_fu_3567_p2                             |         +|   0|  0|  12|           5|           5|
    |tmp_mid1_fu_3772_p2                        |         +|   0|  0|  12|           5|           5|
    |v_1_dup_fu_3846_p2                         |         +|   0|  0|  10|           3|           1|
    |v_1_fu_3583_p2                             |         +|   0|  0|  10|           3|           1|
    |v_1_mid1_fu_3886_p2                        |         +|   0|  0|  10|           3|           2|
    |vi_1_dup_fu_3956_p2                        |         +|   0|  0|  10|           3|           1|
    |mul21_fu_3605_p2                           |         -|   0|  0|   7|           4|           4|
    |mul21_mid1_fu_3908_p2                      |         -|   0|  0|  12|           4|           4|
    |and_ln104_fu_4483_p2                       |       and|   0|  0|   2|           1|           1|
    |and_ln49_fu_4723_p2                        |       and|   0|  0|   2|           1|           1|
    |and_ln67_5_fu_3722_p2                      |       and|   0|  0|   2|           1|           1|
    |and_ln67_6_fu_3734_p2                      |       and|   0|  0|   2|           1|           1|
    |and_ln67_fu_3710_p2                        |       and|   0|  0|   2|           1|           1|
    |and_ln73_fu_3942_p2                        |       and|   0|  0|   2|           1|           1|
    |ap_condition_1722                          |       and|   0|  0|   2|           1|           1|
    |exitcond_flatten_mid284_fu_3840_p2         |       and|   0|  0|   2|           1|           1|
    |icmp_ln79_mid282_fu_3834_p2                |       and|   0|  0|   2|           1|           1|
    |icmp_ln104_fu_4422_p2                      |      icmp|   0|  0|  12|          12|           9|
    |icmp_ln107_fu_4428_p2                      |      icmp|   0|  0|  11|          10|           9|
    |icmp_ln110_fu_4477_p2                      |      icmp|   0|  0|  10|           6|           7|
    |icmp_ln49_8_fu_4711_p2                     |      icmp|   0|  0|  16|          23|           1|
    |icmp_ln49_fu_4705_p2                       |      icmp|   0|  0|  11|           8|           2|
    |icmp_ln67_fu_3646_p2                       |      icmp|   0|  0|  13|          16|          16|
    |icmp_ln70_fu_3652_p2                       |      icmp|   0|  0|  12|          13|          12|
    |icmp_ln73_fu_3728_p2                       |      icmp|   0|  0|  11|           9|           9|
    |icmp_ln76_fu_3716_p2                       |      icmp|   0|  0|  11|           8|           7|
    |icmp_ln79_fu_3704_p2                       |      icmp|   0|  0|  10|           6|           7|
    |icmp_ln82_fu_4219_p2                       |      icmp|   0|  0|  10|           6|           7|
    |empty_96_fu_3754_p2                        |        or|   0|  0|   2|           1|           1|
    |not_exitcond_flatten31_mid2156_fu_3828_p2  |        or|   0|  0|   2|           1|           1|
    |or_ln107_fu_4503_p2                        |        or|   0|  0|   2|           1|           1|
    |or_ln49_fu_4717_p2                         |        or|   0|  0|   2|           1|           1|
    |or_ln73_3_fu_3858_p2                       |        or|   0|  0|   2|           1|           1|
    |or_ln73_fu_3852_p2                         |        or|   0|  0|   2|           1|           1|
    |or_ln76_3_fu_3968_p2                       |        or|   0|  0|   2|           1|           1|
    |or_ln76_fu_3962_p2                         |        or|   0|  0|   2|           1|           1|
    |add13_mid258_fu_4068_p3                    |    select|   0|  0|   8|           1|           8|
    |empty_99_fu_4105_p3                        |    select|   0|  0|   8|           1|           8|
    |ii_cast5_mid2_fu_4037_p3                   |    select|   0|  0|   4|           1|           4|
    |mul2345_mid280_fu_3814_p3                  |    select|   0|  0|   4|           1|           1|
    |mul4351_mid2_fu_3788_p3                    |    select|   0|  0|   7|           1|           7|
    |select_ln104_7_fu_4458_p3                  |    select|   0|  0|   7|           1|           7|
    |select_ln104_8_fu_4489_p3                  |    select|   0|  0|   4|           1|           4|
    |select_ln104_9_fu_4537_p3                  |    select|   0|  0|   7|           1|           7|
    |select_ln104_fu_4434_p3                    |    select|   0|  0|   4|           1|           1|
    |select_ln107_7_fu_4545_p3                  |    select|   0|  0|   7|           1|           7|
    |select_ln107_8_fu_4561_p3                  |    select|   0|  0|   4|           1|           4|
    |select_ln107_9_fu_4613_p3                  |    select|   0|  0|   9|           1|           1|
    |select_ln107_fu_4509_p3                    |    select|   0|  0|   6|           1|           1|
    |select_ln49_fu_4729_p3                     |    select|   0|  0|  32|           1|           1|
    |select_ln67_11_fu_3676_p3                  |    select|   0|  0|   7|           1|           7|
    |select_ln67_12_fu_3690_p3                  |    select|   0|  0|   7|           1|           7|
    |select_ln67_13_fu_4062_p3                  |    select|   0|  0|   8|           1|           8|
    |select_ln67_14_fu_3740_p3                  |    select|   0|  0|   4|           1|           4|
    |select_ln67_15_fu_4099_p3                  |    select|   0|  0|   8|           1|           8|
    |select_ln67_fu_3658_p3                     |    select|   0|  0|   4|           1|           1|
    |select_ln70_fu_4380_p3                     |    select|   0|  0|  13|           1|           1|
    |select_ln73_13_fu_4079_p3                  |    select|   0|  0|   8|           1|           8|
    |select_ln73_14_fu_3920_p3                  |    select|   0|  0|   4|           1|           4|
    |select_ln73_15_fu_3928_p3                  |    select|   0|  0|   4|           1|           4|
    |select_ln73_16_fu_3948_p3                  |    select|   0|  0|   3|           1|           3|
    |select_ln73_17_fu_4112_p3                  |    select|   0|  0|   8|           1|           8|
    |select_ln73_18_fu_4367_p3                  |    select|   0|  0|   8|           1|           1|
    |select_ln73_fu_3864_p3                     |    select|   0|  0|   3|           1|           2|
    |select_ln76_10_fu_3996_p3                  |    select|   0|  0|   4|           1|           4|
    |select_ln76_11_fu_4004_p3                  |    select|   0|  0|   3|           1|           3|
    |select_ln76_12_fu_4354_p3                  |    select|   0|  0|   8|           1|           1|
    |select_ln76_9_fu_4119_p3                   |    select|   0|  0|   8|           1|           8|
    |select_ln76_fu_3974_p3                     |    select|   0|  0|   6|           1|           1|
    |tmp1_mid260_fu_3806_p3                     |    select|   0|  0|   4|           1|           1|
    |v_mid237_fu_3760_p3                        |    select|   0|  0|   3|           1|           2|
    |ap_enable_pp0                              |       xor|   0|  0|   2|           1|           2|
    |ap_enable_pp1                              |       xor|   0|  0|   2|           1|           2|
    |exitcond_flatten31_not_fu_3822_p2          |       xor|   0|  0|   2|           1|           2|
    |xor_ln104_fu_4471_p2                       |       xor|   0|  0|   2|           1|           2|
    |xor_ln67_fu_3698_p2                        |       xor|   0|  0|   2|           1|           2|
    |xor_ln73_fu_3936_p2                        |       xor|   0|  0|   2|           1|           2|
    +-------------------------------------------+----------+----+---+----+------------+------------+
    |Total                                      |          |   0|  0|1011|         466|         426|
    +-------------------------------------------+----------+----+---+----+------------+------------+

    * Multiplexer: 
    +---------------------------------------------+-----+-----------+-----+-----------+
    |                     Name                    | LUT | Input Size| Bits| Total Bits|
    +---------------------------------------------+-----+-----------+-----+-----------+
    |add5135_reg_3042                             |    9|          2|   32|         64|
    |ap_NS_fsm                                    |  169|         38|    1|         38|
    |ap_enable_reg_pp0_iter6                      |    9|          2|    1|          2|
    |ap_enable_reg_pp1_iter2                      |    9|          2|    1|          2|
    |ap_phi_mux_add5135_ph_phi_fu_2836_p128       |  284|         65|   32|       2080|
    |ap_phi_mux_add5135_phi_fu_3109_p4            |    9|          2|   32|         64|
    |ap_phi_mux_i_9_phi_fu_3319_p4                |    9|          2|    4|          8|
    |ap_phi_mux_ii_2_phi_fu_3354_p4               |    9|          2|    4|          8|
    |ap_phi_mux_iii_phi_fu_3365_p4                |    9|          2|    6|         12|
    |ap_phi_mux_indvar_flatten165_phi_fu_3342_p4  |    9|          2|   10|         20|
    |ap_phi_mux_indvar_flatten189_phi_fu_3331_p4  |    9|          2|   12|         24|
    |ap_phi_mux_iv_phi_fu_3035_p4                 |    9|          2|    6|         12|
    |ap_phi_mux_phi_ln88_phi_fu_3120_p128         |  284|         65|   32|       2080|
    |ap_phi_reg_pp1_iter2_phi_ln115_reg_3372      |  284|         65|   32|       2080|
    |grp_fu_3506_p0                               |   14|          3|   32|         96|
    |grp_fu_3506_p1                               |   14|          3|   32|         96|
    |i_9_reg_3315                                 |    9|          2|    4|          8|
    |i_reg_2728                                   |    9|          2|    4|          8|
    |ii_2_reg_3350                                |    9|          2|    4|          8|
    |ii_reg_2752                                  |    9|          2|    4|          8|
    |iii_1_reg_2822                               |    9|          2|    6|         12|
    |iii_reg_3361                                 |    9|          2|    6|         12|
    |indvar_flatten157_reg_2764                   |    9|          2|   16|         32|
    |indvar_flatten165_reg_3338                   |    9|          2|   10|         20|
    |indvar_flatten189_reg_3327                   |    9|          2|   12|         24|
    |indvar_flatten29_reg_2787                    |    9|          2|    9|         18|
    |indvar_flatten85_reg_2775                    |    9|          2|   13|         26|
    |indvar_flatten_reg_2799                      |    9|          2|    8|         16|
    |iv_reg_3031                                  |    9|          2|    6|         12|
    |output_0_address0                            |   26|          5|    6|         30|
    |output_0_d0                                  |   14|          3|   32|         96|
    |output_10_address0                           |   26|          5|    6|         30|
    |output_10_d0                                 |   14|          3|   32|         96|
    |output_11_address0                           |   26|          5|    6|         30|
    |output_11_d0                                 |   14|          3|   32|         96|
    |output_12_address0                           |   26|          5|    6|         30|
    |output_12_d0                                 |   14|          3|   32|         96|
    |output_13_address0                           |   26|          5|    6|         30|
    |output_13_d0                                 |   14|          3|   32|         96|
    |output_14_address0                           |   26|          5|    6|         30|
    |output_14_d0                                 |   14|          3|   32|         96|
    |output_15_address0                           |   26|          5|    6|         30|
    |output_15_d0                                 |   14|          3|   32|         96|
    |output_16_address0                           |   26|          5|    6|         30|
    |output_16_d0                                 |   14|          3|   32|         96|
    |output_17_address0                           |   26|          5|    6|         30|
    |output_17_d0                                 |   14|          3|   32|         96|
    |output_18_address0                           |   26|          5|    6|         30|
    |output_18_d0                                 |   14|          3|   32|         96|
    |output_19_address0                           |   26|          5|    6|         30|
    |output_19_d0                                 |   14|          3|   32|         96|
    |output_1_address0                            |   26|          5|    6|         30|
    |output_1_d0                                  |   14|          3|   32|         96|
    |output_20_address0                           |   26|          5|    6|         30|
    |output_20_d0                                 |   14|          3|   32|         96|
    |output_21_address0                           |   26|          5|    6|         30|
    |output_21_d0                                 |   14|          3|   32|         96|
    |output_22_address0                           |   26|          5|    6|         30|
    |output_22_d0                                 |   14|          3|   32|         96|
    |output_23_address0                           |   26|          5|    6|         30|
    |output_23_d0                                 |   14|          3|   32|         96|
    |output_24_address0                           |   26|          5|    6|         30|
    |output_24_d0                                 |   14|          3|   32|         96|
    |output_25_address0                           |   26|          5|    6|         30|
    |output_25_d0                                 |   14|          3|   32|         96|
    |output_26_address0                           |   26|          5|    6|         30|
    |output_26_d0                                 |   14|          3|   32|         96|
    |output_27_address0                           |   26|          5|    6|         30|
    |output_27_d0                                 |   14|          3|   32|         96|
    |output_28_address0                           |   26|          5|    6|         30|
    |output_28_d0                                 |   14|          3|   32|         96|
    |output_29_address0                           |   26|          5|    6|         30|
    |output_29_d0                                 |   14|          3|   32|         96|
    |output_2_address0                            |   26|          5|    6|         30|
    |output_2_d0                                  |   14|          3|   32|         96|
    |output_30_address0                           |   26|          5|    6|         30|
    |output_30_d0                                 |   14|          3|   32|         96|
    |output_31_address0                           |   26|          5|    6|         30|
    |output_31_d0                                 |   14|          3|   32|         96|
    |output_32_address0                           |   26|          5|    6|         30|
    |output_32_d0                                 |   14|          3|   32|         96|
    |output_33_address0                           |   26|          5|    6|         30|
    |output_33_d0                                 |   14|          3|   32|         96|
    |output_34_address0                           |   26|          5|    6|         30|
    |output_34_d0                                 |   14|          3|   32|         96|
    |output_35_address0                           |   26|          5|    6|         30|
    |output_35_d0                                 |   14|          3|   32|         96|
    |output_36_address0                           |   26|          5|    6|         30|
    |output_36_d0                                 |   14|          3|   32|         96|
    |output_37_address0                           |   26|          5|    6|         30|
    |output_37_d0                                 |   14|          3|   32|         96|
    |output_38_address0                           |   26|          5|    6|         30|
    |output_38_d0                                 |   14|          3|   32|         96|
    |output_39_address0                           |   26|          5|    6|         30|
    |output_39_d0                                 |   14|          3|   32|         96|
    |output_3_address0                            |   26|          5|    6|         30|
    |output_3_d0                                  |   14|          3|   32|         96|
    |output_40_address0                           |   26|          5|    6|         30|
    |output_40_d0                                 |   14|          3|   32|         96|
    |output_41_address0                           |   26|          5|    6|         30|
    |output_41_d0                                 |   14|          3|   32|         96|
    |output_42_address0                           |   26|          5|    6|         30|
    |output_42_d0                                 |   14|          3|   32|         96|
    |output_43_address0                           |   26|          5|    6|         30|
    |output_43_d0                                 |   14|          3|   32|         96|
    |output_44_address0                           |   26|          5|    6|         30|
    |output_44_d0                                 |   14|          3|   32|         96|
    |output_45_address0                           |   26|          5|    6|         30|
    |output_45_d0                                 |   14|          3|   32|         96|
    |output_46_address0                           |   26|          5|    6|         30|
    |output_46_d0                                 |   14|          3|   32|         96|
    |output_47_address0                           |   26|          5|    6|         30|
    |output_47_d0                                 |   14|          3|   32|         96|
    |output_48_address0                           |   26|          5|    6|         30|
    |output_48_d0                                 |   14|          3|   32|         96|
    |output_49_address0                           |   26|          5|    6|         30|
    |output_49_d0                                 |   14|          3|   32|         96|
    |output_4_address0                            |   26|          5|    6|         30|
    |output_4_d0                                  |   14|          3|   32|         96|
    |output_50_address0                           |   26|          5|    6|         30|
    |output_50_d0                                 |   14|          3|   32|         96|
    |output_51_address0                           |   26|          5|    6|         30|
    |output_51_d0                                 |   14|          3|   32|         96|
    |output_52_address0                           |   26|          5|    6|         30|
    |output_52_d0                                 |   14|          3|   32|         96|
    |output_53_address0                           |   26|          5|    6|         30|
    |output_53_d0                                 |   14|          3|   32|         96|
    |output_54_address0                           |   26|          5|    6|         30|
    |output_54_d0                                 |   14|          3|   32|         96|
    |output_55_address0                           |   26|          5|    6|         30|
    |output_55_d0                                 |   14|          3|   32|         96|
    |output_56_address0                           |   26|          5|    6|         30|
    |output_56_d0                                 |   14|          3|   32|         96|
    |output_57_address0                           |   26|          5|    6|         30|
    |output_57_d0                                 |   14|          3|   32|         96|
    |output_58_address0                           |   26|          5|    6|         30|
    |output_58_d0                                 |   14|          3|   32|         96|
    |output_59_address0                           |   26|          5|    6|         30|
    |output_59_d0                                 |   14|          3|   32|         96|
    |output_5_address0                            |   26|          5|    6|         30|
    |output_5_d0                                  |   14|          3|   32|         96|
    |output_60_address0                           |   26|          5|    6|         30|
    |output_60_d0                                 |   14|          3|   32|         96|
    |output_61_address0                           |   26|          5|    6|         30|
    |output_61_d0                                 |   14|          3|   32|         96|
    |output_62_address0                           |   26|          5|    6|         30|
    |output_62_d0                                 |   14|          3|   32|         96|
    |output_63_address0                           |   26|          5|    5|         25|
    |output_63_d0                                 |   14|          3|   32|         96|
    |output_6_address0                            |   26|          5|    6|         30|
    |output_6_d0                                  |   14|          3|   32|         96|
    |output_7_address0                            |   26|          5|    6|         30|
    |output_7_d0                                  |   14|          3|   32|         96|
    |output_8_address0                            |   26|          5|    6|         30|
    |output_8_d0                                  |   14|          3|   32|         96|
    |output_9_address0                            |   26|          5|    6|         30|
    |output_9_d0                                  |   14|          3|   32|         96|
    |v_reg_2740                                   |    9|          2|    3|          6|
    |vi_reg_2811                                  |    9|          2|    3|          6|
    +---------------------------------------------+-----+-----------+-----+-----------+
    |Total                                        | 3834|        801| 2808|      14961|
    +---------------------------------------------+-----+-----------+-----+-----------+

    * Register: 
    +-----------------------------------------+----+----+-----+-----------+
    |                   Name                  | FF | LUT| Bits| Const Bits|
    +-----------------------------------------+----+----+-----+-----------+
    |add13_reg_4866                           |   8|   0|    8|          0|
    |add16_mid2_reg_5001                      |   8|   0|   13|          5|
    |add5135_reg_3042                         |  32|   0|   32|          0|
    |add_ln104_reg_5720                       |  12|   0|   12|          0|
    |add_ln107_3_reg_5764                     |  10|   0|   10|          0|
    |add_ln110_reg_5774                       |   6|   0|    6|          0|
    |add_ln67_reg_4861                        |  16|   0|   16|          0|
    |add_ln82_reg_5331                        |   6|   0|    6|          0|
    |and_ln67_6_reg_4892                      |   1|   0|    1|          0|
    |and_ln73_reg_4936                        |   1|   0|    1|          0|
    |ap_CS_fsm                                |  37|   0|   37|          0|
    |ap_enable_reg_pp0_iter0                  |   1|   0|    1|          0|
    |ap_enable_reg_pp0_iter1                  |   1|   0|    1|          0|
    |ap_enable_reg_pp0_iter2                  |   1|   0|    1|          0|
    |ap_enable_reg_pp0_iter3                  |   1|   0|    1|          0|
    |ap_enable_reg_pp0_iter4                  |   1|   0|    1|          0|
    |ap_enable_reg_pp0_iter5                  |   1|   0|    1|          0|
    |ap_enable_reg_pp0_iter6                  |   1|   0|    1|          0|
    |ap_enable_reg_pp1_iter0                  |   1|   0|    1|          0|
    |ap_enable_reg_pp1_iter1                  |   1|   0|    1|          0|
    |ap_enable_reg_pp1_iter2                  |   1|   0|    1|          0|
    |ap_phi_reg_pp1_iter1_phi_ln115_reg_3372  |  32|   0|   32|          0|
    |ap_phi_reg_pp1_iter2_phi_ln115_reg_3372  |  32|   0|   32|          0|
    |arrayNo387_cast_reg_4997                 |   6|   0|    6|          0|
    |empty_96_reg_4910                        |   1|   0|    1|          0|
    |empty_98_reg_4952                        |   2|   0|    2|          0|
    |exitcond_flatten_mid284_reg_4920         |   1|   0|    1|          0|
    |i_9_reg_3315                             |   4|   0|    4|          0|
    |i_reg_2728                               |   4|   0|    4|          0|
    |icmp_ln104_reg_5725                      |   1|   0|    1|          0|
    |icmp_ln107_reg_5729                      |   1|   0|    1|          0|
    |icmp_ln70_reg_4880                       |   1|   0|    1|          0|
    |icmp_ln82_reg_5336                       |   1|   0|    1|          0|
    |ii_12_reg_4904                           |   4|   0|    4|          0|
    |ii_2_reg_3350                            |   4|   0|    4|          0|
    |ii_cast5_mid2_reg_4982                   |   4|   0|    4|          0|
    |ii_reg_2752                              |   4|   0|    4|          0|
    |iii_1_reg_2822                           |   6|   0|    6|          0|
    |iii_reg_3361                             |   6|   0|    6|          0|
    |indvar_flatten157_reg_2764               |  16|   0|   16|          0|
    |indvar_flatten165_reg_3338               |  10|   0|   10|          0|
    |indvar_flatten189_reg_3327               |  12|   0|   12|          0|
    |indvar_flatten29_reg_2787                |   9|   0|    9|          0|
    |indvar_flatten85_reg_2775                |  13|   0|   13|          0|
    |indvar_flatten_reg_2799                  |   8|   0|    8|          0|
    |iv_reg_3031                              |   6|   0|    6|          0|
    |layer_6_bias_load_reg_5784               |  32|   0|   32|          0|
    |mul1227_reg_4871                         |   8|   0|    8|          0|
    |mul1_reg_5689                            |  32|   0|   32|          0|
    |mul_ln107_reg_5714                       |   7|   0|    7|          0|
    |or_ln73_3_reg_4926                       |   1|   0|    1|          0|
    |output_0_addr_3_reg_5011                 |   6|   0|    6|          0|
    |output_0_addr_reg_5789                   |   6|   0|    6|          0|
    |output_10_addr_3_reg_5061                |   6|   0|    6|          0|
    |output_10_addr_reg_5839                  |   6|   0|    6|          0|
    |output_11_addr_3_reg_5066                |   6|   0|    6|          0|
    |output_11_addr_reg_5844                  |   6|   0|    6|          0|
    |output_12_addr_3_reg_5071                |   6|   0|    6|          0|
    |output_12_addr_reg_5849                  |   6|   0|    6|          0|
    |output_13_addr_3_reg_5076                |   6|   0|    6|          0|
    |output_13_addr_reg_5854                  |   6|   0|    6|          0|
    |output_14_addr_3_reg_5081                |   6|   0|    6|          0|
    |output_14_addr_reg_5859                  |   6|   0|    6|          0|
    |output_15_addr_3_reg_5086                |   6|   0|    6|          0|
    |output_15_addr_reg_5864                  |   6|   0|    6|          0|
    |output_16_addr_3_reg_5091                |   6|   0|    6|          0|
    |output_16_addr_reg_5869                  |   6|   0|    6|          0|
    |output_17_addr_3_reg_5096                |   6|   0|    6|          0|
    |output_17_addr_reg_5874                  |   6|   0|    6|          0|
    |output_18_addr_3_reg_5101                |   6|   0|    6|          0|
    |output_18_addr_reg_5879                  |   6|   0|    6|          0|
    |output_19_addr_3_reg_5106                |   6|   0|    6|          0|
    |output_19_addr_reg_5884                  |   6|   0|    6|          0|
    |output_1_addr_3_reg_5016                 |   6|   0|    6|          0|
    |output_1_addr_reg_5794                   |   6|   0|    6|          0|
    |output_20_addr_3_reg_5111                |   6|   0|    6|          0|
    |output_20_addr_reg_5889                  |   6|   0|    6|          0|
    |output_21_addr_3_reg_5116                |   6|   0|    6|          0|
    |output_21_addr_reg_5894                  |   6|   0|    6|          0|
    |output_22_addr_3_reg_5121                |   6|   0|    6|          0|
    |output_22_addr_reg_5899                  |   6|   0|    6|          0|
    |output_23_addr_3_reg_5126                |   6|   0|    6|          0|
    |output_23_addr_reg_5904                  |   6|   0|    6|          0|
    |output_24_addr_3_reg_5131                |   6|   0|    6|          0|
    |output_24_addr_reg_5909                  |   6|   0|    6|          0|
    |output_25_addr_3_reg_5136                |   6|   0|    6|          0|
    |output_25_addr_reg_5914                  |   6|   0|    6|          0|
    |output_26_addr_3_reg_5141                |   6|   0|    6|          0|
    |output_26_addr_reg_5919                  |   6|   0|    6|          0|
    |output_27_addr_3_reg_5146                |   6|   0|    6|          0|
    |output_27_addr_reg_5924                  |   6|   0|    6|          0|
    |output_28_addr_3_reg_5151                |   6|   0|    6|          0|
    |output_28_addr_reg_5929                  |   6|   0|    6|          0|
    |output_29_addr_3_reg_5156                |   6|   0|    6|          0|
    |output_29_addr_reg_5934                  |   6|   0|    6|          0|
    |output_2_addr_3_reg_5021                 |   6|   0|    6|          0|
    |output_2_addr_reg_5799                   |   6|   0|    6|          0|
    |output_30_addr_3_reg_5161                |   6|   0|    6|          0|
    |output_30_addr_reg_5939                  |   6|   0|    6|          0|
    |output_31_addr_3_reg_5166                |   6|   0|    6|          0|
    |output_31_addr_reg_5944                  |   6|   0|    6|          0|
    |output_32_addr_3_reg_5171                |   6|   0|    6|          0|
    |output_32_addr_reg_5949                  |   6|   0|    6|          0|
    |output_33_addr_3_reg_5176                |   6|   0|    6|          0|
    |output_33_addr_reg_5954                  |   6|   0|    6|          0|
    |output_34_addr_3_reg_5181                |   6|   0|    6|          0|
    |output_34_addr_reg_5959                  |   6|   0|    6|          0|
    |output_35_addr_3_reg_5186                |   6|   0|    6|          0|
    |output_35_addr_reg_5964                  |   6|   0|    6|          0|
    |output_36_addr_3_reg_5191                |   6|   0|    6|          0|
    |output_36_addr_reg_5969                  |   6|   0|    6|          0|
    |output_37_addr_3_reg_5196                |   6|   0|    6|          0|
    |output_37_addr_reg_5974                  |   6|   0|    6|          0|
    |output_38_addr_3_reg_5201                |   6|   0|    6|          0|
    |output_38_addr_reg_5979                  |   6|   0|    6|          0|
    |output_39_addr_3_reg_5206                |   6|   0|    6|          0|
    |output_39_addr_reg_5984                  |   6|   0|    6|          0|
    |output_3_addr_3_reg_5026                 |   6|   0|    6|          0|
    |output_3_addr_reg_5804                   |   6|   0|    6|          0|
    |output_40_addr_3_reg_5211                |   6|   0|    6|          0|
    |output_40_addr_reg_5989                  |   6|   0|    6|          0|
    |output_41_addr_3_reg_5216                |   6|   0|    6|          0|
    |output_41_addr_reg_5994                  |   6|   0|    6|          0|
    |output_42_addr_3_reg_5221                |   6|   0|    6|          0|
    |output_42_addr_reg_5999                  |   6|   0|    6|          0|
    |output_43_addr_3_reg_5226                |   6|   0|    6|          0|
    |output_43_addr_reg_6004                  |   6|   0|    6|          0|
    |output_44_addr_3_reg_5231                |   6|   0|    6|          0|
    |output_44_addr_reg_6009                  |   6|   0|    6|          0|
    |output_45_addr_3_reg_5236                |   6|   0|    6|          0|
    |output_45_addr_reg_6014                  |   6|   0|    6|          0|
    |output_46_addr_3_reg_5241                |   6|   0|    6|          0|
    |output_46_addr_reg_6019                  |   6|   0|    6|          0|
    |output_47_addr_3_reg_5246                |   6|   0|    6|          0|
    |output_47_addr_reg_6024                  |   6|   0|    6|          0|
    |output_48_addr_3_reg_5251                |   6|   0|    6|          0|
    |output_48_addr_reg_6029                  |   6|   0|    6|          0|
    |output_49_addr_3_reg_5256                |   6|   0|    6|          0|
    |output_49_addr_reg_6034                  |   6|   0|    6|          0|
    |output_4_addr_3_reg_5031                 |   6|   0|    6|          0|
    |output_4_addr_reg_5809                   |   6|   0|    6|          0|
    |output_50_addr_3_reg_5261                |   6|   0|    6|          0|
    |output_50_addr_reg_6039                  |   6|   0|    6|          0|
    |output_51_addr_3_reg_5266                |   6|   0|    6|          0|
    |output_51_addr_reg_6044                  |   6|   0|    6|          0|
    |output_52_addr_3_reg_5271                |   6|   0|    6|          0|
    |output_52_addr_reg_6049                  |   6|   0|    6|          0|
    |output_53_addr_3_reg_5276                |   6|   0|    6|          0|
    |output_53_addr_reg_6054                  |   6|   0|    6|          0|
    |output_54_addr_3_reg_5281                |   6|   0|    6|          0|
    |output_54_addr_reg_6059                  |   6|   0|    6|          0|
    |output_55_addr_3_reg_5286                |   6|   0|    6|          0|
    |output_55_addr_reg_6064                  |   6|   0|    6|          0|
    |output_56_addr_3_reg_5291                |   6|   0|    6|          0|
    |output_56_addr_reg_6069                  |   6|   0|    6|          0|
    |output_57_addr_3_reg_5296                |   6|   0|    6|          0|
    |output_57_addr_reg_6074                  |   6|   0|    6|          0|
    |output_58_addr_3_reg_5301                |   6|   0|    6|          0|
    |output_58_addr_reg_6079                  |   6|   0|    6|          0|
    |output_59_addr_3_reg_5306                |   6|   0|    6|          0|
    |output_59_addr_reg_6084                  |   6|   0|    6|          0|
    |output_5_addr_3_reg_5036                 |   6|   0|    6|          0|
    |output_5_addr_reg_5814                   |   6|   0|    6|          0|
    |output_60_addr_3_reg_5311                |   6|   0|    6|          0|
    |output_60_addr_reg_6089                  |   6|   0|    6|          0|
    |output_61_addr_3_reg_5316                |   6|   0|    6|          0|
    |output_61_addr_reg_6094                  |   6|   0|    6|          0|
    |output_62_addr_3_reg_5321                |   6|   0|    6|          0|
    |output_62_addr_reg_6099                  |   6|   0|    6|          0|
    |output_63_addr_3_reg_5326                |   5|   0|    5|          0|
    |output_63_addr_reg_6104                  |   5|   0|    5|          0|
    |output_6_addr_3_reg_5041                 |   6|   0|    6|          0|
    |output_6_addr_reg_5819                   |   6|   0|    6|          0|
    |output_7_addr_3_reg_5046                 |   6|   0|    6|          0|
    |output_7_addr_reg_5824                   |   6|   0|    6|          0|
    |output_8_addr_3_reg_5051                 |   6|   0|    6|          0|
    |output_8_addr_reg_5829                   |   6|   0|    6|          0|
    |output_9_addr_3_reg_5056                 |   6|   0|    6|          0|
    |output_9_addr_reg_5834                   |   6|   0|    6|          0|
    |reg_3523                                 |  32|   0|   32|          0|
    |select_ln104_8_reg_5734                  |   4|   0|    4|          0|
    |select_ln107_8_reg_5745                  |   4|   0|    4|          0|
    |select_ln107_9_reg_5779                  |  10|   0|   10|          0|
    |select_ln107_reg_5739                    |   6|   0|    6|          0|
    |select_ln67_14_reg_4899                  |   4|   0|    4|          0|
    |select_ln67_reg_4887                     |   4|   0|    4|          0|
    |select_ln73_16_reg_4941                  |   3|   0|    3|          0|
    |select_ln76_10_reg_4957                  |   4|   0|    4|          0|
    |select_ln76_11_reg_4962                  |   3|   0|    3|          0|
    |select_ln76_9_reg_4992                   |   8|   0|    8|          0|
    |select_ln76_reg_4946                     |   6|   0|    6|          0|
    |trunc_ln2_reg_5355                       |   6|   0|    6|          0|
    |trunc_ln94_reg_5350                      |   5|   0|    5|          0|
    |trunc_ln_reg_5760                        |   6|   0|    6|          0|
    |v_reg_2740                               |   3|   0|    3|          0|
    |vi_reg_2811                              |   3|   0|    3|          0|
    |zext_ln79_reg_5006                       |   6|   0|   14|          8|
    |icmp_ln104_reg_5725                      |  64|  32|    1|          0|
    |icmp_ln82_reg_5336                       |  64|  32|    1|          0|
    |trunc_ln2_reg_5355                       |  64|  32|    6|          0|
    |trunc_ln94_reg_5350                      |  64|  32|    5|          0|
    |trunc_ln_reg_5760                        |  64|  32|    6|          0|
    +-----------------------------------------+----+----+-----+-----------+
    |Total                                    |1618| 160| 1330|         13|
    +-----------------------------------------+----+----+-----+-----------+



================================================================
== Interface
================================================================
* Summary: 
+----------------------+-----+-----+------------+--------------+--------------+
|       RTL Ports      | Dir | Bits|  Protocol  | Source Object|    C Type    |
+----------------------+-----+-----+------------+--------------+--------------+
|ap_clk                |   in|    1|  ap_ctrl_hs|        conv2d|  return value|
|ap_rst                |   in|    1|  ap_ctrl_hs|        conv2d|  return value|
|ap_start              |   in|    1|  ap_ctrl_hs|        conv2d|  return value|
|ap_done               |  out|    1|  ap_ctrl_hs|        conv2d|  return value|
|ap_idle               |  out|    1|  ap_ctrl_hs|        conv2d|  return value|
|ap_ready              |  out|    1|  ap_ctrl_hs|        conv2d|  return value|
|grp_fu_3870_p_din0    |  out|   32|  ap_ctrl_hs|        conv2d|  return value|
|grp_fu_3870_p_din1    |  out|   32|  ap_ctrl_hs|        conv2d|  return value|
|grp_fu_3870_p_opcode  |  out|    2|  ap_ctrl_hs|        conv2d|  return value|
|grp_fu_3870_p_dout0   |   in|   32|  ap_ctrl_hs|        conv2d|  return value|
|grp_fu_3870_p_ce      |  out|    1|  ap_ctrl_hs|        conv2d|  return value|
|grp_fu_3877_p_din0    |  out|   32|  ap_ctrl_hs|        conv2d|  return value|
|grp_fu_3877_p_din1    |  out|   32|  ap_ctrl_hs|        conv2d|  return value|
|grp_fu_3877_p_dout0   |   in|   32|  ap_ctrl_hs|        conv2d|  return value|
|grp_fu_3877_p_ce      |  out|    1|  ap_ctrl_hs|        conv2d|  return value|
|grp_fu_3895_p_din0    |  out|   32|  ap_ctrl_hs|        conv2d|  return value|
|grp_fu_3895_p_din1    |  out|   32|  ap_ctrl_hs|        conv2d|  return value|
|grp_fu_3895_p_opcode  |  out|    5|  ap_ctrl_hs|        conv2d|  return value|
|grp_fu_3895_p_dout0   |   in|    1|  ap_ctrl_hs|        conv2d|  return value|
|grp_fu_3895_p_ce      |  out|    1|  ap_ctrl_hs|        conv2d|  return value|
|input_0_address0      |  out|    7|   ap_memory|       input_0|         array|
|input_0_ce0           |  out|    1|   ap_memory|       input_0|         array|
|input_0_q0            |   in|   32|   ap_memory|       input_0|         array|
|input_1_address0      |  out|    7|   ap_memory|       input_1|         array|
|input_1_ce0           |  out|    1|   ap_memory|       input_1|         array|
|input_1_q0            |   in|   32|   ap_memory|       input_1|         array|
|input_2_address0      |  out|    7|   ap_memory|       input_2|         array|
|input_2_ce0           |  out|    1|   ap_memory|       input_2|         array|
|input_2_q0            |   in|   32|   ap_memory|       input_2|         array|
|input_3_address0      |  out|    7|   ap_memory|       input_3|         array|
|input_3_ce0           |  out|    1|   ap_memory|       input_3|         array|
|input_3_q0            |   in|   32|   ap_memory|       input_3|         array|
|input_4_address0      |  out|    7|   ap_memory|       input_4|         array|
|input_4_ce0           |  out|    1|   ap_memory|       input_4|         array|
|input_4_q0            |   in|   32|   ap_memory|       input_4|         array|
|input_5_address0      |  out|    7|   ap_memory|       input_5|         array|
|input_5_ce0           |  out|    1|   ap_memory|       input_5|         array|
|input_5_q0            |   in|   32|   ap_memory|       input_5|         array|
|input_6_address0      |  out|    7|   ap_memory|       input_6|         array|
|input_6_ce0           |  out|    1|   ap_memory|       input_6|         array|
|input_6_q0            |   in|   32|   ap_memory|       input_6|         array|
|input_7_address0      |  out|    7|   ap_memory|       input_7|         array|
|input_7_ce0           |  out|    1|   ap_memory|       input_7|         array|
|input_7_q0            |   in|   32|   ap_memory|       input_7|         array|
|input_8_address0      |  out|    7|   ap_memory|       input_8|         array|
|input_8_ce0           |  out|    1|   ap_memory|       input_8|         array|
|input_8_q0            |   in|   32|   ap_memory|       input_8|         array|
|input_9_address0      |  out|    7|   ap_memory|       input_9|         array|
|input_9_ce0           |  out|    1|   ap_memory|       input_9|         array|
|input_9_q0            |   in|   32|   ap_memory|       input_9|         array|
|input_10_address0     |  out|    7|   ap_memory|      input_10|         array|
|input_10_ce0          |  out|    1|   ap_memory|      input_10|         array|
|input_10_q0           |   in|   32|   ap_memory|      input_10|         array|
|input_11_address0     |  out|    7|   ap_memory|      input_11|         array|
|input_11_ce0          |  out|    1|   ap_memory|      input_11|         array|
|input_11_q0           |   in|   32|   ap_memory|      input_11|         array|
|input_12_address0     |  out|    7|   ap_memory|      input_12|         array|
|input_12_ce0          |  out|    1|   ap_memory|      input_12|         array|
|input_12_q0           |   in|   32|   ap_memory|      input_12|         array|
|input_13_address0     |  out|    7|   ap_memory|      input_13|         array|
|input_13_ce0          |  out|    1|   ap_memory|      input_13|         array|
|input_13_q0           |   in|   32|   ap_memory|      input_13|         array|
|input_14_address0     |  out|    7|   ap_memory|      input_14|         array|
|input_14_ce0          |  out|    1|   ap_memory|      input_14|         array|
|input_14_q0           |   in|   32|   ap_memory|      input_14|         array|
|input_15_address0     |  out|    7|   ap_memory|      input_15|         array|
|input_15_ce0          |  out|    1|   ap_memory|      input_15|         array|
|input_15_q0           |   in|   32|   ap_memory|      input_15|         array|
|input_16_address0     |  out|    7|   ap_memory|      input_16|         array|
|input_16_ce0          |  out|    1|   ap_memory|      input_16|         array|
|input_16_q0           |   in|   32|   ap_memory|      input_16|         array|
|input_17_address0     |  out|    7|   ap_memory|      input_17|         array|
|input_17_ce0          |  out|    1|   ap_memory|      input_17|         array|
|input_17_q0           |   in|   32|   ap_memory|      input_17|         array|
|input_18_address0     |  out|    7|   ap_memory|      input_18|         array|
|input_18_ce0          |  out|    1|   ap_memory|      input_18|         array|
|input_18_q0           |   in|   32|   ap_memory|      input_18|         array|
|input_19_address0     |  out|    7|   ap_memory|      input_19|         array|
|input_19_ce0          |  out|    1|   ap_memory|      input_19|         array|
|input_19_q0           |   in|   32|   ap_memory|      input_19|         array|
|input_20_address0     |  out|    7|   ap_memory|      input_20|         array|
|input_20_ce0          |  out|    1|   ap_memory|      input_20|         array|
|input_20_q0           |   in|   32|   ap_memory|      input_20|         array|
|input_21_address0     |  out|    7|   ap_memory|      input_21|         array|
|input_21_ce0          |  out|    1|   ap_memory|      input_21|         array|
|input_21_q0           |   in|   32|   ap_memory|      input_21|         array|
|input_22_address0     |  out|    7|   ap_memory|      input_22|         array|
|input_22_ce0          |  out|    1|   ap_memory|      input_22|         array|
|input_22_q0           |   in|   32|   ap_memory|      input_22|         array|
|input_23_address0     |  out|    7|   ap_memory|      input_23|         array|
|input_23_ce0          |  out|    1|   ap_memory|      input_23|         array|
|input_23_q0           |   in|   32|   ap_memory|      input_23|         array|
|input_24_address0     |  out|    7|   ap_memory|      input_24|         array|
|input_24_ce0          |  out|    1|   ap_memory|      input_24|         array|
|input_24_q0           |   in|   32|   ap_memory|      input_24|         array|
|input_25_address0     |  out|    7|   ap_memory|      input_25|         array|
|input_25_ce0          |  out|    1|   ap_memory|      input_25|         array|
|input_25_q0           |   in|   32|   ap_memory|      input_25|         array|
|input_26_address0     |  out|    7|   ap_memory|      input_26|         array|
|input_26_ce0          |  out|    1|   ap_memory|      input_26|         array|
|input_26_q0           |   in|   32|   ap_memory|      input_26|         array|
|input_27_address0     |  out|    7|   ap_memory|      input_27|         array|
|input_27_ce0          |  out|    1|   ap_memory|      input_27|         array|
|input_27_q0           |   in|   32|   ap_memory|      input_27|         array|
|input_28_address0     |  out|    7|   ap_memory|      input_28|         array|
|input_28_ce0          |  out|    1|   ap_memory|      input_28|         array|
|input_28_q0           |   in|   32|   ap_memory|      input_28|         array|
|input_29_address0     |  out|    7|   ap_memory|      input_29|         array|
|input_29_ce0          |  out|    1|   ap_memory|      input_29|         array|
|input_29_q0           |   in|   32|   ap_memory|      input_29|         array|
|input_30_address0     |  out|    7|   ap_memory|      input_30|         array|
|input_30_ce0          |  out|    1|   ap_memory|      input_30|         array|
|input_30_q0           |   in|   32|   ap_memory|      input_30|         array|
|input_31_address0     |  out|    7|   ap_memory|      input_31|         array|
|input_31_ce0          |  out|    1|   ap_memory|      input_31|         array|
|input_31_q0           |   in|   32|   ap_memory|      input_31|         array|
|input_32_address0     |  out|    7|   ap_memory|      input_32|         array|
|input_32_ce0          |  out|    1|   ap_memory|      input_32|         array|
|input_32_q0           |   in|   32|   ap_memory|      input_32|         array|
|input_33_address0     |  out|    7|   ap_memory|      input_33|         array|
|input_33_ce0          |  out|    1|   ap_memory|      input_33|         array|
|input_33_q0           |   in|   32|   ap_memory|      input_33|         array|
|input_34_address0     |  out|    7|   ap_memory|      input_34|         array|
|input_34_ce0          |  out|    1|   ap_memory|      input_34|         array|
|input_34_q0           |   in|   32|   ap_memory|      input_34|         array|
|input_35_address0     |  out|    7|   ap_memory|      input_35|         array|
|input_35_ce0          |  out|    1|   ap_memory|      input_35|         array|
|input_35_q0           |   in|   32|   ap_memory|      input_35|         array|
|input_36_address0     |  out|    7|   ap_memory|      input_36|         array|
|input_36_ce0          |  out|    1|   ap_memory|      input_36|         array|
|input_36_q0           |   in|   32|   ap_memory|      input_36|         array|
|input_37_address0     |  out|    7|   ap_memory|      input_37|         array|
|input_37_ce0          |  out|    1|   ap_memory|      input_37|         array|
|input_37_q0           |   in|   32|   ap_memory|      input_37|         array|
|input_38_address0     |  out|    7|   ap_memory|      input_38|         array|
|input_38_ce0          |  out|    1|   ap_memory|      input_38|         array|
|input_38_q0           |   in|   32|   ap_memory|      input_38|         array|
|input_39_address0     |  out|    7|   ap_memory|      input_39|         array|
|input_39_ce0          |  out|    1|   ap_memory|      input_39|         array|
|input_39_q0           |   in|   32|   ap_memory|      input_39|         array|
|input_40_address0     |  out|    7|   ap_memory|      input_40|         array|
|input_40_ce0          |  out|    1|   ap_memory|      input_40|         array|
|input_40_q0           |   in|   32|   ap_memory|      input_40|         array|
|input_41_address0     |  out|    7|   ap_memory|      input_41|         array|
|input_41_ce0          |  out|    1|   ap_memory|      input_41|         array|
|input_41_q0           |   in|   32|   ap_memory|      input_41|         array|
|input_42_address0     |  out|    7|   ap_memory|      input_42|         array|
|input_42_ce0          |  out|    1|   ap_memory|      input_42|         array|
|input_42_q0           |   in|   32|   ap_memory|      input_42|         array|
|input_43_address0     |  out|    7|   ap_memory|      input_43|         array|
|input_43_ce0          |  out|    1|   ap_memory|      input_43|         array|
|input_43_q0           |   in|   32|   ap_memory|      input_43|         array|
|input_44_address0     |  out|    7|   ap_memory|      input_44|         array|
|input_44_ce0          |  out|    1|   ap_memory|      input_44|         array|
|input_44_q0           |   in|   32|   ap_memory|      input_44|         array|
|input_45_address0     |  out|    7|   ap_memory|      input_45|         array|
|input_45_ce0          |  out|    1|   ap_memory|      input_45|         array|
|input_45_q0           |   in|   32|   ap_memory|      input_45|         array|
|input_46_address0     |  out|    7|   ap_memory|      input_46|         array|
|input_46_ce0          |  out|    1|   ap_memory|      input_46|         array|
|input_46_q0           |   in|   32|   ap_memory|      input_46|         array|
|input_47_address0     |  out|    7|   ap_memory|      input_47|         array|
|input_47_ce0          |  out|    1|   ap_memory|      input_47|         array|
|input_47_q0           |   in|   32|   ap_memory|      input_47|         array|
|input_48_address0     |  out|    7|   ap_memory|      input_48|         array|
|input_48_ce0          |  out|    1|   ap_memory|      input_48|         array|
|input_48_q0           |   in|   32|   ap_memory|      input_48|         array|
|input_49_address0     |  out|    7|   ap_memory|      input_49|         array|
|input_49_ce0          |  out|    1|   ap_memory|      input_49|         array|
|input_49_q0           |   in|   32|   ap_memory|      input_49|         array|
|input_50_address0     |  out|    7|   ap_memory|      input_50|         array|
|input_50_ce0          |  out|    1|   ap_memory|      input_50|         array|
|input_50_q0           |   in|   32|   ap_memory|      input_50|         array|
|input_51_address0     |  out|    7|   ap_memory|      input_51|         array|
|input_51_ce0          |  out|    1|   ap_memory|      input_51|         array|
|input_51_q0           |   in|   32|   ap_memory|      input_51|         array|
|input_52_address0     |  out|    7|   ap_memory|      input_52|         array|
|input_52_ce0          |  out|    1|   ap_memory|      input_52|         array|
|input_52_q0           |   in|   32|   ap_memory|      input_52|         array|
|input_53_address0     |  out|    7|   ap_memory|      input_53|         array|
|input_53_ce0          |  out|    1|   ap_memory|      input_53|         array|
|input_53_q0           |   in|   32|   ap_memory|      input_53|         array|
|input_54_address0     |  out|    7|   ap_memory|      input_54|         array|
|input_54_ce0          |  out|    1|   ap_memory|      input_54|         array|
|input_54_q0           |   in|   32|   ap_memory|      input_54|         array|
|input_55_address0     |  out|    7|   ap_memory|      input_55|         array|
|input_55_ce0          |  out|    1|   ap_memory|      input_55|         array|
|input_55_q0           |   in|   32|   ap_memory|      input_55|         array|
|input_56_address0     |  out|    7|   ap_memory|      input_56|         array|
|input_56_ce0          |  out|    1|   ap_memory|      input_56|         array|
|input_56_q0           |   in|   32|   ap_memory|      input_56|         array|
|input_57_address0     |  out|    7|   ap_memory|      input_57|         array|
|input_57_ce0          |  out|    1|   ap_memory|      input_57|         array|
|input_57_q0           |   in|   32|   ap_memory|      input_57|         array|
|input_58_address0     |  out|    7|   ap_memory|      input_58|         array|
|input_58_ce0          |  out|    1|   ap_memory|      input_58|         array|
|input_58_q0           |   in|   32|   ap_memory|      input_58|         array|
|input_59_address0     |  out|    7|   ap_memory|      input_59|         array|
|input_59_ce0          |  out|    1|   ap_memory|      input_59|         array|
|input_59_q0           |   in|   32|   ap_memory|      input_59|         array|
|input_60_address0     |  out|    7|   ap_memory|      input_60|         array|
|input_60_ce0          |  out|    1|   ap_memory|      input_60|         array|
|input_60_q0           |   in|   32|   ap_memory|      input_60|         array|
|input_61_address0     |  out|    7|   ap_memory|      input_61|         array|
|input_61_ce0          |  out|    1|   ap_memory|      input_61|         array|
|input_61_q0           |   in|   32|   ap_memory|      input_61|         array|
|input_62_address0     |  out|    7|   ap_memory|      input_62|         array|
|input_62_ce0          |  out|    1|   ap_memory|      input_62|         array|
|input_62_q0           |   in|   32|   ap_memory|      input_62|         array|
|input_63_address0     |  out|    6|   ap_memory|      input_63|         array|
|input_63_ce0          |  out|    1|   ap_memory|      input_63|         array|
|input_63_q0           |   in|   32|   ap_memory|      input_63|         array|
|output_0_address0     |  out|    6|   ap_memory|      output_0|         array|
|output_0_ce0          |  out|    1|   ap_memory|      output_0|         array|
|output_0_we0          |  out|    1|   ap_memory|      output_0|         array|
|output_0_d0           |  out|   32|   ap_memory|      output_0|         array|
|output_0_q0           |   in|   32|   ap_memory|      output_0|         array|
|output_1_address0     |  out|    6|   ap_memory|      output_1|         array|
|output_1_ce0          |  out|    1|   ap_memory|      output_1|         array|
|output_1_we0          |  out|    1|   ap_memory|      output_1|         array|
|output_1_d0           |  out|   32|   ap_memory|      output_1|         array|
|output_1_q0           |   in|   32|   ap_memory|      output_1|         array|
|output_2_address0     |  out|    6|   ap_memory|      output_2|         array|
|output_2_ce0          |  out|    1|   ap_memory|      output_2|         array|
|output_2_we0          |  out|    1|   ap_memory|      output_2|         array|
|output_2_d0           |  out|   32|   ap_memory|      output_2|         array|
|output_2_q0           |   in|   32|   ap_memory|      output_2|         array|
|output_3_address0     |  out|    6|   ap_memory|      output_3|         array|
|output_3_ce0          |  out|    1|   ap_memory|      output_3|         array|
|output_3_we0          |  out|    1|   ap_memory|      output_3|         array|
|output_3_d0           |  out|   32|   ap_memory|      output_3|         array|
|output_3_q0           |   in|   32|   ap_memory|      output_3|         array|
|output_4_address0     |  out|    6|   ap_memory|      output_4|         array|
|output_4_ce0          |  out|    1|   ap_memory|      output_4|         array|
|output_4_we0          |  out|    1|   ap_memory|      output_4|         array|
|output_4_d0           |  out|   32|   ap_memory|      output_4|         array|
|output_4_q0           |   in|   32|   ap_memory|      output_4|         array|
|output_5_address0     |  out|    6|   ap_memory|      output_5|         array|
|output_5_ce0          |  out|    1|   ap_memory|      output_5|         array|
|output_5_we0          |  out|    1|   ap_memory|      output_5|         array|
|output_5_d0           |  out|   32|   ap_memory|      output_5|         array|
|output_5_q0           |   in|   32|   ap_memory|      output_5|         array|
|output_6_address0     |  out|    6|   ap_memory|      output_6|         array|
|output_6_ce0          |  out|    1|   ap_memory|      output_6|         array|
|output_6_we0          |  out|    1|   ap_memory|      output_6|         array|
|output_6_d0           |  out|   32|   ap_memory|      output_6|         array|
|output_6_q0           |   in|   32|   ap_memory|      output_6|         array|
|output_7_address0     |  out|    6|   ap_memory|      output_7|         array|
|output_7_ce0          |  out|    1|   ap_memory|      output_7|         array|
|output_7_we0          |  out|    1|   ap_memory|      output_7|         array|
|output_7_d0           |  out|   32|   ap_memory|      output_7|         array|
|output_7_q0           |   in|   32|   ap_memory|      output_7|         array|
|output_8_address0     |  out|    6|   ap_memory|      output_8|         array|
|output_8_ce0          |  out|    1|   ap_memory|      output_8|         array|
|output_8_we0          |  out|    1|   ap_memory|      output_8|         array|
|output_8_d0           |  out|   32|   ap_memory|      output_8|         array|
|output_8_q0           |   in|   32|   ap_memory|      output_8|         array|
|output_9_address0     |  out|    6|   ap_memory|      output_9|         array|
|output_9_ce0          |  out|    1|   ap_memory|      output_9|         array|
|output_9_we0          |  out|    1|   ap_memory|      output_9|         array|
|output_9_d0           |  out|   32|   ap_memory|      output_9|         array|
|output_9_q0           |   in|   32|   ap_memory|      output_9|         array|
|output_10_address0    |  out|    6|   ap_memory|     output_10|         array|
|output_10_ce0         |  out|    1|   ap_memory|     output_10|         array|
|output_10_we0         |  out|    1|   ap_memory|     output_10|         array|
|output_10_d0          |  out|   32|   ap_memory|     output_10|         array|
|output_10_q0          |   in|   32|   ap_memory|     output_10|         array|
|output_11_address0    |  out|    6|   ap_memory|     output_11|         array|
|output_11_ce0         |  out|    1|   ap_memory|     output_11|         array|
|output_11_we0         |  out|    1|   ap_memory|     output_11|         array|
|output_11_d0          |  out|   32|   ap_memory|     output_11|         array|
|output_11_q0          |   in|   32|   ap_memory|     output_11|         array|
|output_12_address0    |  out|    6|   ap_memory|     output_12|         array|
|output_12_ce0         |  out|    1|   ap_memory|     output_12|         array|
|output_12_we0         |  out|    1|   ap_memory|     output_12|         array|
|output_12_d0          |  out|   32|   ap_memory|     output_12|         array|
|output_12_q0          |   in|   32|   ap_memory|     output_12|         array|
|output_13_address0    |  out|    6|   ap_memory|     output_13|         array|
|output_13_ce0         |  out|    1|   ap_memory|     output_13|         array|
|output_13_we0         |  out|    1|   ap_memory|     output_13|         array|
|output_13_d0          |  out|   32|   ap_memory|     output_13|         array|
|output_13_q0          |   in|   32|   ap_memory|     output_13|         array|
|output_14_address0    |  out|    6|   ap_memory|     output_14|         array|
|output_14_ce0         |  out|    1|   ap_memory|     output_14|         array|
|output_14_we0         |  out|    1|   ap_memory|     output_14|         array|
|output_14_d0          |  out|   32|   ap_memory|     output_14|         array|
|output_14_q0          |   in|   32|   ap_memory|     output_14|         array|
|output_15_address0    |  out|    6|   ap_memory|     output_15|         array|
|output_15_ce0         |  out|    1|   ap_memory|     output_15|         array|
|output_15_we0         |  out|    1|   ap_memory|     output_15|         array|
|output_15_d0          |  out|   32|   ap_memory|     output_15|         array|
|output_15_q0          |   in|   32|   ap_memory|     output_15|         array|
|output_16_address0    |  out|    6|   ap_memory|     output_16|         array|
|output_16_ce0         |  out|    1|   ap_memory|     output_16|         array|
|output_16_we0         |  out|    1|   ap_memory|     output_16|         array|
|output_16_d0          |  out|   32|   ap_memory|     output_16|         array|
|output_16_q0          |   in|   32|   ap_memory|     output_16|         array|
|output_17_address0    |  out|    6|   ap_memory|     output_17|         array|
|output_17_ce0         |  out|    1|   ap_memory|     output_17|         array|
|output_17_we0         |  out|    1|   ap_memory|     output_17|         array|
|output_17_d0          |  out|   32|   ap_memory|     output_17|         array|
|output_17_q0          |   in|   32|   ap_memory|     output_17|         array|
|output_18_address0    |  out|    6|   ap_memory|     output_18|         array|
|output_18_ce0         |  out|    1|   ap_memory|     output_18|         array|
|output_18_we0         |  out|    1|   ap_memory|     output_18|         array|
|output_18_d0          |  out|   32|   ap_memory|     output_18|         array|
|output_18_q0          |   in|   32|   ap_memory|     output_18|         array|
|output_19_address0    |  out|    6|   ap_memory|     output_19|         array|
|output_19_ce0         |  out|    1|   ap_memory|     output_19|         array|
|output_19_we0         |  out|    1|   ap_memory|     output_19|         array|
|output_19_d0          |  out|   32|   ap_memory|     output_19|         array|
|output_19_q0          |   in|   32|   ap_memory|     output_19|         array|
|output_20_address0    |  out|    6|   ap_memory|     output_20|         array|
|output_20_ce0         |  out|    1|   ap_memory|     output_20|         array|
|output_20_we0         |  out|    1|   ap_memory|     output_20|         array|
|output_20_d0          |  out|   32|   ap_memory|     output_20|         array|
|output_20_q0          |   in|   32|   ap_memory|     output_20|         array|
|output_21_address0    |  out|    6|   ap_memory|     output_21|         array|
|output_21_ce0         |  out|    1|   ap_memory|     output_21|         array|
|output_21_we0         |  out|    1|   ap_memory|     output_21|         array|
|output_21_d0          |  out|   32|   ap_memory|     output_21|         array|
|output_21_q0          |   in|   32|   ap_memory|     output_21|         array|
|output_22_address0    |  out|    6|   ap_memory|     output_22|         array|
|output_22_ce0         |  out|    1|   ap_memory|     output_22|         array|
|output_22_we0         |  out|    1|   ap_memory|     output_22|         array|
|output_22_d0          |  out|   32|   ap_memory|     output_22|         array|
|output_22_q0          |   in|   32|   ap_memory|     output_22|         array|
|output_23_address0    |  out|    6|   ap_memory|     output_23|         array|
|output_23_ce0         |  out|    1|   ap_memory|     output_23|         array|
|output_23_we0         |  out|    1|   ap_memory|     output_23|         array|
|output_23_d0          |  out|   32|   ap_memory|     output_23|         array|
|output_23_q0          |   in|   32|   ap_memory|     output_23|         array|
|output_24_address0    |  out|    6|   ap_memory|     output_24|         array|
|output_24_ce0         |  out|    1|   ap_memory|     output_24|         array|
|output_24_we0         |  out|    1|   ap_memory|     output_24|         array|
|output_24_d0          |  out|   32|   ap_memory|     output_24|         array|
|output_24_q0          |   in|   32|   ap_memory|     output_24|         array|
|output_25_address0    |  out|    6|   ap_memory|     output_25|         array|
|output_25_ce0         |  out|    1|   ap_memory|     output_25|         array|
|output_25_we0         |  out|    1|   ap_memory|     output_25|         array|
|output_25_d0          |  out|   32|   ap_memory|     output_25|         array|
|output_25_q0          |   in|   32|   ap_memory|     output_25|         array|
|output_26_address0    |  out|    6|   ap_memory|     output_26|         array|
|output_26_ce0         |  out|    1|   ap_memory|     output_26|         array|
|output_26_we0         |  out|    1|   ap_memory|     output_26|         array|
|output_26_d0          |  out|   32|   ap_memory|     output_26|         array|
|output_26_q0          |   in|   32|   ap_memory|     output_26|         array|
|output_27_address0    |  out|    6|   ap_memory|     output_27|         array|
|output_27_ce0         |  out|    1|   ap_memory|     output_27|         array|
|output_27_we0         |  out|    1|   ap_memory|     output_27|         array|
|output_27_d0          |  out|   32|   ap_memory|     output_27|         array|
|output_27_q0          |   in|   32|   ap_memory|     output_27|         array|
|output_28_address0    |  out|    6|   ap_memory|     output_28|         array|
|output_28_ce0         |  out|    1|   ap_memory|     output_28|         array|
|output_28_we0         |  out|    1|   ap_memory|     output_28|         array|
|output_28_d0          |  out|   32|   ap_memory|     output_28|         array|
|output_28_q0          |   in|   32|   ap_memory|     output_28|         array|
|output_29_address0    |  out|    6|   ap_memory|     output_29|         array|
|output_29_ce0         |  out|    1|   ap_memory|     output_29|         array|
|output_29_we0         |  out|    1|   ap_memory|     output_29|         array|
|output_29_d0          |  out|   32|   ap_memory|     output_29|         array|
|output_29_q0          |   in|   32|   ap_memory|     output_29|         array|
|output_30_address0    |  out|    6|   ap_memory|     output_30|         array|
|output_30_ce0         |  out|    1|   ap_memory|     output_30|         array|
|output_30_we0         |  out|    1|   ap_memory|     output_30|         array|
|output_30_d0          |  out|   32|   ap_memory|     output_30|         array|
|output_30_q0          |   in|   32|   ap_memory|     output_30|         array|
|output_31_address0    |  out|    6|   ap_memory|     output_31|         array|
|output_31_ce0         |  out|    1|   ap_memory|     output_31|         array|
|output_31_we0         |  out|    1|   ap_memory|     output_31|         array|
|output_31_d0          |  out|   32|   ap_memory|     output_31|         array|
|output_31_q0          |   in|   32|   ap_memory|     output_31|         array|
|output_32_address0    |  out|    6|   ap_memory|     output_32|         array|
|output_32_ce0         |  out|    1|   ap_memory|     output_32|         array|
|output_32_we0         |  out|    1|   ap_memory|     output_32|         array|
|output_32_d0          |  out|   32|   ap_memory|     output_32|         array|
|output_32_q0          |   in|   32|   ap_memory|     output_32|         array|
|output_33_address0    |  out|    6|   ap_memory|     output_33|         array|
|output_33_ce0         |  out|    1|   ap_memory|     output_33|         array|
|output_33_we0         |  out|    1|   ap_memory|     output_33|         array|
|output_33_d0          |  out|   32|   ap_memory|     output_33|         array|
|output_33_q0          |   in|   32|   ap_memory|     output_33|         array|
|output_34_address0    |  out|    6|   ap_memory|     output_34|         array|
|output_34_ce0         |  out|    1|   ap_memory|     output_34|         array|
|output_34_we0         |  out|    1|   ap_memory|     output_34|         array|
|output_34_d0          |  out|   32|   ap_memory|     output_34|         array|
|output_34_q0          |   in|   32|   ap_memory|     output_34|         array|
|output_35_address0    |  out|    6|   ap_memory|     output_35|         array|
|output_35_ce0         |  out|    1|   ap_memory|     output_35|         array|
|output_35_we0         |  out|    1|   ap_memory|     output_35|         array|
|output_35_d0          |  out|   32|   ap_memory|     output_35|         array|
|output_35_q0          |   in|   32|   ap_memory|     output_35|         array|
|output_36_address0    |  out|    6|   ap_memory|     output_36|         array|
|output_36_ce0         |  out|    1|   ap_memory|     output_36|         array|
|output_36_we0         |  out|    1|   ap_memory|     output_36|         array|
|output_36_d0          |  out|   32|   ap_memory|     output_36|         array|
|output_36_q0          |   in|   32|   ap_memory|     output_36|         array|
|output_37_address0    |  out|    6|   ap_memory|     output_37|         array|
|output_37_ce0         |  out|    1|   ap_memory|     output_37|         array|
|output_37_we0         |  out|    1|   ap_memory|     output_37|         array|
|output_37_d0          |  out|   32|   ap_memory|     output_37|         array|
|output_37_q0          |   in|   32|   ap_memory|     output_37|         array|
|output_38_address0    |  out|    6|   ap_memory|     output_38|         array|
|output_38_ce0         |  out|    1|   ap_memory|     output_38|         array|
|output_38_we0         |  out|    1|   ap_memory|     output_38|         array|
|output_38_d0          |  out|   32|   ap_memory|     output_38|         array|
|output_38_q0          |   in|   32|   ap_memory|     output_38|         array|
|output_39_address0    |  out|    6|   ap_memory|     output_39|         array|
|output_39_ce0         |  out|    1|   ap_memory|     output_39|         array|
|output_39_we0         |  out|    1|   ap_memory|     output_39|         array|
|output_39_d0          |  out|   32|   ap_memory|     output_39|         array|
|output_39_q0          |   in|   32|   ap_memory|     output_39|         array|
|output_40_address0    |  out|    6|   ap_memory|     output_40|         array|
|output_40_ce0         |  out|    1|   ap_memory|     output_40|         array|
|output_40_we0         |  out|    1|   ap_memory|     output_40|         array|
|output_40_d0          |  out|   32|   ap_memory|     output_40|         array|
|output_40_q0          |   in|   32|   ap_memory|     output_40|         array|
|output_41_address0    |  out|    6|   ap_memory|     output_41|         array|
|output_41_ce0         |  out|    1|   ap_memory|     output_41|         array|
|output_41_we0         |  out|    1|   ap_memory|     output_41|         array|
|output_41_d0          |  out|   32|   ap_memory|     output_41|         array|
|output_41_q0          |   in|   32|   ap_memory|     output_41|         array|
|output_42_address0    |  out|    6|   ap_memory|     output_42|         array|
|output_42_ce0         |  out|    1|   ap_memory|     output_42|         array|
|output_42_we0         |  out|    1|   ap_memory|     output_42|         array|
|output_42_d0          |  out|   32|   ap_memory|     output_42|         array|
|output_42_q0          |   in|   32|   ap_memory|     output_42|         array|
|output_43_address0    |  out|    6|   ap_memory|     output_43|         array|
|output_43_ce0         |  out|    1|   ap_memory|     output_43|         array|
|output_43_we0         |  out|    1|   ap_memory|     output_43|         array|
|output_43_d0          |  out|   32|   ap_memory|     output_43|         array|
|output_43_q0          |   in|   32|   ap_memory|     output_43|         array|
|output_44_address0    |  out|    6|   ap_memory|     output_44|         array|
|output_44_ce0         |  out|    1|   ap_memory|     output_44|         array|
|output_44_we0         |  out|    1|   ap_memory|     output_44|         array|
|output_44_d0          |  out|   32|   ap_memory|     output_44|         array|
|output_44_q0          |   in|   32|   ap_memory|     output_44|         array|
|output_45_address0    |  out|    6|   ap_memory|     output_45|         array|
|output_45_ce0         |  out|    1|   ap_memory|     output_45|         array|
|output_45_we0         |  out|    1|   ap_memory|     output_45|         array|
|output_45_d0          |  out|   32|   ap_memory|     output_45|         array|
|output_45_q0          |   in|   32|   ap_memory|     output_45|         array|
|output_46_address0    |  out|    6|   ap_memory|     output_46|         array|
|output_46_ce0         |  out|    1|   ap_memory|     output_46|         array|
|output_46_we0         |  out|    1|   ap_memory|     output_46|         array|
|output_46_d0          |  out|   32|   ap_memory|     output_46|         array|
|output_46_q0          |   in|   32|   ap_memory|     output_46|         array|
|output_47_address0    |  out|    6|   ap_memory|     output_47|         array|
|output_47_ce0         |  out|    1|   ap_memory|     output_47|         array|
|output_47_we0         |  out|    1|   ap_memory|     output_47|         array|
|output_47_d0          |  out|   32|   ap_memory|     output_47|         array|
|output_47_q0          |   in|   32|   ap_memory|     output_47|         array|
|output_48_address0    |  out|    6|   ap_memory|     output_48|         array|
|output_48_ce0         |  out|    1|   ap_memory|     output_48|         array|
|output_48_we0         |  out|    1|   ap_memory|     output_48|         array|
|output_48_d0          |  out|   32|   ap_memory|     output_48|         array|
|output_48_q0          |   in|   32|   ap_memory|     output_48|         array|
|output_49_address0    |  out|    6|   ap_memory|     output_49|         array|
|output_49_ce0         |  out|    1|   ap_memory|     output_49|         array|
|output_49_we0         |  out|    1|   ap_memory|     output_49|         array|
|output_49_d0          |  out|   32|   ap_memory|     output_49|         array|
|output_49_q0          |   in|   32|   ap_memory|     output_49|         array|
|output_50_address0    |  out|    6|   ap_memory|     output_50|         array|
|output_50_ce0         |  out|    1|   ap_memory|     output_50|         array|
|output_50_we0         |  out|    1|   ap_memory|     output_50|         array|
|output_50_d0          |  out|   32|   ap_memory|     output_50|         array|
|output_50_q0          |   in|   32|   ap_memory|     output_50|         array|
|output_51_address0    |  out|    6|   ap_memory|     output_51|         array|
|output_51_ce0         |  out|    1|   ap_memory|     output_51|         array|
|output_51_we0         |  out|    1|   ap_memory|     output_51|         array|
|output_51_d0          |  out|   32|   ap_memory|     output_51|         array|
|output_51_q0          |   in|   32|   ap_memory|     output_51|         array|
|output_52_address0    |  out|    6|   ap_memory|     output_52|         array|
|output_52_ce0         |  out|    1|   ap_memory|     output_52|         array|
|output_52_we0         |  out|    1|   ap_memory|     output_52|         array|
|output_52_d0          |  out|   32|   ap_memory|     output_52|         array|
|output_52_q0          |   in|   32|   ap_memory|     output_52|         array|
|output_53_address0    |  out|    6|   ap_memory|     output_53|         array|
|output_53_ce0         |  out|    1|   ap_memory|     output_53|         array|
|output_53_we0         |  out|    1|   ap_memory|     output_53|         array|
|output_53_d0          |  out|   32|   ap_memory|     output_53|         array|
|output_53_q0          |   in|   32|   ap_memory|     output_53|         array|
|output_54_address0    |  out|    6|   ap_memory|     output_54|         array|
|output_54_ce0         |  out|    1|   ap_memory|     output_54|         array|
|output_54_we0         |  out|    1|   ap_memory|     output_54|         array|
|output_54_d0          |  out|   32|   ap_memory|     output_54|         array|
|output_54_q0          |   in|   32|   ap_memory|     output_54|         array|
|output_55_address0    |  out|    6|   ap_memory|     output_55|         array|
|output_55_ce0         |  out|    1|   ap_memory|     output_55|         array|
|output_55_we0         |  out|    1|   ap_memory|     output_55|         array|
|output_55_d0          |  out|   32|   ap_memory|     output_55|         array|
|output_55_q0          |   in|   32|   ap_memory|     output_55|         array|
|output_56_address0    |  out|    6|   ap_memory|     output_56|         array|
|output_56_ce0         |  out|    1|   ap_memory|     output_56|         array|
|output_56_we0         |  out|    1|   ap_memory|     output_56|         array|
|output_56_d0          |  out|   32|   ap_memory|     output_56|         array|
|output_56_q0          |   in|   32|   ap_memory|     output_56|         array|
|output_57_address0    |  out|    6|   ap_memory|     output_57|         array|
|output_57_ce0         |  out|    1|   ap_memory|     output_57|         array|
|output_57_we0         |  out|    1|   ap_memory|     output_57|         array|
|output_57_d0          |  out|   32|   ap_memory|     output_57|         array|
|output_57_q0          |   in|   32|   ap_memory|     output_57|         array|
|output_58_address0    |  out|    6|   ap_memory|     output_58|         array|
|output_58_ce0         |  out|    1|   ap_memory|     output_58|         array|
|output_58_we0         |  out|    1|   ap_memory|     output_58|         array|
|output_58_d0          |  out|   32|   ap_memory|     output_58|         array|
|output_58_q0          |   in|   32|   ap_memory|     output_58|         array|
|output_59_address0    |  out|    6|   ap_memory|     output_59|         array|
|output_59_ce0         |  out|    1|   ap_memory|     output_59|         array|
|output_59_we0         |  out|    1|   ap_memory|     output_59|         array|
|output_59_d0          |  out|   32|   ap_memory|     output_59|         array|
|output_59_q0          |   in|   32|   ap_memory|     output_59|         array|
|output_60_address0    |  out|    6|   ap_memory|     output_60|         array|
|output_60_ce0         |  out|    1|   ap_memory|     output_60|         array|
|output_60_we0         |  out|    1|   ap_memory|     output_60|         array|
|output_60_d0          |  out|   32|   ap_memory|     output_60|         array|
|output_60_q0          |   in|   32|   ap_memory|     output_60|         array|
|output_61_address0    |  out|    6|   ap_memory|     output_61|         array|
|output_61_ce0         |  out|    1|   ap_memory|     output_61|         array|
|output_61_we0         |  out|    1|   ap_memory|     output_61|         array|
|output_61_d0          |  out|   32|   ap_memory|     output_61|         array|
|output_61_q0          |   in|   32|   ap_memory|     output_61|         array|
|output_62_address0    |  out|    6|   ap_memory|     output_62|         array|
|output_62_ce0         |  out|    1|   ap_memory|     output_62|         array|
|output_62_we0         |  out|    1|   ap_memory|     output_62|         array|
|output_62_d0          |  out|   32|   ap_memory|     output_62|         array|
|output_62_q0          |   in|   32|   ap_memory|     output_62|         array|
|output_63_address0    |  out|    5|   ap_memory|     output_63|         array|
|output_63_ce0         |  out|    1|   ap_memory|     output_63|         array|
|output_63_we0         |  out|    1|   ap_memory|     output_63|         array|
|output_63_d0          |  out|   32|   ap_memory|     output_63|         array|
|output_63_q0          |   in|   32|   ap_memory|     output_63|         array|
+----------------------+-----+-----+------------+--------------+--------------+

