

================================================================
== Vitis HLS Report for 'conv2d_unsigned_short_29_unsigned_short_29_unsigned_short_32_unsigned_short_3_unsigned_short_3_unsigned_short_32_unsigned_short_32_unsigned_short_32_unsigned_short_58_unsigned_short_58_unsigned_short_32_s'
================================================================
* Date:           Thu Jan 11 20:10:48 2024

* Version:        2020.2 (Build 3064766 on Wed Nov 18 09:12:47 MST 2020)
* Project:        cnn
* Solution:       solution1 (Vivado IP Flow Target)
* Product family: zynquplus
* Target device:  xczu3eg-sbva484-1-e


================================================================
== Performance Estimates
================================================================
+ Timing: 
    * Summary: 
    +--------+----------+----------+------------+
    |  Clock |  Target  | Estimated| Uncertainty|
    +--------+----------+----------+------------+
    |ap_clk  |  10.00 ns|  4.146 ns|     2.70 ns|
    +--------+----------+----------+------------+

+ Latency: 
    * Summary: 
    +---------+---------+----------+----------+-------+--------+---------+
    |  Latency (cycles) |  Latency (absolute) |    Interval    | Pipeline|
    |   min   |   max   |    min   |    max   |  min  |   max  |   Type  |
    +---------+---------+----------+----------+-------+--------+---------+
    |    44287|   266815|  0.443 ms|  2.668 ms|  44287|  266815|     none|
    +---------+---------+----------+----------+-------+--------+---------+

    + Detail: 
        * Instance: 
        N/A

        * Loop: 
        +------------------------------+---------+---------+----------+-----------+-----------+-----------+----------+
        |                              |  Latency (cycles) | Iteration|  Initiation Interval  |    Trip   |          |
        |           Loop Name          |   min   |   max   |  Latency |  achieved |   target  |   Count   | Pipelined|
        +------------------------------+---------+---------+----------+-----------+-----------+-----------+----------+
        |- conv2d1_conv2d2             |    44286|   266814|       366|          -|          -|  121 ~ 729|        no|
        | + conv2d3_1                  |       33|       33|         2|          1|          1|         32|       yes|
        | + conv2d3_2_conv2d4_conv2d5  |      294|      294|         8|          1|          1|        288|       yes|
        | + conv2d3_3                  |       32|       32|         1|          1|          1|         32|       yes|
        +------------------------------+---------+---------+----------+-----------+-----------+-----------+----------+



================================================================
== Utilization Estimates
================================================================
* Summary: 
+-----------------+---------+-----+--------+-------+-----+
|       Name      | BRAM_18K| DSP |   FF   |  LUT  | URAM|
+-----------------+---------+-----+--------+-------+-----+
|DSP              |        -|   33|       -|      -|    -|
|Expression       |        -|    -|       0|    479|    -|
|FIFO             |        -|    -|       -|      -|    -|
|Instance         |        -|    0|       0|    188|    -|
|Memory           |        -|    -|       -|      -|    -|
|Multiplexer      |        -|    -|       -|   2260|    -|
|Register         |        -|    -|    2977|     64|    -|
+-----------------+---------+-----+--------+-------+-----+
|Total            |        0|   33|    2977|   2991|    0|
+-----------------+---------+-----+--------+-------+-----+
|Available        |      432|  360|  141120|  70560|    0|
+-----------------+---------+-----+--------+-------+-----+
|Utilization (%)  |        0|    9|       2|      4|    0|
+-----------------+---------+-----+--------+-------+-----+

+ Detail: 
    * Instance: 
    +------------------------+--------------------+---------+----+---+-----+-----+
    |        Instance        |       Module       | BRAM_18K| DSP| FF| LUT | URAM|
    +------------------------+--------------------+---------+----+---+-----+-----+
    |mul_4ns_6ns_9_1_1_U11   |mul_4ns_6ns_9_1_1   |        0|   0|  0|   23|    0|
    |mul_5ns_5ns_10_1_1_U10  |mul_5ns_5ns_10_1_1  |        0|   0|  0|   17|    0|
    |mux_325_21_1_1_U12      |mux_325_21_1_1      |        0|   0|  0|  148|    0|
    +------------------------+--------------------+---------+----+---+-----+-----+
    |Total                   |                    |        0|   0|  0|  188|    0|
    +------------------------+--------------------+---------+----+---+-----+-----+

    * DSP: 
    +------------------------------------+--------------------------------+--------------+
    |              Instance              |             Module             |  Expression  |
    +------------------------------------+--------------------------------+--------------+
    |mac_muladd_14s_21s_37ns_37_4_1_U18  |mac_muladd_14s_21s_37ns_37_4_1  |  i0 + i1 * i2|
    |mac_muladd_14s_21s_37ns_37_4_1_U19  |mac_muladd_14s_21s_37ns_37_4_1  |  i0 + i1 * i2|
    |mac_muladd_14s_21s_37ns_37_4_1_U22  |mac_muladd_14s_21s_37ns_37_4_1  |  i0 + i1 * i2|
    |mac_muladd_14s_21s_37ns_37_4_1_U24  |mac_muladd_14s_21s_37ns_37_4_1  |  i0 + i1 * i2|
    |mac_muladd_14s_21s_37ns_37_4_1_U25  |mac_muladd_14s_21s_37ns_37_4_1  |  i0 + i1 * i2|
    |mac_muladd_14s_21s_37ns_37_4_1_U28  |mac_muladd_14s_21s_37ns_37_4_1  |  i0 + i1 * i2|
    |mac_muladd_14s_21s_37ns_37_4_1_U32  |mac_muladd_14s_21s_37ns_37_4_1  |  i0 + i1 * i2|
    |mac_muladd_14s_21s_37ns_37_4_1_U35  |mac_muladd_14s_21s_37ns_37_4_1  |  i0 + i1 * i2|
    |mac_muladd_14s_21s_37ns_37_4_1_U42  |mac_muladd_14s_21s_37ns_37_4_1  |  i0 + i1 * i2|
    |mac_muladd_14s_21s_37ns_37_4_1_U43  |mac_muladd_14s_21s_37ns_37_4_1  |  i0 + i1 * i2|
    |mac_muladd_14s_21s_37ns_37_4_1_U44  |mac_muladd_14s_21s_37ns_37_4_1  |  i0 + i1 * i2|
    |mac_muladd_14s_21s_37ns_37_4_1_U45  |mac_muladd_14s_21s_37ns_37_4_1  |  i0 + i1 * i2|
    |mac_muladd_15s_21s_37ns_37_4_1_U30  |mac_muladd_15s_21s_37ns_37_4_1  |  i0 + i1 * i2|
    |mac_muladd_16s_21s_37ns_37_4_1_U14  |mac_muladd_16s_21s_37ns_37_4_1  |  i0 + i1 * i2|
    |mac_muladd_16s_21s_37ns_37_4_1_U15  |mac_muladd_16s_21s_37ns_37_4_1  |  i0 + i1 * i2|
    |mac_muladd_16s_21s_37ns_37_4_1_U17  |mac_muladd_16s_21s_37ns_37_4_1  |  i0 + i1 * i2|
    |mac_muladd_16s_21s_37ns_37_4_1_U20  |mac_muladd_16s_21s_37ns_37_4_1  |  i0 + i1 * i2|
    |mac_muladd_16s_21s_37ns_37_4_1_U21  |mac_muladd_16s_21s_37ns_37_4_1  |  i0 + i1 * i2|
    |mac_muladd_16s_21s_37ns_37_4_1_U23  |mac_muladd_16s_21s_37ns_37_4_1  |  i0 + i1 * i2|
    |mac_muladd_16s_21s_37ns_37_4_1_U26  |mac_muladd_16s_21s_37ns_37_4_1  |  i0 + i1 * i2|
    |mac_muladd_16s_21s_37ns_37_4_1_U27  |mac_muladd_16s_21s_37ns_37_4_1  |  i0 + i1 * i2|
    |mac_muladd_16s_21s_37ns_37_4_1_U29  |mac_muladd_16s_21s_37ns_37_4_1  |  i0 + i1 * i2|
    |mac_muladd_16s_21s_37ns_37_4_1_U31  |mac_muladd_16s_21s_37ns_37_4_1  |  i0 + i1 * i2|
    |mac_muladd_16s_21s_37ns_37_4_1_U33  |mac_muladd_16s_21s_37ns_37_4_1  |  i0 + i1 * i2|
    |mac_muladd_16s_21s_37ns_37_4_1_U34  |mac_muladd_16s_21s_37ns_37_4_1  |  i0 + i1 * i2|
    |mac_muladd_16s_21s_37ns_37_4_1_U39  |mac_muladd_16s_21s_37ns_37_4_1  |  i0 + i1 * i2|
    |mac_muladd_16s_21s_37ns_37_4_1_U41  |mac_muladd_16s_21s_37ns_37_4_1  |  i0 + i1 * i2|
    |mac_muladd_17s_21s_37ns_37_4_1_U16  |mac_muladd_17s_21s_37ns_37_4_1  |  i0 + i1 * i2|
    |mac_muladd_17s_21s_37ns_37_4_1_U36  |mac_muladd_17s_21s_37ns_37_4_1  |  i0 + i1 * i2|
    |mac_muladd_17s_21s_37ns_37_4_1_U37  |mac_muladd_17s_21s_37ns_37_4_1  |  i0 + i1 * i2|
    |mac_muladd_17s_21s_37ns_37_4_1_U38  |mac_muladd_17s_21s_37ns_37_4_1  |  i0 + i1 * i2|
    |mac_muladd_17s_21s_37ns_37_4_1_U40  |mac_muladd_17s_21s_37ns_37_4_1  |  i0 + i1 * i2|
    |mac_muladd_5ns_6ns_5ns_10_4_1_U13   |mac_muladd_5ns_6ns_5ns_10_4_1   |  i0 * i1 + i2|
    +------------------------------------+--------------------------------+--------------+

    * Memory: 
    N/A

    * FIFO: 
    N/A

    * Expression: 
    +-----------------------------------+----------+----+---+----+------------+------------+
    |           Variable Name           | Operation| DSP| FF| LUT| Bitwidth P0| Bitwidth P1|
    +-----------------------------------+----------+----+---+----+------------+------------+
    |add_ln1118_2_fu_9555_p2            |         +|   0|  0|  16|           9|           9|
    |add_ln1118_fu_9479_p2              |         +|   0|  0|   7|           4|           4|
    |add_ln30_2_fu_9163_p2              |         +|   0|  0|  12|           5|           3|
    |add_ln30_3_fu_9191_p2              |         +|   0|  0|  17|          10|           1|
    |add_ln30_fu_9133_p2                |         +|   0|  0|  12|           5|           3|
    |add_ln36_fu_9277_p2                |         +|   0|  0|  13|           6|           1|
    |add_ln42_1_fu_9334_p2              |         +|   0|  0|  16|           9|           1|
    |add_ln42_fu_9499_p2                |         +|   0|  0|  13|           6|           1|
    |add_ln45_2_fu_9485_p2              |         +|   0|  0|  12|           4|           1|
    |add_ln45_fu_9424_p2                |         +|   0|  0|  12|           5|           5|
    |add_ln50_3_fu_9537_p2              |         +|   0|  0|  22|          15|          15|
    |add_ln50_fu_9515_p2                |         +|   0|  0|  12|           5|           5|
    |add_ln60_fu_10320_p2               |         +|   0|  0|  13|           6|           1|
    |add_ln64_2_fu_10336_p2             |         +|   0|  0|  22|          15|          15|
    |add_ln64_fu_10303_p2               |         +|   0|  0|  16|           9|           9|
    |i_fu_9202_p2                       |         +|   0|  0|  12|           5|           1|
    |ii_5_fu_10432_p2                   |         +|   0|  0|  12|           5|           1|
    |indvars_iv_next24_fu_9469_p2       |         +|   0|  0|  10|           3|           1|
    |indvars_iv_next28_dup_fu_9392_p2   |         +|   0|  0|  10|           3|           1|
    |indvars_iv_next28_fu_9340_p2       |         +|   0|  0|  10|           3|           1|
    |indvars_iv_next28_mid1_fu_9433_p2  |         +|   0|  0|  10|           3|           2|
    |sub4_fu_9111_p2                    |         +|   0|  0|  12|           5|           2|
    |sub519_fu_9233_p2                  |         +|   0|  0|  12|           5|           2|
    |sub55_fu_10284_p2                  |         +|   0|  0|  12|           5|           2|
    |sub_fu_9105_p2                     |         +|   0|  0|  12|           5|           2|
    |sub_ln1118_fu_9463_p2              |         -|   0|  0|   7|           4|           4|
    |and_ln42_fu_9386_p2                |       and|   0|  0|   2|           1|           1|
    |icmp42_fu_9157_p2                  |      icmp|   0|  0|   9|           4|           1|
    |icmp_fu_9127_p2                    |      icmp|   0|  0|   9|           4|           1|
    |icmp_ln30_fu_9197_p2               |      icmp|   0|  0|  11|          10|          10|
    |icmp_ln33_fu_9208_p2               |      icmp|   0|  0|   9|           5|           5|
    |icmp_ln36_fu_9283_p2               |      icmp|   0|  0|  10|           6|           7|
    |icmp_ln42_fu_9346_p2               |      icmp|   0|  0|  11|           9|           9|
    |icmp_ln45_fu_9352_p2               |      icmp|   0|  0|   9|           4|           4|
    |icmp_ln48_fu_9380_p2               |      icmp|   0|  0|   8|           3|           2|
    |icmp_ln60_fu_10326_p2              |      icmp|   0|  0|  10|           6|           7|
    |or_ln45_fu_9398_p2                 |        or|   0|  0|   2|           1|           1|
    |select_ln30_3_fu_9169_p3           |    select|   0|  0|   5|           1|           5|
    |select_ln30_4_fu_9213_p3           |    select|   0|  0|   5|           1|           5|
    |select_ln30_5_fu_9221_p3           |    select|   0|  0|   5|           1|           5|
    |select_ln30_6_fu_9259_p3           |    select|   0|  0|   4|           1|           4|
    |select_ln30_fu_9139_p3             |    select|   0|  0|   5|           1|           5|
    |select_ln42_1_fu_9505_p3           |    select|   0|  0|   6|           1|           6|
    |select_ln42_2_fu_9366_p3           |    select|   0|  0|   3|           1|           1|
    |select_ln42_fu_9358_p3             |    select|   0|  0|   3|           1|           2|
    |select_ln45_3_fu_9412_p3           |    select|   0|  0|   3|           1|           3|
    |select_ln45_4_fu_9439_p3           |    select|   0|  0|   3|           1|           3|
    |select_ln45_5_fu_9491_p3           |    select|   0|  0|   4|           1|           1|
    |select_ln45_fu_9404_p3             |    select|   0|  0|   3|           1|           2|
    |ap_enable_pp0                      |       xor|   0|  0|   2|           1|           2|
    |ap_enable_pp1                      |       xor|   0|  0|   2|           1|           2|
    |xor_ln42_fu_9374_p2                |       xor|   0|  0|   2|           1|           2|
    +-----------------------------------+----------+----+---+----+------------+------------+
    |Total                              |          |   0|  0| 479|         227|         189|
    +-----------------------------------+----------+----+---+----+------------+------------+

    * Multiplexer: 
    +----------------------------------------------+----+-----------+-----+-----------+
    |                     Name                     | LUT| Input Size| Bits| Total Bits|
    +----------------------------------------------+----+-----------+-----+-----------+
    |ap_NS_fsm                                     |  49|          9|    1|          9|
    |ap_enable_reg_pp0_iter1                       |   9|          2|    1|          2|
    |ap_enable_reg_pp1_iter6                       |   9|          2|    1|          2|
    |ap_enable_reg_pp1_iter7                       |  14|          3|    1|          3|
    |ap_phi_mux_iv_phi_fu_4852_p4                  |   9|          2|    6|         12|
    |ap_phi_mux_output_sum_0_V_3_phi_fu_4706_p64   |  14|          3|   21|         63|
    |ap_phi_mux_output_sum_0_V_62_phi_fu_5203_p4   |   9|          2|   21|         42|
    |ap_phi_mux_output_sum_0_V_9_phi_fu_8896_p66   |  14|          3|   21|         63|
    |ap_phi_mux_output_sum_10_V_3_phi_fu_3686_p64  |  14|          3|   21|         63|
    |ap_phi_mux_output_sum_10_V_6_phi_fu_5093_p4   |   9|          2|   21|         42|
    |ap_phi_mux_output_sum_10_V_9_phi_fu_7836_p66  |  14|          3|   21|         63|
    |ap_phi_mux_output_sum_11_V_3_phi_fu_3584_p64  |  14|          3|   21|         63|
    |ap_phi_mux_output_sum_11_V_6_phi_fu_5082_p4   |   9|          2|   21|         42|
    |ap_phi_mux_output_sum_11_V_9_phi_fu_7730_p66  |  14|          3|   21|         63|
    |ap_phi_mux_output_sum_12_V_3_phi_fu_3482_p64  |  14|          3|   21|         63|
    |ap_phi_mux_output_sum_12_V_6_phi_fu_5071_p4   |   9|          2|   21|         42|
    |ap_phi_mux_output_sum_12_V_9_phi_fu_7624_p66  |  14|          3|   21|         63|
    |ap_phi_mux_output_sum_13_V_3_phi_fu_3380_p64  |  14|          3|   21|         63|
    |ap_phi_mux_output_sum_13_V_6_phi_fu_5060_p4   |   9|          2|   21|         42|
    |ap_phi_mux_output_sum_13_V_9_phi_fu_7518_p66  |  14|          3|   21|         63|
    |ap_phi_mux_output_sum_14_V_3_phi_fu_3278_p64  |  14|          3|   21|         63|
    |ap_phi_mux_output_sum_14_V_6_phi_fu_5049_p4   |   9|          2|   21|         42|
    |ap_phi_mux_output_sum_14_V_9_phi_fu_7412_p66  |  14|          3|   21|         63|
    |ap_phi_mux_output_sum_15_V_3_phi_fu_3176_p64  |  14|          3|   21|         63|
    |ap_phi_mux_output_sum_15_V_6_phi_fu_5038_p4   |   9|          2|   21|         42|
    |ap_phi_mux_output_sum_15_V_9_phi_fu_7306_p66  |  14|          3|   21|         63|
    |ap_phi_mux_output_sum_16_V_3_phi_fu_3074_p64  |  14|          3|   21|         63|
    |ap_phi_mux_output_sum_16_V_6_phi_fu_5027_p4   |   9|          2|   21|         42|
    |ap_phi_mux_output_sum_16_V_9_phi_fu_7200_p66  |  14|          3|   21|         63|
    |ap_phi_mux_output_sum_17_V_3_phi_fu_2972_p64  |  14|          3|   21|         63|
    |ap_phi_mux_output_sum_17_V_6_phi_fu_5016_p4   |   9|          2|   21|         42|
    |ap_phi_mux_output_sum_17_V_9_phi_fu_7094_p66  |  14|          3|   21|         63|
    |ap_phi_mux_output_sum_18_V_3_phi_fu_2870_p64  |  14|          3|   21|         63|
    |ap_phi_mux_output_sum_18_V_6_phi_fu_5005_p4   |   9|          2|   21|         42|
    |ap_phi_mux_output_sum_18_V_9_phi_fu_6988_p66  |  14|          3|   21|         63|
    |ap_phi_mux_output_sum_19_V_3_phi_fu_2768_p64  |  14|          3|   21|         63|
    |ap_phi_mux_output_sum_19_V_6_phi_fu_4994_p4   |   9|          2|   21|         42|
    |ap_phi_mux_output_sum_19_V_9_phi_fu_6882_p66  |  14|          3|   21|         63|
    |ap_phi_mux_output_sum_1_V_3_phi_fu_4604_p64   |  14|          3|   21|         63|
    |ap_phi_mux_output_sum_1_V_6_phi_fu_5192_p4    |   9|          2|   21|         42|
    |ap_phi_mux_output_sum_1_V_9_phi_fu_8790_p66   |  14|          3|   21|         63|
    |ap_phi_mux_output_sum_20_V_3_phi_fu_2666_p64  |  14|          3|   21|         63|
    |ap_phi_mux_output_sum_20_V_6_phi_fu_4983_p4   |   9|          2|   21|         42|
    |ap_phi_mux_output_sum_20_V_9_phi_fu_6776_p66  |  14|          3|   21|         63|
    |ap_phi_mux_output_sum_21_V_3_phi_fu_2564_p64  |  14|          3|   21|         63|
    |ap_phi_mux_output_sum_21_V_6_phi_fu_4972_p4   |   9|          2|   21|         42|
    |ap_phi_mux_output_sum_21_V_9_phi_fu_6670_p66  |  14|          3|   21|         63|
    |ap_phi_mux_output_sum_22_V_3_phi_fu_2462_p64  |  14|          3|   21|         63|
    |ap_phi_mux_output_sum_22_V_6_phi_fu_4961_p4   |   9|          2|   21|         42|
    |ap_phi_mux_output_sum_22_V_9_phi_fu_6564_p66  |  14|          3|   21|         63|
    |ap_phi_mux_output_sum_23_V_3_phi_fu_2360_p64  |  14|          3|   21|         63|
    |ap_phi_mux_output_sum_23_V_6_phi_fu_4950_p4   |   9|          2|   21|         42|
    |ap_phi_mux_output_sum_23_V_9_phi_fu_6458_p66  |  14|          3|   21|         63|
    |ap_phi_mux_output_sum_24_V_3_phi_fu_2258_p64  |  14|          3|   21|         63|
    |ap_phi_mux_output_sum_24_V_6_phi_fu_4939_p4   |   9|          2|   21|         42|
    |ap_phi_mux_output_sum_24_V_9_phi_fu_6352_p66  |  14|          3|   21|         63|
    |ap_phi_mux_output_sum_25_V_3_phi_fu_2156_p64  |  14|          3|   21|         63|
    |ap_phi_mux_output_sum_25_V_6_phi_fu_4928_p4   |   9|          2|   21|         42|
    |ap_phi_mux_output_sum_25_V_9_phi_fu_6246_p66  |  14|          3|   21|         63|
    |ap_phi_mux_output_sum_26_V_3_phi_fu_2054_p64  |  14|          3|   21|         63|
    |ap_phi_mux_output_sum_26_V_6_phi_fu_4917_p4   |   9|          2|   21|         42|
    |ap_phi_mux_output_sum_26_V_9_phi_fu_6140_p66  |  14|          3|   21|         63|
    |ap_phi_mux_output_sum_27_V_3_phi_fu_1952_p64  |  14|          3|   21|         63|
    |ap_phi_mux_output_sum_27_V_6_phi_fu_4906_p4   |   9|          2|   21|         42|
    |ap_phi_mux_output_sum_27_V_9_phi_fu_6034_p66  |  14|          3|   21|         63|
    |ap_phi_mux_output_sum_28_V_3_phi_fu_1850_p64  |  14|          3|   21|         63|
    |ap_phi_mux_output_sum_28_V_6_phi_fu_4895_p4   |   9|          2|   21|         42|
    |ap_phi_mux_output_sum_28_V_9_phi_fu_5928_p66  |  14|          3|   21|         63|
    |ap_phi_mux_output_sum_29_V_3_phi_fu_1748_p64  |  14|          3|   21|         63|
    |ap_phi_mux_output_sum_29_V_6_phi_fu_4884_p4   |   9|          2|   21|         42|
    |ap_phi_mux_output_sum_29_V_9_phi_fu_5822_p66  |  14|          3|   21|         63|
    |ap_phi_mux_output_sum_2_V_3_phi_fu_4502_p64   |  14|          3|   21|         63|
    |ap_phi_mux_output_sum_2_V_6_phi_fu_5181_p4    |   9|          2|   21|         42|
    |ap_phi_mux_output_sum_2_V_9_phi_fu_8684_p66   |  14|          3|   21|         63|
    |ap_phi_mux_output_sum_30_V_3_phi_fu_1646_p64  |  14|          3|   21|         63|
    |ap_phi_mux_output_sum_30_V_6_phi_fu_4873_p4   |   9|          2|   21|         42|
    |ap_phi_mux_output_sum_30_V_9_phi_fu_5716_p66  |  14|          3|   21|         63|
    |ap_phi_mux_output_sum_31_V_3_phi_fu_1544_p64  |  14|          3|   21|         63|
    |ap_phi_mux_output_sum_31_V_6_phi_fu_4862_p4   |   9|          2|   21|         42|
    |ap_phi_mux_output_sum_31_V_9_phi_fu_5610_p66  |  14|          3|   21|         63|
    |ap_phi_mux_output_sum_3_V_3_phi_fu_4400_p64   |  14|          3|   21|         63|
    |ap_phi_mux_output_sum_3_V_6_phi_fu_5170_p4    |   9|          2|   21|         42|
    |ap_phi_mux_output_sum_3_V_9_phi_fu_8578_p66   |  14|          3|   21|         63|
    |ap_phi_mux_output_sum_4_V_3_phi_fu_4298_p64   |  14|          3|   21|         63|
    |ap_phi_mux_output_sum_4_V_6_phi_fu_5159_p4    |   9|          2|   21|         42|
    |ap_phi_mux_output_sum_4_V_9_phi_fu_8472_p66   |  14|          3|   21|         63|
    |ap_phi_mux_output_sum_5_V_3_phi_fu_4196_p64   |  14|          3|   21|         63|
    |ap_phi_mux_output_sum_5_V_6_phi_fu_5148_p4    |   9|          2|   21|         42|
    |ap_phi_mux_output_sum_5_V_9_phi_fu_8366_p66   |  14|          3|   21|         63|
    |ap_phi_mux_output_sum_6_V_3_phi_fu_4094_p64   |  14|          3|   21|         63|
    |ap_phi_mux_output_sum_6_V_6_phi_fu_5137_p4    |   9|          2|   21|         42|
    |ap_phi_mux_output_sum_6_V_9_phi_fu_8260_p66   |  14|          3|   21|         63|
    |ap_phi_mux_output_sum_7_V_3_phi_fu_3992_p64   |  14|          3|   21|         63|
    |ap_phi_mux_output_sum_7_V_6_phi_fu_5126_p4    |   9|          2|   21|         42|
    |ap_phi_mux_output_sum_7_V_9_phi_fu_8154_p66   |  14|          3|   21|         63|
    |ap_phi_mux_output_sum_8_V_3_phi_fu_3890_p64   |  14|          3|   21|         63|
    |ap_phi_mux_output_sum_8_V_6_phi_fu_5115_p4    |   9|          2|   21|         42|
    |ap_phi_mux_output_sum_8_V_9_phi_fu_8048_p66   |  14|          3|   21|         63|
    |ap_phi_mux_output_sum_9_V_3_phi_fu_3788_p64   |  14|          3|   21|         63|
    |ap_phi_mux_output_sum_9_V_6_phi_fu_5104_p4    |   9|          2|   21|         42|
    |ap_phi_mux_output_sum_9_V_9_phi_fu_7942_p66   |  14|          3|   21|         63|
    |ap_phi_mux_p_fca_0_0_0_load_phi_fu_9001_p66   |  14|          3|   21|         63|
    |ap_phi_mux_v_phi_fu_4830_p4                   |   9|          2|    3|          6|
    |ap_phi_mux_vi_phi_fu_4841_p4                  |   9|          2|    3|          6|
    |i_011_reg_771                                 |   9|          2|    5|         10|
    |ii_reg_1166                                   |   9|          2|    5|         10|
    |iii_3_reg_5595                                |   9|          2|    6|         12|
    |iii_reg_1177                                  |   9|          2|    6|         12|
    |indvar_flatten85_reg_4804                     |   9|          2|    9|         18|
    |indvar_flatten96_reg_760                      |   9|          2|   10|         20|
    |indvar_flatten_reg_4815                       |   9|          2|    4|          8|
    |iv_reg_4848                                   |   9|          2|    6|         12|
    |output_sum_0_V_2_reg_1529                     |   9|          2|   21|         42|
    |output_sum_0_V_62_reg_5200                    |   9|          2|   21|         42|
    |output_sum_0_V_7_reg_5583                     |   9|          2|   21|         42|
    |output_sum_10_V_2_reg_1419                    |   9|          2|   21|         42|
    |output_sum_10_V_6_reg_5090                    |   9|          2|   21|         42|
    |output_sum_10_V_7_reg_5463                    |   9|          2|   21|         42|
    |output_sum_11_V_2_reg_1408                    |   9|          2|   21|         42|
    |output_sum_11_V_6_reg_5079                    |   9|          2|   21|         42|
    |output_sum_11_V_7_reg_5451                    |   9|          2|   21|         42|
    |output_sum_12_V_2_reg_1397                    |   9|          2|   21|         42|
    |output_sum_12_V_6_reg_5068                    |   9|          2|   21|         42|
    |output_sum_12_V_7_reg_5439                    |   9|          2|   21|         42|
    |output_sum_13_V_2_reg_1386                    |   9|          2|   21|         42|
    |output_sum_13_V_6_reg_5057                    |   9|          2|   21|         42|
    |output_sum_13_V_7_reg_5427                    |   9|          2|   21|         42|
    |output_sum_14_V_2_reg_1375                    |   9|          2|   21|         42|
    |output_sum_14_V_6_reg_5046                    |   9|          2|   21|         42|
    |output_sum_14_V_7_reg_5415                    |   9|          2|   21|         42|
    |output_sum_15_V_2_reg_1364                    |   9|          2|   21|         42|
    |output_sum_15_V_6_reg_5035                    |   9|          2|   21|         42|
    |output_sum_15_V_7_reg_5403                    |   9|          2|   21|         42|
    |output_sum_16_V_2_reg_1353                    |   9|          2|   21|         42|
    |output_sum_16_V_6_reg_5024                    |   9|          2|   21|         42|
    |output_sum_16_V_7_reg_5391                    |   9|          2|   21|         42|
    |output_sum_17_V_2_reg_1342                    |   9|          2|   21|         42|
    |output_sum_17_V_6_reg_5013                    |   9|          2|   21|         42|
    |output_sum_17_V_7_reg_5379                    |   9|          2|   21|         42|
    |output_sum_18_V_2_reg_1331                    |   9|          2|   21|         42|
    |output_sum_18_V_6_reg_5002                    |   9|          2|   21|         42|
    |output_sum_18_V_7_reg_5367                    |   9|          2|   21|         42|
    |output_sum_19_V_2_reg_1320                    |   9|          2|   21|         42|
    |output_sum_19_V_6_reg_4991                    |   9|          2|   21|         42|
    |output_sum_19_V_7_reg_5355                    |   9|          2|   21|         42|
    |output_sum_1_V_2_reg_1518                     |   9|          2|   21|         42|
    |output_sum_1_V_6_reg_5189                     |   9|          2|   21|         42|
    |output_sum_1_V_7_reg_5571                     |   9|          2|   21|         42|
    |output_sum_20_V_2_reg_1309                    |   9|          2|   21|         42|
    |output_sum_20_V_6_reg_4980                    |   9|          2|   21|         42|
    |output_sum_20_V_7_reg_5343                    |   9|          2|   21|         42|
    |output_sum_21_V_2_reg_1298                    |   9|          2|   21|         42|
    |output_sum_21_V_6_reg_4969                    |   9|          2|   21|         42|
    |output_sum_21_V_7_reg_5331                    |   9|          2|   21|         42|
    |output_sum_22_V_2_reg_1287                    |   9|          2|   21|         42|
    |output_sum_22_V_6_reg_4958                    |   9|          2|   21|         42|
    |output_sum_22_V_7_reg_5319                    |   9|          2|   21|         42|
    |output_sum_23_V_2_reg_1276                    |   9|          2|   21|         42|
    |output_sum_23_V_6_reg_4947                    |   9|          2|   21|         42|
    |output_sum_23_V_7_reg_5307                    |   9|          2|   21|         42|
    |output_sum_24_V_2_reg_1265                    |   9|          2|   21|         42|
    |output_sum_24_V_6_reg_4936                    |   9|          2|   21|         42|
    |output_sum_24_V_7_reg_5295                    |   9|          2|   21|         42|
    |output_sum_25_V_2_reg_1254                    |   9|          2|   21|         42|
    |output_sum_25_V_6_reg_4925                    |   9|          2|   21|         42|
    |output_sum_25_V_7_reg_5283                    |   9|          2|   21|         42|
    |output_sum_26_V_2_reg_1243                    |   9|          2|   21|         42|
    |output_sum_26_V_6_reg_4914                    |   9|          2|   21|         42|
    |output_sum_26_V_7_reg_5271                    |   9|          2|   21|         42|
    |output_sum_27_V_2_reg_1232                    |   9|          2|   21|         42|
    |output_sum_27_V_6_reg_4903                    |   9|          2|   21|         42|
    |output_sum_27_V_7_reg_5259                    |   9|          2|   21|         42|
    |output_sum_28_V_2_reg_1221                    |   9|          2|   21|         42|
    |output_sum_28_V_6_reg_4892                    |   9|          2|   21|         42|
    |output_sum_28_V_7_reg_5247                    |   9|          2|   21|         42|
    |output_sum_29_V_2_reg_1210                    |   9|          2|   21|         42|
    |output_sum_29_V_6_reg_4881                    |   9|          2|   21|         42|
    |output_sum_29_V_7_reg_5235                    |   9|          2|   21|         42|
    |output_sum_2_V_2_reg_1507                     |   9|          2|   21|         42|
    |output_sum_2_V_6_reg_5178                     |   9|          2|   21|         42|
    |output_sum_2_V_7_reg_5559                     |   9|          2|   21|         42|
    |output_sum_30_V_2_reg_1199                    |   9|          2|   21|         42|
    |output_sum_30_V_6_reg_4870                    |   9|          2|   21|         42|
    |output_sum_30_V_7_reg_5223                    |   9|          2|   21|         42|
    |output_sum_31_V_2_reg_1188                    |   9|          2|   21|         42|
    |output_sum_31_V_6_reg_4859                    |   9|          2|   21|         42|
    |output_sum_31_V_7_reg_5211                    |   9|          2|   21|         42|
    |output_sum_3_V_2_reg_1496                     |   9|          2|   21|         42|
    |output_sum_3_V_6_reg_5167                     |   9|          2|   21|         42|
    |output_sum_3_V_7_reg_5547                     |   9|          2|   21|         42|
    |output_sum_4_V_2_reg_1485                     |   9|          2|   21|         42|
    |output_sum_4_V_6_reg_5156                     |   9|          2|   21|         42|
    |output_sum_4_V_7_reg_5535                     |   9|          2|   21|         42|
    |output_sum_5_V_2_reg_1474                     |   9|          2|   21|         42|
    |output_sum_5_V_6_reg_5145                     |   9|          2|   21|         42|
    |output_sum_5_V_7_reg_5523                     |   9|          2|   21|         42|
    |output_sum_6_V_2_reg_1463                     |   9|          2|   21|         42|
    |output_sum_6_V_6_reg_5134                     |   9|          2|   21|         42|
    |output_sum_6_V_7_reg_5511                     |   9|          2|   21|         42|
    |output_sum_7_V_2_reg_1452                     |   9|          2|   21|         42|
    |output_sum_7_V_6_reg_5123                     |   9|          2|   21|         42|
    |output_sum_7_V_7_reg_5499                     |   9|          2|   21|         42|
    |output_sum_8_V_2_reg_1441                     |   9|          2|   21|         42|
    |output_sum_8_V_6_reg_5112                     |   9|          2|   21|         42|
    |output_sum_8_V_7_reg_5487                     |   9|          2|   21|         42|
    |output_sum_9_V_2_reg_1430                     |   9|          2|   21|         42|
    |output_sum_9_V_6_reg_5101                     |   9|          2|   21|         42|
    |output_sum_9_V_7_reg_5475                     |   9|          2|   21|         42|
    |v_reg_4826                                    |   9|          2|    3|          6|
    |vi_reg_4837                                   |   9|          2|    3|          6|
    +----------------------------------------------+----+-----------+-----+-----------+
    |Total                                         |2260|        493| 4126|       9625|
    +----------------------------------------------+----+-----------+-----+-----------+

    * Register: 
    +-------------------------------------+----+----+-----+-----------+
    |                 Name                | FF | LUT| Bits| Const Bits|
    +-------------------------------------+----+----+-----+-----------+
    |add_ln1118_reg_10828                 |   4|   0|    4|          0|
    |add_ln30_3_reg_10744                 |  10|   0|   10|          0|
    |ap_CS_fsm                            |   8|   0|    8|          0|
    |ap_enable_reg_pp0_iter0              |   1|   0|    1|          0|
    |ap_enable_reg_pp0_iter1              |   1|   0|    1|          0|
    |ap_enable_reg_pp1_iter0              |   1|   0|    1|          0|
    |ap_enable_reg_pp1_iter1              |   1|   0|    1|          0|
    |ap_enable_reg_pp1_iter2              |   1|   0|    1|          0|
    |ap_enable_reg_pp1_iter3              |   1|   0|    1|          0|
    |ap_enable_reg_pp1_iter4              |   1|   0|    1|          0|
    |ap_enable_reg_pp1_iter5              |   1|   0|    1|          0|
    |ap_enable_reg_pp1_iter6              |   1|   0|    1|          0|
    |ap_enable_reg_pp1_iter7              |   1|   0|    1|          0|
    |bound93_reg_10739                    |  10|   0|   10|          0|
    |empty_66_reg_11539                   |   1|   0|    1|          0|
    |i_011_reg_771                        |   5|   0|    5|          0|
    |icmp_ln36_reg_10781                  |   1|   0|    1|          0|
    |icmp_ln42_reg_10799                  |   1|   0|    1|          0|
    |icmp_ln45_reg_10803                  |   1|   0|    1|          0|
    |icmp_ln45_reg_10803_pp1_iter1_reg    |   1|   0|    1|          0|
    |ii_reg_1166                          |   5|   0|    5|          0|
    |iii_3_reg_5595                       |   6|   0|    6|          0|
    |iii_reg_1177                         |   6|   0|    6|          0|
    |indvar_flatten85_reg_4804            |   9|   0|    9|          0|
    |indvar_flatten96_reg_760             |  10|   0|   10|          0|
    |indvar_flatten_reg_4815              |   4|   0|    4|          0|
    |indvars_iv_next24_reg_10823          |   3|   0|    3|          0|
    |iv_reg_4848                          |   6|   0|    6|          0|
    |mul_ln64_reg_10771                   |   9|   0|    9|          0|
    |output_sum_0_V_1_reg_1154            |  21|   0|   21|          0|
    |output_sum_0_V_2_reg_1529            |  21|   0|   21|          0|
    |output_sum_0_V_62_reg_5200           |  21|   0|   21|          0|
    |output_sum_0_V_7_reg_5583            |  21|   0|   21|          0|
    |output_sum_10_V_1_reg_1034           |  21|   0|   21|          0|
    |output_sum_10_V_2_reg_1419           |  21|   0|   21|          0|
    |output_sum_10_V_6_reg_5090           |  21|   0|   21|          0|
    |output_sum_10_V_7_reg_5463           |  21|   0|   21|          0|
    |output_sum_11_V_1_reg_1022           |  21|   0|   21|          0|
    |output_sum_11_V_2_reg_1408           |  21|   0|   21|          0|
    |output_sum_11_V_6_reg_5079           |  21|   0|   21|          0|
    |output_sum_11_V_7_reg_5451           |  21|   0|   21|          0|
    |output_sum_12_V_1_reg_1010           |  21|   0|   21|          0|
    |output_sum_12_V_2_reg_1397           |  21|   0|   21|          0|
    |output_sum_12_V_6_reg_5068           |  21|   0|   21|          0|
    |output_sum_12_V_7_reg_5439           |  21|   0|   21|          0|
    |output_sum_13_V_1_reg_998            |  21|   0|   21|          0|
    |output_sum_13_V_2_reg_1386           |  21|   0|   21|          0|
    |output_sum_13_V_6_reg_5057           |  21|   0|   21|          0|
    |output_sum_13_V_7_reg_5427           |  21|   0|   21|          0|
    |output_sum_14_V_1_reg_986            |  21|   0|   21|          0|
    |output_sum_14_V_2_reg_1375           |  21|   0|   21|          0|
    |output_sum_14_V_6_reg_5046           |  21|   0|   21|          0|
    |output_sum_14_V_7_reg_5415           |  21|   0|   21|          0|
    |output_sum_15_V_1_reg_974            |  21|   0|   21|          0|
    |output_sum_15_V_2_reg_1364           |  21|   0|   21|          0|
    |output_sum_15_V_6_reg_5035           |  21|   0|   21|          0|
    |output_sum_15_V_7_reg_5403           |  21|   0|   21|          0|
    |output_sum_16_V_1_reg_962            |  21|   0|   21|          0|
    |output_sum_16_V_2_reg_1353           |  21|   0|   21|          0|
    |output_sum_16_V_6_reg_5024           |  21|   0|   21|          0|
    |output_sum_16_V_7_reg_5391           |  21|   0|   21|          0|
    |output_sum_17_V_1_reg_950            |  21|   0|   21|          0|
    |output_sum_17_V_2_reg_1342           |  21|   0|   21|          0|
    |output_sum_17_V_6_reg_5013           |  21|   0|   21|          0|
    |output_sum_17_V_7_reg_5379           |  21|   0|   21|          0|
    |output_sum_18_V_1_reg_938            |  21|   0|   21|          0|
    |output_sum_18_V_2_reg_1331           |  21|   0|   21|          0|
    |output_sum_18_V_6_reg_5002           |  21|   0|   21|          0|
    |output_sum_18_V_7_reg_5367           |  21|   0|   21|          0|
    |output_sum_19_V_1_reg_926            |  21|   0|   21|          0|
    |output_sum_19_V_2_reg_1320           |  21|   0|   21|          0|
    |output_sum_19_V_6_reg_4991           |  21|   0|   21|          0|
    |output_sum_19_V_7_reg_5355           |  21|   0|   21|          0|
    |output_sum_1_V_1_reg_1142            |  21|   0|   21|          0|
    |output_sum_1_V_2_reg_1518            |  21|   0|   21|          0|
    |output_sum_1_V_6_reg_5189            |  21|   0|   21|          0|
    |output_sum_1_V_7_reg_5571            |  21|   0|   21|          0|
    |output_sum_20_V_1_reg_914            |  21|   0|   21|          0|
    |output_sum_20_V_2_reg_1309           |  21|   0|   21|          0|
    |output_sum_20_V_6_reg_4980           |  21|   0|   21|          0|
    |output_sum_20_V_7_reg_5343           |  21|   0|   21|          0|
    |output_sum_21_V_1_reg_902            |  21|   0|   21|          0|
    |output_sum_21_V_2_reg_1298           |  21|   0|   21|          0|
    |output_sum_21_V_6_reg_4969           |  21|   0|   21|          0|
    |output_sum_21_V_7_reg_5331           |  21|   0|   21|          0|
    |output_sum_22_V_1_reg_890            |  21|   0|   21|          0|
    |output_sum_22_V_2_reg_1287           |  21|   0|   21|          0|
    |output_sum_22_V_6_reg_4958           |  21|   0|   21|          0|
    |output_sum_22_V_7_reg_5319           |  21|   0|   21|          0|
    |output_sum_23_V_1_reg_878            |  21|   0|   21|          0|
    |output_sum_23_V_2_reg_1276           |  21|   0|   21|          0|
    |output_sum_23_V_6_reg_4947           |  21|   0|   21|          0|
    |output_sum_23_V_7_reg_5307           |  21|   0|   21|          0|
    |output_sum_24_V_1_reg_866            |  21|   0|   21|          0|
    |output_sum_24_V_2_reg_1265           |  21|   0|   21|          0|
    |output_sum_24_V_6_reg_4936           |  21|   0|   21|          0|
    |output_sum_24_V_7_reg_5295           |  21|   0|   21|          0|
    |output_sum_25_V_1_reg_854            |  21|   0|   21|          0|
    |output_sum_25_V_2_reg_1254           |  21|   0|   21|          0|
    |output_sum_25_V_6_reg_4925           |  21|   0|   21|          0|
    |output_sum_25_V_7_reg_5283           |  21|   0|   21|          0|
    |output_sum_26_V_1_reg_842            |  21|   0|   21|          0|
    |output_sum_26_V_2_reg_1243           |  21|   0|   21|          0|
    |output_sum_26_V_6_reg_4914           |  21|   0|   21|          0|
    |output_sum_26_V_7_reg_5271           |  21|   0|   21|          0|
    |output_sum_27_V_1_reg_830            |  21|   0|   21|          0|
    |output_sum_27_V_2_reg_1232           |  21|   0|   21|          0|
    |output_sum_27_V_6_reg_4903           |  21|   0|   21|          0|
    |output_sum_27_V_7_reg_5259           |  21|   0|   21|          0|
    |output_sum_28_V_1_reg_818            |  21|   0|   21|          0|
    |output_sum_28_V_2_reg_1221           |  21|   0|   21|          0|
    |output_sum_28_V_6_reg_4892           |  21|   0|   21|          0|
    |output_sum_28_V_7_reg_5247           |  21|   0|   21|          0|
    |output_sum_29_V_1_reg_806            |  21|   0|   21|          0|
    |output_sum_29_V_2_reg_1210           |  21|   0|   21|          0|
    |output_sum_29_V_6_reg_4881           |  21|   0|   21|          0|
    |output_sum_29_V_7_reg_5235           |  21|   0|   21|          0|
    |output_sum_2_V_1_reg_1130            |  21|   0|   21|          0|
    |output_sum_2_V_2_reg_1507            |  21|   0|   21|          0|
    |output_sum_2_V_6_reg_5178            |  21|   0|   21|          0|
    |output_sum_2_V_7_reg_5559            |  21|   0|   21|          0|
    |output_sum_30_V_1_reg_794            |  21|   0|   21|          0|
    |output_sum_30_V_2_reg_1199           |  21|   0|   21|          0|
    |output_sum_30_V_6_reg_4870           |  21|   0|   21|          0|
    |output_sum_30_V_7_reg_5223           |  21|   0|   21|          0|
    |output_sum_31_V_1_reg_782            |  21|   0|   21|          0|
    |output_sum_31_V_2_reg_1188           |  21|   0|   21|          0|
    |output_sum_31_V_6_reg_4859           |  21|   0|   21|          0|
    |output_sum_31_V_7_reg_5211           |  21|   0|   21|          0|
    |output_sum_3_V_1_reg_1118            |  21|   0|   21|          0|
    |output_sum_3_V_2_reg_1496            |  21|   0|   21|          0|
    |output_sum_3_V_6_reg_5167            |  21|   0|   21|          0|
    |output_sum_3_V_7_reg_5547            |  21|   0|   21|          0|
    |output_sum_4_V_1_reg_1106            |  21|   0|   21|          0|
    |output_sum_4_V_2_reg_1485            |  21|   0|   21|          0|
    |output_sum_4_V_6_reg_5156            |  21|   0|   21|          0|
    |output_sum_4_V_7_reg_5535            |  21|   0|   21|          0|
    |output_sum_5_V_1_reg_1094            |  21|   0|   21|          0|
    |output_sum_5_V_2_reg_1474            |  21|   0|   21|          0|
    |output_sum_5_V_6_reg_5145            |  21|   0|   21|          0|
    |output_sum_5_V_7_reg_5523            |  21|   0|   21|          0|
    |output_sum_6_V_1_reg_1082            |  21|   0|   21|          0|
    |output_sum_6_V_2_reg_1463            |  21|   0|   21|          0|
    |output_sum_6_V_6_reg_5134            |  21|   0|   21|          0|
    |output_sum_6_V_7_reg_5511            |  21|   0|   21|          0|
    |output_sum_7_V_1_reg_1070            |  21|   0|   21|          0|
    |output_sum_7_V_2_reg_1452            |  21|   0|   21|          0|
    |output_sum_7_V_6_reg_5123            |  21|   0|   21|          0|
    |output_sum_7_V_7_reg_5499            |  21|   0|   21|          0|
    |output_sum_8_V_1_reg_1058            |  21|   0|   21|          0|
    |output_sum_8_V_2_reg_1441            |  21|   0|   21|          0|
    |output_sum_8_V_6_reg_5112            |  21|   0|   21|          0|
    |output_sum_8_V_7_reg_5487            |  21|   0|   21|          0|
    |output_sum_9_V_1_reg_1046            |  21|   0|   21|          0|
    |output_sum_9_V_2_reg_1430            |  21|   0|   21|          0|
    |output_sum_9_V_6_reg_5101            |  21|   0|   21|          0|
    |output_sum_9_V_7_reg_5475            |  21|   0|   21|          0|
    |select_ln30_4_reg_10753              |   5|   0|    5|          0|
    |select_ln30_5_reg_10761              |   5|   0|    5|          0|
    |select_ln42_1_reg_10838              |   6|   0|    6|          0|
    |select_ln45_3_reg_10813              |   3|   0|    3|          0|
    |select_ln45_reg_10808                |   3|   0|    3|          0|
    |select_ln45_reg_10808_pp1_iter1_reg  |   3|   0|    3|          0|
    |sub4_reg_10734                       |   5|   0|    5|          0|
    |trunc_ln30_reg_10767                 |   1|   0|    1|          0|
    |trunc_ln39_reg_10790                 |   5|   0|    5|          0|
    |v_reg_4826                           |   3|   0|    3|          0|
    |vi_reg_4837                          |   3|   0|    3|          0|
    |zext_ln60_reg_11543                  |   9|   0|   15|          6|
    |add_ln1118_reg_10828                 |  64|  32|    4|          0|
    |icmp_ln42_reg_10799                  |  64|  32|    1|          0|
    +-------------------------------------+----+----+-----+-----------+
    |Total                                |2977|  64| 2860|          6|
    +-------------------------------------+----+----+-----+-----------+



================================================================
== Interface
================================================================
* Summary: 
+-----------------------------------+-----+-----+------------+----------------------------------------------------------------------------------------------------------------------------------------------------------------------------------------------------------------------------------+--------------+
|             RTL Ports             | Dir | Bits|  Protocol  |                                                                                                           Source Object                                                                                                          |    C Type    |
+-----------------------------------+-----+-----+------------+----------------------------------------------------------------------------------------------------------------------------------------------------------------------------------------------------------------------------------+--------------+
|ap_clk                             |   in|    1|  ap_ctrl_hs|  conv2d<(unsigned short)29, (unsigned short)29, (unsigned short)32, (unsigned short)3, (unsigned short)3, (unsigned short)32, (unsigned short)32, (unsigned short)32, (unsigned short)58, (unsigned short)58, (unsigned short)32>|  return value|
|ap_rst                             |   in|    1|  ap_ctrl_hs|  conv2d<(unsigned short)29, (unsigned short)29, (unsigned short)32, (unsigned short)3, (unsigned short)3, (unsigned short)32, (unsigned short)32, (unsigned short)32, (unsigned short)58, (unsigned short)58, (unsigned short)32>|  return value|
|ap_start                           |   in|    1|  ap_ctrl_hs|  conv2d<(unsigned short)29, (unsigned short)29, (unsigned short)32, (unsigned short)3, (unsigned short)3, (unsigned short)32, (unsigned short)32, (unsigned short)32, (unsigned short)58, (unsigned short)58, (unsigned short)32>|  return value|
|ap_done                            |  out|    1|  ap_ctrl_hs|  conv2d<(unsigned short)29, (unsigned short)29, (unsigned short)32, (unsigned short)3, (unsigned short)3, (unsigned short)32, (unsigned short)32, (unsigned short)32, (unsigned short)58, (unsigned short)58, (unsigned short)32>|  return value|
|ap_idle                            |  out|    1|  ap_ctrl_hs|  conv2d<(unsigned short)29, (unsigned short)29, (unsigned short)32, (unsigned short)3, (unsigned short)3, (unsigned short)32, (unsigned short)32, (unsigned short)32, (unsigned short)58, (unsigned short)58, (unsigned short)32>|  return value|
|ap_ready                           |  out|    1|  ap_ctrl_hs|  conv2d<(unsigned short)29, (unsigned short)29, (unsigned short)32, (unsigned short)3, (unsigned short)3, (unsigned short)32, (unsigned short)32, (unsigned short)32, (unsigned short)58, (unsigned short)58, (unsigned short)32>|  return value|
|in_dim1                            |   in|    5|     ap_none|                                                                                                                                                                                                                           in_dim1|        scalar|
|in_dim2                            |   in|    5|     ap_none|                                                                                                                                                                                                                           in_dim2|        scalar|
|weights_0_address0                 |  out|    9|   ap_memory|                                                                                                                                                                                                                         weights_0|         array|
|weights_0_ce0                      |  out|    1|   ap_memory|                                                                                                                                                                                                                         weights_0|         array|
|weights_0_q0                       |   in|   16|   ap_memory|                                                                                                                                                                                                                         weights_0|         array|
|weights_1_address0                 |  out|    9|   ap_memory|                                                                                                                                                                                                                         weights_1|         array|
|weights_1_ce0                      |  out|    1|   ap_memory|                                                                                                                                                                                                                         weights_1|         array|
|weights_1_q0                       |   in|   16|   ap_memory|                                                                                                                                                                                                                         weights_1|         array|
|weights_2_address0                 |  out|    9|   ap_memory|                                                                                                                                                                                                                         weights_2|         array|
|weights_2_ce0                      |  out|    1|   ap_memory|                                                                                                                                                                                                                         weights_2|         array|
|weights_2_q0                       |   in|   17|   ap_memory|                                                                                                                                                                                                                         weights_2|         array|
|weights_3_address0                 |  out|    9|   ap_memory|                                                                                                                                                                                                                         weights_3|         array|
|weights_3_ce0                      |  out|    1|   ap_memory|                                                                                                                                                                                                                         weights_3|         array|
|weights_3_q0                       |   in|   16|   ap_memory|                                                                                                                                                                                                                         weights_3|         array|
|weights_4_address0                 |  out|    9|   ap_memory|                                                                                                                                                                                                                         weights_4|         array|
|weights_4_ce0                      |  out|    1|   ap_memory|                                                                                                                                                                                                                         weights_4|         array|
|weights_4_q0                       |   in|   14|   ap_memory|                                                                                                                                                                                                                         weights_4|         array|
|weights_5_address0                 |  out|    9|   ap_memory|                                                                                                                                                                                                                         weights_5|         array|
|weights_5_ce0                      |  out|    1|   ap_memory|                                                                                                                                                                                                                         weights_5|         array|
|weights_5_q0                       |   in|   14|   ap_memory|                                                                                                                                                                                                                         weights_5|         array|
|weights_6_address0                 |  out|    9|   ap_memory|                                                                                                                                                                                                                         weights_6|         array|
|weights_6_ce0                      |  out|    1|   ap_memory|                                                                                                                                                                                                                         weights_6|         array|
|weights_6_q0                       |   in|   16|   ap_memory|                                                                                                                                                                                                                         weights_6|         array|
|weights_7_address0                 |  out|    9|   ap_memory|                                                                                                                                                                                                                         weights_7|         array|
|weights_7_ce0                      |  out|    1|   ap_memory|                                                                                                                                                                                                                         weights_7|         array|
|weights_7_q0                       |   in|   16|   ap_memory|                                                                                                                                                                                                                         weights_7|         array|
|weights_8_address0                 |  out|    9|   ap_memory|                                                                                                                                                                                                                         weights_8|         array|
|weights_8_ce0                      |  out|    1|   ap_memory|                                                                                                                                                                                                                         weights_8|         array|
|weights_8_q0                       |   in|   14|   ap_memory|                                                                                                                                                                                                                         weights_8|         array|
|weights_9_address0                 |  out|    9|   ap_memory|                                                                                                                                                                                                                         weights_9|         array|
|weights_9_ce0                      |  out|    1|   ap_memory|                                                                                                                                                                                                                         weights_9|         array|
|weights_9_q0                       |   in|   16|   ap_memory|                                                                                                                                                                                                                         weights_9|         array|
|weights_10_address0                |  out|    9|   ap_memory|                                                                                                                                                                                                                        weights_10|         array|
|weights_10_ce0                     |  out|    1|   ap_memory|                                                                                                                                                                                                                        weights_10|         array|
|weights_10_q0                      |   in|   14|   ap_memory|                                                                                                                                                                                                                        weights_10|         array|
|weights_11_address0                |  out|    9|   ap_memory|                                                                                                                                                                                                                        weights_11|         array|
|weights_11_ce0                     |  out|    1|   ap_memory|                                                                                                                                                                                                                        weights_11|         array|
|weights_11_q0                      |   in|   14|   ap_memory|                                                                                                                                                                                                                        weights_11|         array|
|weights_12_address0                |  out|    9|   ap_memory|                                                                                                                                                                                                                        weights_12|         array|
|weights_12_ce0                     |  out|    1|   ap_memory|                                                                                                                                                                                                                        weights_12|         array|
|weights_12_q0                      |   in|   16|   ap_memory|                                                                                                                                                                                                                        weights_12|         array|
|weights_13_address0                |  out|    9|   ap_memory|                                                                                                                                                                                                                        weights_13|         array|
|weights_13_ce0                     |  out|    1|   ap_memory|                                                                                                                                                                                                                        weights_13|         array|
|weights_13_q0                      |   in|   16|   ap_memory|                                                                                                                                                                                                                        weights_13|         array|
|weights_14_address0                |  out|    9|   ap_memory|                                                                                                                                                                                                                        weights_14|         array|
|weights_14_ce0                     |  out|    1|   ap_memory|                                                                                                                                                                                                                        weights_14|         array|
|weights_14_q0                      |   in|   14|   ap_memory|                                                                                                                                                                                                                        weights_14|         array|
|weights_15_address0                |  out|    9|   ap_memory|                                                                                                                                                                                                                        weights_15|         array|
|weights_15_ce0                     |  out|    1|   ap_memory|                                                                                                                                                                                                                        weights_15|         array|
|weights_15_q0                      |   in|   16|   ap_memory|                                                                                                                                                                                                                        weights_15|         array|
|weights_16_address0                |  out|    9|   ap_memory|                                                                                                                                                                                                                        weights_16|         array|
|weights_16_ce0                     |  out|    1|   ap_memory|                                                                                                                                                                                                                        weights_16|         array|
|weights_16_q0                      |   in|   15|   ap_memory|                                                                                                                                                                                                                        weights_16|         array|
|weights_17_address0                |  out|    9|   ap_memory|                                                                                                                                                                                                                        weights_17|         array|
|weights_17_ce0                     |  out|    1|   ap_memory|                                                                                                                                                                                                                        weights_17|         array|
|weights_17_q0                      |   in|   16|   ap_memory|                                                                                                                                                                                                                        weights_17|         array|
|weights_18_address0                |  out|    9|   ap_memory|                                                                                                                                                                                                                        weights_18|         array|
|weights_18_ce0                     |  out|    1|   ap_memory|                                                                                                                                                                                                                        weights_18|         array|
|weights_18_q0                      |   in|   14|   ap_memory|                                                                                                                                                                                                                        weights_18|         array|
|weights_19_address0                |  out|    9|   ap_memory|                                                                                                                                                                                                                        weights_19|         array|
|weights_19_ce0                     |  out|    1|   ap_memory|                                                                                                                                                                                                                        weights_19|         array|
|weights_19_q0                      |   in|   16|   ap_memory|                                                                                                                                                                                                                        weights_19|         array|
|weights_20_address0                |  out|    9|   ap_memory|                                                                                                                                                                                                                        weights_20|         array|
|weights_20_ce0                     |  out|    1|   ap_memory|                                                                                                                                                                                                                        weights_20|         array|
|weights_20_q0                      |   in|   16|   ap_memory|                                                                                                                                                                                                                        weights_20|         array|
|weights_21_address0                |  out|    9|   ap_memory|                                                                                                                                                                                                                        weights_21|         array|
|weights_21_ce0                     |  out|    1|   ap_memory|                                                                                                                                                                                                                        weights_21|         array|
|weights_21_q0                      |   in|   14|   ap_memory|                                                                                                                                                                                                                        weights_21|         array|
|weights_22_address0                |  out|    9|   ap_memory|                                                                                                                                                                                                                        weights_22|         array|
|weights_22_ce0                     |  out|    1|   ap_memory|                                                                                                                                                                                                                        weights_22|         array|
|weights_22_q0                      |   in|   17|   ap_memory|                                                                                                                                                                                                                        weights_22|         array|
|weights_23_address0                |  out|    9|   ap_memory|                                                                                                                                                                                                                        weights_23|         array|
|weights_23_ce0                     |  out|    1|   ap_memory|                                                                                                                                                                                                                        weights_23|         array|
|weights_23_q0                      |   in|   17|   ap_memory|                                                                                                                                                                                                                        weights_23|         array|
|weights_24_address0                |  out|    9|   ap_memory|                                                                                                                                                                                                                        weights_24|         array|
|weights_24_ce0                     |  out|    1|   ap_memory|                                                                                                                                                                                                                        weights_24|         array|
|weights_24_q0                      |   in|   17|   ap_memory|                                                                                                                                                                                                                        weights_24|         array|
|weights_25_address0                |  out|    9|   ap_memory|                                                                                                                                                                                                                        weights_25|         array|
|weights_25_ce0                     |  out|    1|   ap_memory|                                                                                                                                                                                                                        weights_25|         array|
|weights_25_q0                      |   in|   16|   ap_memory|                                                                                                                                                                                                                        weights_25|         array|
|weights_26_address0                |  out|    9|   ap_memory|                                                                                                                                                                                                                        weights_26|         array|
|weights_26_ce0                     |  out|    1|   ap_memory|                                                                                                                                                                                                                        weights_26|         array|
|weights_26_q0                      |   in|   17|   ap_memory|                                                                                                                                                                                                                        weights_26|         array|
|weights_27_address0                |  out|    9|   ap_memory|                                                                                                                                                                                                                        weights_27|         array|
|weights_27_ce0                     |  out|    1|   ap_memory|                                                                                                                                                                                                                        weights_27|         array|
|weights_27_q0                      |   in|   16|   ap_memory|                                                                                                                                                                                                                        weights_27|         array|
|weights_28_address0                |  out|    9|   ap_memory|                                                                                                                                                                                                                        weights_28|         array|
|weights_28_ce0                     |  out|    1|   ap_memory|                                                                                                                                                                                                                        weights_28|         array|
|weights_28_q0                      |   in|   14|   ap_memory|                                                                                                                                                                                                                        weights_28|         array|
|weights_29_address0                |  out|    9|   ap_memory|                                                                                                                                                                                                                        weights_29|         array|
|weights_29_ce0                     |  out|    1|   ap_memory|                                                                                                                                                                                                                        weights_29|         array|
|weights_29_q0                      |   in|   14|   ap_memory|                                                                                                                                                                                                                        weights_29|         array|
|weights_30_address0                |  out|    9|   ap_memory|                                                                                                                                                                                                                        weights_30|         array|
|weights_30_ce0                     |  out|    1|   ap_memory|                                                                                                                                                                                                                        weights_30|         array|
|weights_30_q0                      |   in|   14|   ap_memory|                                                                                                                                                                                                                        weights_30|         array|
|weights_31_address0                |  out|    9|   ap_memory|                                                                                                                                                                                                                        weights_31|         array|
|weights_31_ce0                     |  out|    1|   ap_memory|                                                                                                                                                                                                                        weights_31|         array|
|weights_31_q0                      |   in|   14|   ap_memory|                                                                                                                                                                                                                        weights_31|         array|
|bias_address0                      |  out|    5|   ap_memory|                                                                                                                                                                                                                              bias|         array|
|bias_ce0                           |  out|    1|   ap_memory|                                                                                                                                                                                                                              bias|         array|
|bias_q0                            |   in|   14|   ap_memory|                                                                                                                                                                                                                              bias|         array|
|max_pooling_output_V_address0      |  out|   15|   ap_memory|                                                                                                                                                                                                              max_pooling_output_V|         array|
|max_pooling_output_V_ce0           |  out|    1|   ap_memory|                                                                                                                                                                                                              max_pooling_output_V|         array|
|max_pooling_output_V_q0            |   in|   21|   ap_memory|                                                                                                                                                                                                              max_pooling_output_V|         array|
|convolution_output_V_0_0_address0  |  out|   15|   ap_memory|                                                                                                                                                                                                          convolution_output_V_0_0|         array|
|convolution_output_V_0_0_ce0       |  out|    1|   ap_memory|                                                                                                                                                                                                          convolution_output_V_0_0|         array|
|convolution_output_V_0_0_we0       |  out|    1|   ap_memory|                                                                                                                                                                                                          convolution_output_V_0_0|         array|
|convolution_output_V_0_0_d0        |  out|   21|   ap_memory|                                                                                                                                                                                                          convolution_output_V_0_0|         array|
|convolution_output_V_0_1_address0  |  out|   15|   ap_memory|                                                                                                                                                                                                          convolution_output_V_0_1|         array|
|convolution_output_V_0_1_ce0       |  out|    1|   ap_memory|                                                                                                                                                                                                          convolution_output_V_0_1|         array|
|convolution_output_V_0_1_we0       |  out|    1|   ap_memory|                                                                                                                                                                                                          convolution_output_V_0_1|         array|
|convolution_output_V_0_1_d0        |  out|   21|   ap_memory|                                                                                                                                                                                                          convolution_output_V_0_1|         array|
|convolution_output_V_1_0_address0  |  out|   15|   ap_memory|                                                                                                                                                                                                          convolution_output_V_1_0|         array|
|convolution_output_V_1_0_ce0       |  out|    1|   ap_memory|                                                                                                                                                                                                          convolution_output_V_1_0|         array|
|convolution_output_V_1_0_we0       |  out|    1|   ap_memory|                                                                                                                                                                                                          convolution_output_V_1_0|         array|
|convolution_output_V_1_0_d0        |  out|   21|   ap_memory|                                                                                                                                                                                                          convolution_output_V_1_0|         array|
|convolution_output_V_1_1_address0  |  out|   15|   ap_memory|                                                                                                                                                                                                          convolution_output_V_1_1|         array|
|convolution_output_V_1_1_ce0       |  out|    1|   ap_memory|                                                                                                                                                                                                          convolution_output_V_1_1|         array|
|convolution_output_V_1_1_we0       |  out|    1|   ap_memory|                                                                                                                                                                                                          convolution_output_V_1_1|         array|
|convolution_output_V_1_1_d0        |  out|   21|   ap_memory|                                                                                                                                                                                                          convolution_output_V_1_1|         array|
+-----------------------------------+-----+-----+------------+----------------------------------------------------------------------------------------------------------------------------------------------------------------------------------------------------------------------------------+--------------+

