

================================================================
== Synthesis Summary Report of 'infer'
================================================================
+ General Information: 
    * Date:           Thu Jan 11 18:11:47 2024
    * Version:        2020.2 (Build 3064766 on Wed Nov 18 09:12:47 MST 2020)
    * Project:        cnn
    * Solution:       solution1 (Vivado IP Flow Target)
    * Product family: zynquplus
    * Target device:  xczu3eg-sbva484-1-e
    

+ Performance & Resource Estimates: 
    
    PS: '+' for module; 'o' for loop; '*' for dataflow
    +-----------------------------------------------------------------------------------------------------------------------------------------------------------------------------------------------------------------------------+------+-------+---------+-----------+----------+---------+------+----------+-----------+------------+-------------+-------------+-----+
    |                                                                                                           Modules                                                                                                           | Issue|       | Latency |  Latency  | Iteration|         | Trip |          |           |            |             |             |     |
    |                                                                                                           & Loops                                                                                                           | Type | Slack | (cycles)|    (ns)   |  Latency | Interval| Count| Pipelined|   BRAM    |     DSP    |      FF     |     LUT     | URAM|
    +-----------------------------------------------------------------------------------------------------------------------------------------------------------------------------------------------------------------------------+------+-------+---------+-----------+----------+---------+------+----------+-----------+------------+-------------+-------------+-----+
    |+ infer                                                                                                                                                                                                                      |     -|  -0.01|        -|          -|         -|        -|     -|        no|  225 (52%)|  712 (197%)|  40676 (28%)|  32679 (46%)|    -|
    | + grp_conv2d_unsigned_short_29_unsigned_short_29_unsigned_short_32_unsigned_short_3_unsigned_short_3_unsigned_short_32_unsigned_short_32_unsigned_short_32_unsigned_short_58_unsigned_short_58_unsigned_short_32_s_fu_3742  |     -|  -3.70|   176419|  1.764e+06|         -|   176419|     -|        no|          -|   288 (80%)|    9288 (6%)|    4349 (6%)|    -|
    |  o conv2d1_conv2d2                                                                                                                                                                                                          |     -|  -7.30|   176418|  1.764e+06|       242|        -|   729|        no|          -|           -|            -|            -|    -|
    |   o conv2d3_1                                                                                                                                                                                                               |     -|  -7.30|       33|    330.000|         2|        1|    32|       yes|          -|           -|            -|            -|    -|
    |   o conv2d3_2                                                                                                                                                                                                               |    II|  -7.30|      170|  1.700e+03|        15|        5|    32|       yes|          -|           -|            -|            -|    -|
    |   o conv2d3_3                                                                                                                                                                                                               |     -|  -7.30|       32|    320.000|         1|        1|    32|       yes|          -|           -|            -|            -|    -|
    | + grp_conv2d_unsigned_short_60_unsigned_short_60_unsigned_short_1_unsigned_short_3_unsigned_short_3_unsigned_short_1_unsigned_short_32_unsigned_short_32_unsigned_short_58_unsigned_short_58_unsigned_short_32_s_fu_4623    |     -|  -2.70|    53842|  5.384e+05|         -|    53842|     -|        no|          -|   285 (79%)|    8401 (5%)|    3389 (4%)|    -|
    |  o conv2d1_conv2d2                                                                                                                                                                                                          |    II|  -7.30|    53840|  5.384e+05|        33|       16|  3364|       yes|          -|           -|            -|            -|    -|
    | + grp_max_pooling2d_unsigned_short_58_unsigned_short_58_unsigned_short_32_unsigned_short_29_unsigned_short_29_unsigned_short_32_s_fu_4631                                                                                   |     -|  -1.83|        -|          -|         -|        -|     -|        no|          -|     1 (~0%)|    250 (~0%)|    649 (~0%)|    -|
    |  o max_pooling2d1                                                                                                                                                                                                           |     -|  -7.30|        -|          -|         -|        -|     -|        no|          -|           -|            -|            -|    -|
    |   o max_pooling2d2                                                                                                                                                                                                          |     -|  -7.30|        -|          -|        68|        -|     -|        no|          -|           -|            -|            -|    -|
    |    o max_pooling2d3                                                                                                                                                                                                         |    II|  -7.30|       65|    650.000|         3|        2|    32|       yes|          -|           -|            -|            -|    -|
    | + grp_exp_40_32_s_fu_4647                                                                                                                                                                                                   |    II|  -1.32|        3|     30.000|         -|        1|     -|       yes|    4 (~0%)|      8 (2%)|    540 (~0%)|    428 (~0%)|    -|
    | o get_input1                                                                                                                                                                                                                |     -|  -7.30|      929|  9.290e+03|        31|        1|   900|       yes|          -|           -|            -|            -|    -|
    | o VITIS_LOOP_125_1_VITIS_LOOP_126_2_VITIS_LOOP_127_3                                                                                                                                                                        |     -|  -7.30|      803|  8.030e+03|         5|        1|   800|       yes|          -|           -|            -|            -|    -|
    | o dense_relu1                                                                                                                                                                                                               |     -|  -7.30|    51648|  5.165e+05|       807|        -|    64|        no|          -|           -|            -|            -|    -|
    |  o dense_relu2                                                                                                                                                                                                              |     -|  -7.30|      803|  8.030e+03|         5|        1|   800|       yes|          -|           -|            -|            -|    -|
    | o dense_relu1                                                                                                                                                                                                               |     -|  -7.30|       98|    980.000|        68|        1|    32|       yes|          -|           -|            -|            -|    -|
    | o dense_relu1                                                                                                                                                                                                               |     -|  -7.30|       50|    500.000|        36|        1|    16|       yes|          -|           -|            -|            -|    -|
    | o dense1                                                                                                                                                                                                                    |     -|  -7.30|        6|     60.000|         4|        1|     4|       yes|          -|           -|            -|            -|    -|
    | o softmax1_1                                                                                                                                                                                                                |     -|  -7.30|        7|     70.000|         5|        1|     4|       yes|          -|           -|            -|            -|    -|
    | o softmax1_2                                                                                                                                                                                                                |     -|  -7.30|       54|    540.000|        52|        1|     4|       yes|          -|           -|            -|            -|    -|
    | o send_result                                                                                                                                                                                                               |     -|  -7.30|        5|     50.000|         3|        1|     4|       yes|          -|           -|            -|            -|    -|
    +-----------------------------------------------------------------------------------------------------------------------------------------------------------------------------------------------------------------------------+------+-------+---------+-----------+----------+---------+------+----------+-----------+------------+-------------+-------------+-----+

