

================================================================
== Vitis HLS Report for 'set3DFloatArray_3'
================================================================
* Date:           Fri Dec 22 01:03:32 2023

* Version:        2020.2 (Build 3064766 on Wed Nov 18 09:12:47 MST 2020)
* Project:        cnn
* Solution:       solution1 (Vivado IP Flow Target)
* Product family: zynquplus
* Target device:  xczu3eg-sbva484-1-e


================================================================
== Performance Estimates
================================================================
+ Timing: 
    * Summary: 
    +--------+----------+----------+------------+
    |  Clock |  Target  | Estimated| Uncertainty|
    +--------+----------+----------+------------+
    |ap_clk  |  10.00 ns|  5.011 ns|     2.70 ns|
    +--------+----------+----------+------------+

+ Latency: 
    * Summary: 
    +---------+---------+-----------+-----------+------+------+---------+
    |  Latency (cycles) |   Latency (absolute)  |   Interval  | Pipeline|
    |   min   |   max   |    min    |    max    |  min |  max |   Type  |
    +---------+---------+-----------+-----------+------+------+---------+
    |     2594|     2594|  25.940 us|  25.940 us|  2594|  2594|     none|
    +---------+---------+-----------+-----------+------+------+---------+

    + Detail: 
        * Instance: 
        N/A

        * Loop: 
        +--------------------------------------------------+---------+---------+----------+-----------+-----------+------+----------+
        |                                                  |  Latency (cycles) | Iteration|  Initiation Interval  | Trip |          |
        |                     Loop Name                    |   min   |   max   |  Latency |  achieved |   target  | Count| Pipelined|
        +--------------------------------------------------+---------+---------+----------+-----------+-----------+------+----------+
        |- VITIS_LOOP_8_1_VITIS_LOOP_10_2_VITIS_LOOP_12_3  |     2592|     2592|         1|          1|          1|  2592|       yes|
        +--------------------------------------------------+---------+---------+----------+-----------+-----------+------+----------+



================================================================
== Utilization Estimates
================================================================
* Summary: 
+-----------------+---------+-----+--------+-------+-----+
|       Name      | BRAM_18K| DSP |   FF   |  LUT  | URAM|
+-----------------+---------+-----+--------+-------+-----+
|DSP              |        -|    -|       -|      -|    -|
|Expression       |        -|    -|       0|    239|    -|
|FIFO             |        -|    -|       -|      -|    -|
|Instance         |        -|    -|       -|      -|    -|
|Memory           |        -|    -|       -|      -|    -|
|Multiplexer      |        -|    -|       -|     65|    -|
|Register         |        -|    -|      39|      -|    -|
+-----------------+---------+-----+--------+-------+-----+
|Total            |        0|    0|      39|    304|    0|
+-----------------+---------+-----+--------+-------+-----+
|Available        |      432|  360|  141120|  70560|    0|
+-----------------+---------+-----+--------+-------+-----+
|Utilization (%)  |        0|    0|      ~0|     ~0|    0|
+-----------------+---------+-----+--------+-------+-----+

+ Detail: 
    * Instance: 
    N/A

    * DSP: 
    N/A

    * Memory: 
    N/A

    * FIFO: 
    N/A

    * Expression: 
    +--------------------------------+----------+----+---+----+------------+------------+
    |          Variable Name         | Operation| DSP| FF| LUT| Bitwidth P0| Bitwidth P1|
    +--------------------------------+----------+----+---+----+------------+------------+
    |add_ln10_3_fu_340_p2            |         +|   0|  0|  17|          10|           1|
    |add_ln10_fu_265_p2              |         +|   0|  0|  12|           4|           1|
    |add_ln12_fu_334_p2              |         +|   0|  0|  13|           6|           1|
    |add_ln14_2_fu_317_p2            |         +|   0|  0|  17|          12|          12|
    |add_ln14_fu_323_p2              |         +|   0|  0|  17|          12|          12|
    |add_ln8_3_fu_191_p2             |         +|   0|  0|  12|           4|           1|
    |add_ln8_fu_131_p2               |         +|   0|  0|  19|          12|           1|
    |mul7_fu_157_p2                  |         +|   0|  0|  19|          12|          12|
    |mul7_mid1_fu_217_p2             |         +|   0|  0|  19|          12|          12|
    |icmp_ln12_mid216_fu_251_p2      |       and|   0|  0|   2|           1|           1|
    |icmp_ln10_fu_177_p2             |      icmp|   0|  0|  11|          10|           9|
    |icmp_ln12_fu_245_p2             |      icmp|   0|  0|  10|           6|           7|
    |icmp_ln8_fu_171_p2              |      icmp|   0|  0|  12|          12|          12|
    |or_ln10_fu_271_p2               |        or|   0|  0|   2|           1|           1|
    |ii_mid27_fu_183_p3              |    select|   0|  0|   4|           1|           1|
    |mul7_mid2_fu_223_p3             |    select|   0|  0|  12|           1|          12|
    |select_ln10_13_fu_293_p3        |    select|   0|  0|   8|           1|           9|
    |select_ln10_14_fu_305_p3        |    select|   0|  0|   4|           1|           4|
    |select_ln10_15_fu_346_p3        |    select|   0|  0|   9|           1|           1|
    |select_ln10_fu_277_p3           |    select|   0|  0|   6|           1|           1|
    |select_ln8_fu_257_p3            |    select|   0|  0|   4|           1|           4|
    |zext_ln12_mid214_fu_231_p3      |    select|   0|  0|   8|           1|           1|
    |not_exitcond_flatten_fu_239_p2  |       xor|   0|  0|   2|           1|           2|
    +--------------------------------+----------+----+---+----+------------+------------+
    |Total                           |          |   0|  0| 239|         123|         118|
    +--------------------------------+----------+----+---+----+------------+------------+

    * Multiplexer: 
    +-------------------------+----+-----------+-----+-----------+
    |           Name          | LUT| Input Size| Bits| Total Bits|
    +-------------------------+----+-----------+-----+-----------+
    |ap_NS_fsm                |  20|          4|    1|          4|
    |i_reg_87                 |   9|          2|    4|          8|
    |ii_reg_109               |   9|          2|    4|          8|
    |iii_reg_120              |   9|          2|    6|         12|
    |indvar_flatten17_reg_76  |   9|          2|   12|         24|
    |indvar_flatten_reg_98    |   9|          2|   10|         20|
    +-------------------------+----+-----------+-----+-----------+
    |Total                    |  65|         14|   37|         76|
    +-------------------------+----+-----------+-----+-----------+

    * Register: 
    +-------------------------+----+----+-----+-----------+
    |           Name          | FF | LUT| Bits| Const Bits|
    +-------------------------+----+----+-----+-----------+
    |ap_CS_fsm                |   3|   0|    3|          0|
    |i_reg_87                 |   4|   0|    4|          0|
    |ii_reg_109               |   4|   0|    4|          0|
    |iii_reg_120              |   6|   0|    6|          0|
    |indvar_flatten17_reg_76  |  12|   0|   12|          0|
    |indvar_flatten_reg_98    |  10|   0|   10|          0|
    +-------------------------+----+----+-----+-----------+
    |Total                    |  39|   0|   39|          0|
    +-------------------------+----+----+-----+-----------+



================================================================
== Interface
================================================================
* Summary: 
+------------------+-----+-----+------------+-------------------+--------------+
|     RTL Ports    | Dir | Bits|  Protocol  |   Source Object   |    C Type    |
+------------------+-----+-----+------------+-------------------+--------------+
|ap_clk            |   in|    1|  ap_ctrl_hs|  set3DFloatArray.3|  return value|
|ap_rst            |   in|    1|  ap_ctrl_hs|  set3DFloatArray.3|  return value|
|ap_start          |   in|    1|  ap_ctrl_hs|  set3DFloatArray.3|  return value|
|ap_done           |  out|    1|  ap_ctrl_hs|  set3DFloatArray.3|  return value|
|ap_idle           |  out|    1|  ap_ctrl_hs|  set3DFloatArray.3|  return value|
|ap_ready          |  out|    1|  ap_ctrl_hs|  set3DFloatArray.3|  return value|
|array_r_address0  |  out|   12|   ap_memory|            array_r|         array|
|array_r_ce0       |  out|    1|   ap_memory|            array_r|         array|
|array_r_we0       |  out|    1|   ap_memory|            array_r|         array|
|array_r_d0        |  out|   32|   ap_memory|            array_r|         array|
+------------------+-----+-----+------------+-------------------+--------------+

