

================================================================
== Vitis HLS Report for 'set3DFloatArray'
================================================================
* Date:           Fri Dec 22 00:44:10 2023

* Version:        2020.2 (Build 3064766 on Wed Nov 18 09:12:47 MST 2020)
* Project:        cnn
* Solution:       solution1 (Vivado IP Flow Target)
* Product family: zynquplus
* Target device:  xczu3eg-sbva484-1-e


================================================================
== Performance Estimates
================================================================
+ Timing: 
    * Summary: 
    +--------+----------+----------+------------+
    |  Clock |  Target  | Estimated| Uncertainty|
    +--------+----------+----------+------------+
    |ap_clk  |  10.00 ns|  2.662 ns|     2.70 ns|
    +--------+----------+----------+------------+

+ Latency: 
    * Summary: 
    +---------+---------+----------+----------+-----+-----+---------+
    |  Latency (cycles) |  Latency (absolute) |  Interval | Pipeline|
    |   min   |   max   |    min   |    max   | min | max |   Type  |
    +---------+---------+----------+----------+-----+-----+---------+
    |       34|       34|  0.340 us|  0.340 us|   34|   34|     none|
    +---------+---------+----------+----------+-----+-----+---------+

    + Detail: 
        * Instance: 
        N/A

        * Loop: 
        +--------------------------------------------------+---------+---------+----------+-----------+-----------+------+----------+
        |                                                  |  Latency (cycles) | Iteration|  Initiation Interval  | Trip |          |
        |                     Loop Name                    |   min   |   max   |  Latency |  achieved |   target  | Count| Pipelined|
        +--------------------------------------------------+---------+---------+----------+-----------+-----------+------+----------+
        |- VITIS_LOOP_8_1_VITIS_LOOP_10_2_VITIS_LOOP_12_3  |       32|       32|         1|          1|          1|    32|       yes|
        +--------------------------------------------------+---------+---------+----------+-----------+-----------+------+----------+



================================================================
== Utilization Estimates
================================================================
* Summary: 
+-----------------+---------+-----+--------+-------+-----+
|       Name      | BRAM_18K| DSP |   FF   |  LUT  | URAM|
+-----------------+---------+-----+--------+-------+-----+
|DSP              |        -|    -|       -|      -|    -|
|Expression       |        -|    -|       0|     89|    -|
|FIFO             |        -|    -|       -|      -|    -|
|Instance         |        -|    -|       -|      -|    -|
|Memory           |        -|    -|       -|      -|    -|
|Multiplexer      |        -|    -|       -|     47|    -|
|Register         |        -|    -|      22|      -|    -|
+-----------------+---------+-----+--------+-------+-----+
|Total            |        0|    0|      22|    136|    0|
+-----------------+---------+-----+--------+-------+-----+
|Available        |      432|  360|  141120|  70560|    0|
+-----------------+---------+-----+--------+-------+-----+
|Utilization (%)  |        0|    0|      ~0|     ~0|    0|
+-----------------+---------+-----+--------+-------+-----+

+ Detail: 
    * Instance: 
    N/A

    * DSP: 
    N/A

    * Memory: 
    N/A

    * FIFO: 
    N/A

    * Expression: 
    +--------------------------+----------+----+---+----+------------+------------+
    |       Variable Name      | Operation| DSP| FF| LUT| Bitwidth P0| Bitwidth P1|
    +--------------------------+----------+----+---+----+------------+------------+
    |add_ln10_fu_154_p2        |         +|   0|  0|  14|           7|           1|
    |add_ln12_fu_148_p2        |         +|   0|  0|  13|           6|           1|
    |add_ln8_fu_89_p2          |         +|   0|  0|  13|           6|           1|
    |and_ln8_fu_119_p2         |       and|   0|  0|   2|           1|           1|
    |icmp_ln10_fu_101_p2       |      icmp|   0|  0|  10|           7|           6|
    |icmp_ln12_fu_113_p2       |      icmp|   0|  0|  10|           6|           7|
    |icmp_ln8_fu_95_p2         |      icmp|   0|  0|  10|           6|           7|
    |or_ln10_fu_125_p2         |        or|   0|  0|   2|           1|           1|
    |select_ln10_22_fu_160_p3  |    select|   0|  0|   7|           1|           1|
    |select_ln10_fu_131_p3     |    select|   0|  0|   6|           1|           1|
    |xor_ln8_fu_107_p2         |       xor|   0|  0|   2|           1|           2|
    +--------------------------+----------+----+---+----+------------+------------+
    |Total                     |          |   0|  0|  89|          43|          29|
    +--------------------------+----------+----+---+----+------------+------------+

    * Multiplexer: 
    +-------------------------+----+-----------+-----+-----------+
    |           Name          | LUT| Input Size| Bits| Total Bits|
    +-------------------------+----+-----------+-----+-----------+
    |ap_NS_fsm                |  20|          4|    1|          4|
    |iii_reg_78               |   9|          2|    6|         12|
    |indvar_flatten11_reg_56  |   9|          2|    6|         12|
    |indvar_flatten_reg_67    |   9|          2|    7|         14|
    +-------------------------+----+-----------+-----+-----------+
    |Total                    |  47|         10|   20|         42|
    +-------------------------+----+-----------+-----+-----------+

    * Register: 
    +-------------------------+---+----+-----+-----------+
    |           Name          | FF| LUT| Bits| Const Bits|
    +-------------------------+---+----+-----+-----------+
    |ap_CS_fsm                |  3|   0|    3|          0|
    |iii_reg_78               |  6|   0|    6|          0|
    |indvar_flatten11_reg_56  |  6|   0|    6|          0|
    |indvar_flatten_reg_67    |  7|   0|    7|          0|
    +-------------------------+---+----+-----+-----------+
    |Total                    | 22|   0|   22|          0|
    +-------------------------+---+----+-----+-----------+



================================================================
== Interface
================================================================
* Summary: 
+------------------+-----+-----+------------+-----------------+--------------+
|     RTL Ports    | Dir | Bits|  Protocol  |  Source Object  |    C Type    |
+------------------+-----+-----+------------+-----------------+--------------+
|ap_clk            |   in|    1|  ap_ctrl_hs|  set3DFloatArray|  return value|
|ap_rst            |   in|    1|  ap_ctrl_hs|  set3DFloatArray|  return value|
|ap_start          |   in|    1|  ap_ctrl_hs|  set3DFloatArray|  return value|
|ap_done           |  out|    1|  ap_ctrl_hs|  set3DFloatArray|  return value|
|ap_idle           |  out|    1|  ap_ctrl_hs|  set3DFloatArray|  return value|
|ap_ready          |  out|    1|  ap_ctrl_hs|  set3DFloatArray|  return value|
|array_r_address0  |  out|    5|   ap_memory|          array_r|         array|
|array_r_ce0       |  out|    1|   ap_memory|          array_r|         array|
|array_r_we0       |  out|    1|   ap_memory|          array_r|         array|
|array_r_d0        |  out|   32|   ap_memory|          array_r|         array|
+------------------+-----+-----+------------+-----------------+--------------+

