

================================================================
== Vitis HLS Report for 'set3DFloatArray_2'
================================================================
* Date:           Fri Dec 22 04:15:31 2023

* Version:        2020.2 (Build 3064766 on Wed Nov 18 09:12:45 MST 2020)
* Project:        cnn
* Solution:       solution1 (Vivado IP Flow Target)
* Product family: zynquplus
* Target device:  xczu3eg-sbva484-1-e


================================================================
== Performance Estimates
================================================================
+ Timing: 
    * Summary: 
    +--------+----------+----------+------------+
    |  Clock |  Target  | Estimated| Uncertainty|
    +--------+----------+----------+------------+
    |ap_clk  |  10.00 ns|  4.248 ns|     2.70 ns|
    +--------+----------+----------+------------+

+ Latency: 
    * Summary: 
    +---------+---------+----------+----------+-------+-------+---------+
    |  Latency (cycles) |  Latency (absolute) |    Interval   | Pipeline|
    |   min   |   max   |    min   |    max   |  min  |  max  |   Type  |
    +---------+---------+----------+----------+-------+-------+---------+
    |    15509|    15509|  0.155 ms|  0.155 ms|  15509|  15509|     none|
    +---------+---------+----------+----------+-------+-------+---------+

    + Detail: 
        * Instance: 
        N/A

        * Loop: 
        +--------------------------------------------------+---------+---------+----------+-----------+-----------+-------+----------+
        |                                                  |  Latency (cycles) | Iteration|  Initiation Interval  |  Trip |          |
        |                     Loop Name                    |   min   |   max   |  Latency |  achieved |   target  | Count | Pipelined|
        +--------------------------------------------------+---------+---------+----------+-----------+-----------+-------+----------+
        |- VITIS_LOOP_8_1_VITIS_LOOP_10_2_VITIS_LOOP_12_3  |    15507|    15507|        21|          1|          1|  15488|       yes|
        +--------------------------------------------------+---------+---------+----------+-----------+-----------+-------+----------+



================================================================
== Utilization Estimates
================================================================
* Summary: 
+-----------------+---------+-----+--------+-------+-----+
|       Name      | BRAM_18K| DSP |   FF   |  LUT  | URAM|
+-----------------+---------+-----+--------+-------+-----+
|DSP              |        -|    2|       -|      -|    -|
|Expression       |        -|    -|       0|    187|    -|
|FIFO             |        -|    -|       -|      -|    -|
|Instance         |        -|    -|     517|    369|    -|
|Memory           |        -|    -|       -|      -|    -|
|Multiplexer      |        -|    -|       -|     92|    -|
|Register         |        -|    -|     268|     96|    -|
+-----------------+---------+-----+--------+-------+-----+
|Total            |        0|    2|     785|    744|    0|
+-----------------+---------+-----+--------+-------+-----+
|Available        |      432|  360|  141120|  70560|    0|
+-----------------+---------+-----+--------+-------+-----+
|Utilization (%)  |        0|   ~0|      ~0|      1|    0|
+-----------------+---------+-----+--------+-------+-----+

+ Detail: 
    * Instance: 
    +---------------------------+------------------------+---------+----+-----+-----+-----+
    |          Instance         |         Module         | BRAM_18K| DSP|  FF | LUT | URAM|
    +---------------------------+------------------------+---------+----+-----+-----+-----+
    |urem_14ns_12ns_14_18_1_U1  |urem_14ns_12ns_14_18_1  |        0|   0|  517|  369|    0|
    +---------------------------+------------------------+---------+----+-----+-----+-----+
    |Total                      |                        |        0|   0|  517|  369|    0|
    +---------------------------+------------------------+---------+----+-----+-----+-----+

    * DSP: 
    +-----------------------------+--------------------------+-----------+
    |           Instance          |          Module          | Expression|
    +-----------------------------+--------------------------+-----------+
    |mul_mul_14ns_16ns_29_4_1_U3  |mul_mul_14ns_16ns_29_4_1  |    i0 * i1|
    |mul_mul_5ns_11ns_14_4_1_U2   |mul_mul_5ns_11ns_14_4_1   |    i0 * i1|
    +-----------------------------+--------------------------+-----------+

    * Memory: 
    N/A

    * FIFO: 
    N/A

    * Expression: 
    +-------------------------+----------+----+---+----+------------+------------+
    |      Variable Name      | Operation| DSP| FF| LUT| Bitwidth P0| Bitwidth P1|
    +-------------------------+----------+----+---+----+------------+------------+
    |add_ln10_1_fu_343_p2     |         +|   0|  0|  18|          11|           1|
    |add_ln10_fu_396_p2       |         +|   0|  0|  12|           5|           1|
    |add_ln12_fu_476_p2       |         +|   0|  0|  13|           6|           1|
    |add_ln14_fu_460_p2       |         +|   0|  0|  21|          14|          14|
    |add_ln8_1_fu_325_p2      |         +|   0|  0|  12|           5|           1|
    |add_ln8_fu_307_p2        |         +|   0|  0|  21|          14|           1|
    |and_ln10_fu_390_p2       |       and|   0|  0|   2|           1|           1|
    |icmp_ln10_fu_319_p2      |      icmp|   0|  0|  11|          11|          10|
    |icmp_ln12_fu_384_p2      |      icmp|   0|  0|  10|           6|           7|
    |icmp_ln8_fu_313_p2       |      icmp|   0|  0|  12|          14|          11|
    |or_ln10_fu_402_p2        |        or|   0|  0|   2|           1|           1|
    |select_ln10_1_fu_331_p3  |    select|   0|  0|   5|           1|           5|
    |select_ln10_2_fu_372_p3  |    select|   0|  0|   9|           1|           1|
    |select_ln10_3_fu_407_p3  |    select|   0|  0|   6|           1|           1|
    |select_ln10_4_fu_423_p3  |    select|   0|  0|   9|           1|          10|
    |select_ln10_5_fu_435_p3  |    select|   0|  0|   5|           1|           5|
    |select_ln10_6_fu_349_p3  |    select|   0|  0|  10|           1|           1|
    |select_ln10_fu_365_p3    |    select|   0|  0|   5|           1|           1|
    |ap_enable_pp0            |       xor|   0|  0|   2|           1|           2|
    |xor_ln10_fu_379_p2       |       xor|   0|  0|   2|           1|           2|
    +-------------------------+----------+----+---+----+------------+------------+
    |Total                    |          |   0|  0| 187|          97|          77|
    +-------------------------+----------+----+---+----+------------+------------+

    * Multiplexer: 
    +----------------------------+----+-----------+-----+-----------+
    |            Name            | LUT| Input Size| Bits| Total Bits|
    +----------------------------+----+-----------+-----+-----------+
    |ap_NS_fsm                   |  20|          4|    1|          4|
    |ap_enable_reg_pp0_iter20    |   9|          2|    1|          2|
    |ap_enable_reg_pp0_iter4     |   9|          2|    1|          2|
    |ap_phi_mux_i_phi_fu_267_p4  |   9|          2|    5|         10|
    |i_reg_263                   |   9|          2|    5|         10|
    |ii_reg_285                  |   9|          2|    5|         10|
    |iii_reg_296                 |   9|          2|    6|         12|
    |indvar_flatten17_reg_252    |   9|          2|   14|         28|
    |indvar_flatten_reg_274      |   9|          2|   11|         22|
    +----------------------------+----+-----------+-----+-----------+
    |Total                       |  92|         20|   49|        100|
    +----------------------------+----+-----------+-----+-----------+

    * Register: 
    +--------------------------+----+----+-----+-----------+
    |           Name           | FF | LUT| Bits| Const Bits|
    +--------------------------+----+----+-----+-----------+
    |ap_CS_fsm                 |   3|   0|    3|          0|
    |ap_enable_reg_pp0_iter0   |   1|   0|    1|          0|
    |ap_enable_reg_pp0_iter1   |   1|   0|    1|          0|
    |ap_enable_reg_pp0_iter10  |   1|   0|    1|          0|
    |ap_enable_reg_pp0_iter11  |   1|   0|    1|          0|
    |ap_enable_reg_pp0_iter12  |   1|   0|    1|          0|
    |ap_enable_reg_pp0_iter13  |   1|   0|    1|          0|
    |ap_enable_reg_pp0_iter14  |   1|   0|    1|          0|
    |ap_enable_reg_pp0_iter15  |   1|   0|    1|          0|
    |ap_enable_reg_pp0_iter16  |   1|   0|    1|          0|
    |ap_enable_reg_pp0_iter17  |   1|   0|    1|          0|
    |ap_enable_reg_pp0_iter18  |   1|   0|    1|          0|
    |ap_enable_reg_pp0_iter19  |   1|   0|    1|          0|
    |ap_enable_reg_pp0_iter2   |   1|   0|    1|          0|
    |ap_enable_reg_pp0_iter20  |   1|   0|    1|          0|
    |ap_enable_reg_pp0_iter3   |   1|   0|    1|          0|
    |ap_enable_reg_pp0_iter4   |   1|   0|    1|          0|
    |ap_enable_reg_pp0_iter5   |   1|   0|    1|          0|
    |ap_enable_reg_pp0_iter6   |   1|   0|    1|          0|
    |ap_enable_reg_pp0_iter7   |   1|   0|    1|          0|
    |ap_enable_reg_pp0_iter8   |   1|   0|    1|          0|
    |ap_enable_reg_pp0_iter9   |   1|   0|    1|          0|
    |i_reg_263                 |   5|   0|    5|          0|
    |icmp_ln10_reg_528         |   1|   0|    1|          0|
    |icmp_ln8_reg_524          |   1|   0|    1|          0|
    |ii_reg_285                |   5|   0|    5|          0|
    |iii_reg_296               |   6|   0|    6|          0|
    |indvar_flatten17_reg_252  |  14|   0|   14|          0|
    |indvar_flatten_reg_274    |  11|   0|   11|          0|
    |select_ln10_1_reg_536     |   5|   0|    5|          0|
    |trunc_ln_reg_571          |   4|   0|    4|          0|
    |icmp_ln10_reg_528         |  64|  32|    1|          0|
    |icmp_ln8_reg_524          |  64|  32|    1|          0|
    |trunc_ln_reg_571          |  64|  32|    4|          0|
    +--------------------------+----+----+-----+-----------+
    |Total                     | 268|  96|   82|          0|
    +--------------------------+----+----+-----+-----------+



================================================================
== Interface
================================================================
* Summary: 
+------------------+-----+-----+------------+-------------------+--------------+
|     RTL Ports    | Dir | Bits|  Protocol  |   Source Object   |    C Type    |
+------------------+-----+-----+------------+-------------------+--------------+
|ap_clk            |   in|    1|  ap_ctrl_hs|  set3DFloatArray.2|  return value|
|ap_rst            |   in|    1|  ap_ctrl_hs|  set3DFloatArray.2|  return value|
|ap_start          |   in|    1|  ap_ctrl_hs|  set3DFloatArray.2|  return value|
|ap_done           |  out|    1|  ap_ctrl_hs|  set3DFloatArray.2|  return value|
|ap_idle           |  out|    1|  ap_ctrl_hs|  set3DFloatArray.2|  return value|
|ap_ready          |  out|    1|  ap_ctrl_hs|  set3DFloatArray.2|  return value|
|array_r_address0  |  out|   11|   ap_memory|            array_r|         array|
|array_r_ce0       |  out|    1|   ap_memory|            array_r|         array|
|array_r_we0       |  out|    1|   ap_memory|            array_r|         array|
|array_r_d0        |  out|   32|   ap_memory|            array_r|         array|
|array1_address0   |  out|   11|   ap_memory|             array1|         array|
|array1_ce0        |  out|    1|   ap_memory|             array1|         array|
|array1_we0        |  out|    1|   ap_memory|             array1|         array|
|array1_d0         |  out|   32|   ap_memory|             array1|         array|
|array2_address0   |  out|   11|   ap_memory|             array2|         array|
|array2_ce0        |  out|    1|   ap_memory|             array2|         array|
|array2_we0        |  out|    1|   ap_memory|             array2|         array|
|array2_d0         |  out|   32|   ap_memory|             array2|         array|
|array3_address0   |  out|   11|   ap_memory|             array3|         array|
|array3_ce0        |  out|    1|   ap_memory|             array3|         array|
|array3_we0        |  out|    1|   ap_memory|             array3|         array|
|array3_d0         |  out|   32|   ap_memory|             array3|         array|
|array4_address0   |  out|   11|   ap_memory|             array4|         array|
|array4_ce0        |  out|    1|   ap_memory|             array4|         array|
|array4_we0        |  out|    1|   ap_memory|             array4|         array|
|array4_d0         |  out|   32|   ap_memory|             array4|         array|
|array5_address0   |  out|   11|   ap_memory|             array5|         array|
|array5_ce0        |  out|    1|   ap_memory|             array5|         array|
|array5_we0        |  out|    1|   ap_memory|             array5|         array|
|array5_d0         |  out|   32|   ap_memory|             array5|         array|
|array6_address0   |  out|   11|   ap_memory|             array6|         array|
|array6_ce0        |  out|    1|   ap_memory|             array6|         array|
|array6_we0        |  out|    1|   ap_memory|             array6|         array|
|array6_d0         |  out|   32|   ap_memory|             array6|         array|
|array7_address0   |  out|   11|   ap_memory|             array7|         array|
|array7_ce0        |  out|    1|   ap_memory|             array7|         array|
|array7_we0        |  out|    1|   ap_memory|             array7|         array|
|array7_d0         |  out|   32|   ap_memory|             array7|         array|
|array8_address0   |  out|   11|   ap_memory|             array8|         array|
|array8_ce0        |  out|    1|   ap_memory|             array8|         array|
|array8_we0        |  out|    1|   ap_memory|             array8|         array|
|array8_d0         |  out|   32|   ap_memory|             array8|         array|
|array9_address0   |  out|   11|   ap_memory|             array9|         array|
|array9_ce0        |  out|    1|   ap_memory|             array9|         array|
|array9_we0        |  out|    1|   ap_memory|             array9|         array|
|array9_d0         |  out|   32|   ap_memory|             array9|         array|
+------------------+-----+-----+------------+-------------------+--------------+

