

================================================================
== Vitis HLS Report for 'max_pooling2d_1'
================================================================
* Date:           Fri Dec 22 00:43:52 2023

* Version:        2020.2 (Build 3064766 on Wed Nov 18 09:12:47 MST 2020)
* Project:        cnn
* Solution:       solution1 (Vivado IP Flow Target)
* Product family: zynquplus
* Target device:  xczu3eg-sbva484-1-e


================================================================
== Performance Estimates
================================================================
+ Timing: 
    * Summary: 
    +--------+----------+----------+------------+
    |  Clock |  Target  | Estimated| Uncertainty|
    +--------+----------+----------+------------+
    |ap_clk  |  10.00 ns|  7.221 ns|     2.70 ns|
    +--------+----------+----------+------------+

+ Latency: 
    * Summary: 
    +---------+---------+-----------+-----------+------+------+---------+
    |  Latency (cycles) |   Latency (absolute)  |   Interval  | Pipeline|
    |   min   |   max   |    min    |    max    |  min |  max |   Type  |
    +---------+---------+-----------+-----------+------+------+---------+
    |     1032|     1032|  10.320 us|  10.320 us|  1032|  1032|     none|
    +---------+---------+-----------+-----------+------+------+---------+

    + Detail: 
        * Instance: 
        N/A

        * Loop: 
        +------------------------------------------------------+---------+---------+----------+-----------+-----------+------+----------+
        |                                                      |  Latency (cycles) | Iteration|  Initiation Interval  | Trip |          |
        |                       Loop Name                      |   min   |   max   |  Latency |  achieved |   target  | Count| Pipelined|
        +------------------------------------------------------+---------+---------+----------+-----------+-----------+------+----------+
        |- VITIS_LOOP_121_1_VITIS_LOOP_124_2_VITIS_LOOP_127_3  |     1030|     1030|         9|          2|          1|   512|       yes|
        +------------------------------------------------------+---------+---------+----------+-----------+-----------+------+----------+

============================================================
+ Verbose Summary: Synthesis Manager
============================================================
InlineROM: 1
ExposeGlobal: 0
============================================================
+ Verbose Summary: CDFG Model
============================================================
IsTopModel: 0
ResetActiveHigh: 1
IsCombinational: 0
IsDatapathOnly: 0
HasWiredReturn: 1
HasMFsm: 0
HasVarLatency: 1
IsPipeline: 0
IsRtlPipelined: 0
IsInstanceOverlapped: 0
IsDontTouch: 0
HasImplIP: 0
IsGatedGlobalClock: 0

+ Individual pipeline summary: 
  * Pipeline-0: initiation interval (II) = 2, depth = 9


============================================================
+ Verbose Summary: Schedule
============================================================
* Number of FSM states : 11
* Pipeline : 1
  Pipeline-0 : II = 2, D = 9, States = { 2 3 4 5 6 7 8 9 10 }
* Dataflow Pipeline: 0

* FSM state transitions: 
1 --> 2 
2 --> 11 3 
3 --> 4 
4 --> 5 
5 --> 6 
6 --> 7 
7 --> 8 
8 --> 9 
9 --> 10 
10 --> 2 
11 --> 

* FSM state operations: 

State 1 <SV = 0> <Delay = 0.48>
ST_1 : Operation 12 [1/1] (0.48ns)   --->   "%br_ln121 = br void" [../src/hls/cnn.cpp:121]   --->   Operation 12 'br' 'br_ln121' <Predicate = true> <Delay = 0.48>

State 2 <SV = 1> <Delay = 5.79>
ST_2 : Operation 13 [1/1] (0.00ns)   --->   "%indvar_flatten58 = phi i10 0, void, i10 %add_ln121, void %.reset7" [../src/hls/cnn.cpp:121]   --->   Operation 13 'phi' 'indvar_flatten58' <Predicate = true> <Delay = 0.00>
ST_2 : Operation 14 [1/1] (0.00ns)   --->   "%i = phi i4 0, void, i4 %select_ln121_13, void %.reset7" [../src/hls/cnn.cpp:121]   --->   Operation 14 'phi' 'i' <Predicate = true> <Delay = 0.00>
ST_2 : Operation 15 [1/1] (0.00ns)   --->   "%indvar_flatten = phi i9 0, void, i9 %select_ln124_12, void %.reset7" [../src/hls/cnn.cpp:124]   --->   Operation 15 'phi' 'indvar_flatten' <Predicate = true> <Delay = 0.00>
ST_2 : Operation 16 [1/1] (0.00ns)   --->   "%ii = phi i4 0, void, i4 %select_ln124_10, void %.reset7" [../src/hls/cnn.cpp:124]   --->   Operation 16 'phi' 'ii' <Predicate = true> <Delay = 0.00>
ST_2 : Operation 17 [1/1] (0.00ns)   --->   "%iii = phi i6 0, void, i6 %add_ln127, void %.reset7" [../src/hls/cnn.cpp:127]   --->   Operation 17 'phi' 'iii' <Predicate = true> <Delay = 0.00>
ST_2 : Operation 18 [1/1] (0.93ns)   --->   "%add_ln121 = add i10 %indvar_flatten58, i10 1" [../src/hls/cnn.cpp:121]   --->   Operation 18 'add' 'add_ln121' <Predicate = true> <Delay = 0.93> <CoreInst = "Adder">   --->   Core 1 'Adder' <Latency = 0> <II = 1> <Delay = 0.92> <FuncUnit> <Opcode : 'add' 'sub'> <InPorts = 2> <OutPorts = 1>
ST_2 : Operation 19 [1/1] (0.00ns)   --->   "%empty = trunc i4 %i" [../src/hls/cnn.cpp:121]   --->   Operation 19 'trunc' 'empty' <Predicate = true> <Delay = 0.00>
ST_2 : Operation 20 [1/1] (0.00ns)   --->   "%p_lshr_f9_cast = partselect i2 @_ssdm_op_PartSelect.i2.i4.i32.i32, i4 %i, i32 1, i32 2" [../src/hls/cnn.cpp:121]   --->   Operation 20 'partselect' 'p_lshr_f9_cast' <Predicate = true> <Delay = 0.00>
ST_2 : Operation 21 [1/1] (0.00ns)   --->   "%tmp_10 = bitconcatenate i6 @_ssdm_op_BitConcatenate.i6.i3.i3, i3 %empty, i3 0" [../src/hls/cnn.cpp:121]   --->   Operation 21 'bitconcatenate' 'tmp_10' <Predicate = true> <Delay = 0.00>
ST_2 : Operation 22 [1/1] (0.00ns)   --->   "%p_shl = or i6 %tmp_10, i6 8" [../src/hls/cnn.cpp:121]   --->   Operation 22 'or' 'p_shl' <Predicate = true> <Delay = 0.00>
ST_2 : Operation 23 [1/1] (0.00ns)   --->   "%p_shl_cast = zext i6 %p_shl" [../src/hls/cnn.cpp:121]   --->   Operation 23 'zext' 'p_shl_cast' <Predicate = true> <Delay = 0.00>
ST_2 : Operation 24 [1/1] (0.00ns)   --->   "%empty_35 = or i3 %empty, i3 1" [../src/hls/cnn.cpp:121]   --->   Operation 24 'or' 'empty_35' <Predicate = true> <Delay = 0.00>
ST_2 : Operation 25 [1/1] (0.00ns)   --->   "%zext_ln124 = zext i3 %empty_35" [../src/hls/cnn.cpp:124]   --->   Operation 25 'zext' 'zext_ln124' <Predicate = true> <Delay = 0.00>
ST_2 : Operation 26 [1/1] (0.00ns)   --->   "%p_lshr_f_cast = partselect i2 @_ssdm_op_PartSelect.i2.i4.i32.i32, i4 %ii, i32 1, i32 2" [../src/hls/cnn.cpp:124]   --->   Operation 26 'partselect' 'p_lshr_f_cast' <Predicate = true> <Delay = 0.00>
ST_2 : Operation 27 [1/1] (0.00ns)   --->   "%mul = bitconcatenate i4 @_ssdm_op_BitConcatenate.i4.i2.i2, i2 %p_lshr_f9_cast, i2 %p_lshr_f_cast" [../src/hls/cnn.cpp:121]   --->   Operation 27 'bitconcatenate' 'mul' <Predicate = true> <Delay = 0.00>
ST_2 : Operation 28 [1/1] (0.86ns)   --->   "%add_ln136 = add i4 %i, i4 %ii" [../src/hls/cnn.cpp:136]   --->   Operation 28 'add' 'add_ln136' <Predicate = true> <Delay = 0.86> <CoreInst = "Adder">   --->   Core 1 'Adder' <Latency = 0> <II = 1> <Delay = 0.92> <FuncUnit> <Opcode : 'add' 'sub'> <InPorts = 2> <OutPorts = 1>
ST_2 : Operation 29 [1/1] (0.00ns)   --->   "%tmp_s = bitconcatenate i6 @_ssdm_op_BitConcatenate.i6.i2.i4, i2 %p_lshr_f9_cast, i4 %add_ln136" [../src/hls/cnn.cpp:136]   --->   Operation 29 'bitconcatenate' 'tmp_s' <Predicate = true> <Delay = 0.00>
ST_2 : Operation 30 [1/1] (0.86ns)   --->   "%add_ln136_6 = add i4 %zext_ln124, i4 %ii" [../src/hls/cnn.cpp:136]   --->   Operation 30 'add' 'add_ln136_6' <Predicate = true> <Delay = 0.86> <CoreInst = "Adder">   --->   Core 1 'Adder' <Latency = 0> <II = 1> <Delay = 0.92> <FuncUnit> <Opcode : 'add' 'sub'> <InPorts = 2> <OutPorts = 1>
ST_2 : Operation 31 [1/1] (0.00ns)   --->   "%zext_ln136 = zext i4 %add_ln136_6" [../src/hls/cnn.cpp:136]   --->   Operation 31 'zext' 'zext_ln136' <Predicate = true> <Delay = 0.00>
ST_2 : Operation 32 [1/1] (0.88ns)   --->   "%add_ln136_7 = add i7 %zext_ln136, i7 %p_shl_cast" [../src/hls/cnn.cpp:136]   --->   Operation 32 'add' 'add_ln136_7' <Predicate = true> <Delay = 0.88> <CoreInst = "Adder">   --->   Core 1 'Adder' <Latency = 0> <II = 1> <Delay = 0.92> <FuncUnit> <Opcode : 'add' 'sub'> <InPorts = 2> <OutPorts = 1>
ST_2 : Operation 33 [1/1] (0.00ns)   --->   "%specpipeline_ln0 = specpipeline void @_ssdm_op_SpecPipeline, i32 4294967295, i32 0, i32 1, i32 0, void @p_str"   --->   Operation 33 'specpipeline' 'specpipeline_ln0' <Predicate = true> <Delay = 0.00>
ST_2 : Operation 34 [1/1] (0.86ns)   --->   "%i_1 = add i4 %i, i4 2" [../src/hls/cnn.cpp:121]   --->   Operation 34 'add' 'i_1' <Predicate = true> <Delay = 0.86> <CoreInst = "Adder">   --->   Core 1 'Adder' <Latency = 0> <II = 1> <Delay = 0.92> <FuncUnit> <Opcode : 'add' 'sub'> <InPorts = 2> <OutPorts = 1>
ST_2 : Operation 35 [1/1] (0.85ns)   --->   "%icmp_ln121 = icmp_eq  i10 %indvar_flatten58, i10 512" [../src/hls/cnn.cpp:121]   --->   Operation 35 'icmp' 'icmp_ln121' <Predicate = true> <Delay = 0.85> <CoreInst = "Cmp">   --->   Core 9 'Cmp' <Latency = 0> <II = 1> <Delay = 0.97> <FuncUnit> <Opcode : 'icmp'> <InPorts = 2> <OutPorts = 1>
ST_2 : Operation 36 [1/1] (0.00ns)   --->   "%br_ln121 = br i1 %icmp_ln121, void %.reset7, void" [../src/hls/cnn.cpp:121]   --->   Operation 36 'br' 'br_ln121' <Predicate = true> <Delay = 0.00>
ST_2 : Operation 37 [1/1] (0.85ns)   --->   "%icmp_ln124 = icmp_eq  i9 %indvar_flatten, i9 128" [../src/hls/cnn.cpp:124]   --->   Operation 37 'icmp' 'icmp_ln124' <Predicate = (!icmp_ln121)> <Delay = 0.85> <CoreInst = "Cmp">   --->   Core 9 'Cmp' <Latency = 0> <II = 1> <Delay = 0.97> <FuncUnit> <Opcode : 'icmp'> <InPorts = 2> <OutPorts = 1>
ST_2 : Operation 38 [1/1] (0.45ns)   --->   "%select_ln121 = select i1 %icmp_ln124, i4 0, i4 %ii" [../src/hls/cnn.cpp:121]   --->   Operation 38 'select' 'select_ln121' <Predicate = (!icmp_ln121)> <Delay = 0.45> <CoreInst = "Sel">   --->   Core 73 'Sel' <Latency = 0> <II = 1> <Delay = 0.45> <FuncUnit> <Opcode : 'select'> <InPorts = 3> <OutPorts = 1>
ST_2 : Operation 39 [1/1] (0.00ns)   --->   "%empty_37 = trunc i4 %i_1" [../src/hls/cnn.cpp:121]   --->   Operation 39 'trunc' 'empty_37' <Predicate = (!icmp_ln121)> <Delay = 0.00>
ST_2 : Operation 40 [1/1] (0.00ns)   --->   "%p_lshr_f9_cast_mid1 = partselect i2 @_ssdm_op_PartSelect.i2.i4.i32.i32, i4 %i_1, i32 1, i32 2" [../src/hls/cnn.cpp:121]   --->   Operation 40 'partselect' 'p_lshr_f9_cast_mid1' <Predicate = (!icmp_ln121)> <Delay = 0.00>
ST_2 : Operation 41 [1/1] (0.26ns)   --->   "%select_ln121_8 = select i1 %icmp_ln124, i2 %p_lshr_f9_cast_mid1, i2 %p_lshr_f9_cast" [../src/hls/cnn.cpp:121]   --->   Operation 41 'select' 'select_ln121_8' <Predicate = (!icmp_ln121)> <Delay = 0.26> <CoreInst = "Sel">   --->   Core 73 'Sel' <Latency = 0> <II = 1> <Delay = 0.45> <FuncUnit> <Opcode : 'select'> <InPorts = 3> <OutPorts = 1>
ST_2 : Operation 42 [1/1] (0.00ns)   --->   "%p_mid1 = bitconcatenate i6 @_ssdm_op_BitConcatenate.i6.i3.i3, i3 %empty_37, i3 0" [../src/hls/cnn.cpp:121]   --->   Operation 42 'bitconcatenate' 'p_mid1' <Predicate = (!icmp_ln121)> <Delay = 0.00>
ST_2 : Operation 43 [1/1] (0.00ns)   --->   "%p_shl_mid1 = or i6 %p_mid1, i6 8" [../src/hls/cnn.cpp:121]   --->   Operation 43 'or' 'p_shl_mid1' <Predicate = (!icmp_ln121)> <Delay = 0.00>
ST_2 : Operation 44 [1/1] (0.00ns) (grouped into LUT with out node add_ln136_13)   --->   "%select_ln121_9 = select i1 %icmp_ln124, i6 %p_shl_mid1, i6 %p_shl" [../src/hls/cnn.cpp:121]   --->   Operation 44 'select' 'select_ln121_9' <Predicate = (!icmp_ln121)> <Delay = 0.00> <CoreInst = "Sel">   --->   Core 73 'Sel' <Latency = 0> <II = 1> <Delay = 0.45> <FuncUnit> <Opcode : 'select'> <InPorts = 3> <OutPorts = 1>
ST_2 : Operation 45 [1/1] (0.00ns) (grouped into LUT with out node add_ln136_13)   --->   "%select_ln121_9_cast = zext i6 %select_ln121_9" [../src/hls/cnn.cpp:121]   --->   Operation 45 'zext' 'select_ln121_9_cast' <Predicate = (!icmp_ln121)> <Delay = 0.00>
ST_2 : Operation 46 [1/1] (0.00ns)   --->   "%p_mid110 = or i3 %empty_37, i3 1" [../src/hls/cnn.cpp:121]   --->   Operation 46 'or' 'p_mid110' <Predicate = (!icmp_ln121)> <Delay = 0.00>
ST_2 : Operation 47 [1/1] (0.00ns) (grouped into LUT with out node add_ln136_12)   --->   "%select_ln121_10 = select i1 %icmp_ln124, i3 %p_mid110, i3 %empty_35" [../src/hls/cnn.cpp:121]   --->   Operation 47 'select' 'select_ln121_10' <Predicate = (!icmp_ln121)> <Delay = 0.00> <CoreInst = "Sel">   --->   Core 73 'Sel' <Latency = 0> <II = 1> <Delay = 0.45> <FuncUnit> <Opcode : 'select'> <InPorts = 3> <OutPorts = 1>
ST_2 : Operation 48 [1/1] (0.00ns) (grouped into LUT with out node add_ln136_12)   --->   "%zext_ln124_2 = zext i3 %select_ln121_10" [../src/hls/cnn.cpp:124]   --->   Operation 48 'zext' 'zext_ln124_2' <Predicate = (!icmp_ln121)> <Delay = 0.00>
ST_2 : Operation 49 [1/1] (0.00ns) (grouped into LUT with out node add_ln142)   --->   "%mul_mid = bitconcatenate i4 @_ssdm_op_BitConcatenate.i4.i2.i2, i2 %p_lshr_f9_cast_mid1, i2 0" [../src/hls/cnn.cpp:121]   --->   Operation 49 'bitconcatenate' 'mul_mid' <Predicate = (!icmp_ln121)> <Delay = 0.00>
ST_2 : Operation 50 [1/1] (0.00ns) (grouped into LUT with out node select_ln124_8)   --->   "%tmp_16_mid = bitconcatenate i6 @_ssdm_op_BitConcatenate.i6.i2.i4, i2 %p_lshr_f9_cast_mid1, i4 %i_1" [../src/hls/cnn.cpp:136]   --->   Operation 50 'bitconcatenate' 'tmp_16_mid' <Predicate = (!icmp_ln121)> <Delay = 0.00>
ST_2 : Operation 51 [1/1] (0.00ns) (grouped into LUT with out node select_ln124_8)   --->   "%select_ln121_11 = select i1 %icmp_ln124, i6 %tmp_16_mid, i6 %tmp_s" [../src/hls/cnn.cpp:121]   --->   Operation 51 'select' 'select_ln121_11' <Predicate = (!icmp_ln121)> <Delay = 0.00> <CoreInst = "Sel">   --->   Core 73 'Sel' <Latency = 0> <II = 1> <Delay = 0.45> <FuncUnit> <Opcode : 'select'> <InPorts = 3> <OutPorts = 1>
ST_2 : Operation 52 [1/1] (0.00ns) (grouped into LUT with out node select_ln124_9)   --->   "%tmp_12 = partselect i3 @_ssdm_op_PartSelect.i3.i6.i32.i32, i6 %p_shl_mid1, i32 3, i32 5" [../src/hls/cnn.cpp:136]   --->   Operation 52 'partselect' 'tmp_12' <Predicate = (!icmp_ln121)> <Delay = 0.00>
ST_2 : Operation 53 [1/1] (0.00ns) (grouped into LUT with out node select_ln124_9)   --->   "%tmp_13 = bitconcatenate i6 @_ssdm_op_BitConcatenate.i6.i3.i3, i3 %tmp_12, i3 %p_mid110" [../src/hls/cnn.cpp:136]   --->   Operation 53 'bitconcatenate' 'tmp_13' <Predicate = (!icmp_ln121)> <Delay = 0.00>
ST_2 : Operation 54 [1/1] (0.00ns) (grouped into LUT with out node select_ln124_9)   --->   "%zext_ln136_4 = zext i6 %tmp_13" [../src/hls/cnn.cpp:136]   --->   Operation 54 'zext' 'zext_ln136_4' <Predicate = (!icmp_ln121)> <Delay = 0.00>
ST_2 : Operation 55 [1/1] (0.00ns) (grouped into LUT with out node select_ln124_9)   --->   "%select_ln121_12 = select i1 %icmp_ln124, i7 %zext_ln136_4, i7 %add_ln136_7" [../src/hls/cnn.cpp:121]   --->   Operation 55 'select' 'select_ln121_12' <Predicate = (!icmp_ln121)> <Delay = 0.00> <CoreInst = "Sel">   --->   Core 73 'Sel' <Latency = 0> <II = 1> <Delay = 0.45> <FuncUnit> <Opcode : 'select'> <InPorts = 3> <OutPorts = 1>
ST_2 : Operation 56 [1/1] (0.00ns) (grouped into LUT with out node and_ln121)   --->   "%xor_ln121 = xor i1 %icmp_ln124, i1 1" [../src/hls/cnn.cpp:121]   --->   Operation 56 'xor' 'xor_ln121' <Predicate = (!icmp_ln121)> <Delay = 0.00> <CoreInst = "LogicGate">   --->   Core 74 'LogicGate' <Latency = 0> <II = 1> <Delay = 0.33> <FuncUnit> <Opcode : 'and' 'or' 'xor'> <InPorts = 2> <OutPorts = 1>
ST_2 : Operation 57 [1/1] (0.87ns)   --->   "%icmp_ln127 = icmp_eq  i6 %iii, i6 32" [../src/hls/cnn.cpp:127]   --->   Operation 57 'icmp' 'icmp_ln127' <Predicate = (!icmp_ln121)> <Delay = 0.87> <CoreInst = "Cmp">   --->   Core 9 'Cmp' <Latency = 0> <II = 1> <Delay = 0.97> <FuncUnit> <Opcode : 'icmp'> <InPorts = 2> <OutPorts = 1>
ST_2 : Operation 58 [1/1] (0.33ns) (out node of the LUT)   --->   "%and_ln121 = and i1 %icmp_ln127, i1 %xor_ln121" [../src/hls/cnn.cpp:121]   --->   Operation 58 'and' 'and_ln121' <Predicate = (!icmp_ln121)> <Delay = 0.33> <CoreInst = "LogicGate">   --->   Core 74 'LogicGate' <Latency = 0> <II = 1> <Delay = 0.33> <FuncUnit> <Opcode : 'and' 'or' 'xor'> <InPorts = 2> <OutPorts = 1>
ST_2 : Operation 59 [1/1] (0.45ns)   --->   "%select_ln121_13 = select i1 %icmp_ln124, i4 %i_1, i4 %i" [../src/hls/cnn.cpp:121]   --->   Operation 59 'select' 'select_ln121_13' <Predicate = (!icmp_ln121)> <Delay = 0.45> <CoreInst = "Sel">   --->   Core 73 'Sel' <Latency = 0> <II = 1> <Delay = 0.45> <FuncUnit> <Opcode : 'select'> <InPorts = 3> <OutPorts = 1>
ST_2 : Operation 60 [1/1] (0.86ns)   --->   "%ii_4 = add i4 %select_ln121, i4 2" [../src/hls/cnn.cpp:124]   --->   Operation 60 'add' 'ii_4' <Predicate = (!icmp_ln121)> <Delay = 0.86> <CoreInst = "Adder">   --->   Core 1 'Adder' <Latency = 0> <II = 1> <Delay = 0.92> <FuncUnit> <Opcode : 'add' 'sub'> <InPorts = 2> <OutPorts = 1>
ST_2 : Operation 61 [1/1] (0.00ns)   --->   "%tmp_dup = partselect i2 @_ssdm_op_PartSelect.i2.i4.i32.i32, i4 %select_ln121_13, i32 1, i32 2" [../src/hls/cnn.cpp:136]   --->   Operation 61 'partselect' 'tmp_dup' <Predicate = (!icmp_ln121)> <Delay = 0.00>
ST_2 : Operation 62 [1/1] (0.00ns) (grouped into LUT with out node select_ln124)   --->   "%or_ln124 = or i1 %and_ln121, i1 %icmp_ln124" [../src/hls/cnn.cpp:124]   --->   Operation 62 'or' 'or_ln124' <Predicate = (!icmp_ln121)> <Delay = 0.00> <CoreInst = "LogicGate">   --->   Core 74 'LogicGate' <Latency = 0> <II = 1> <Delay = 0.33> <FuncUnit> <Opcode : 'and' 'or' 'xor'> <InPorts = 2> <OutPorts = 1>
ST_2 : Operation 63 [1/1] (0.44ns) (out node of the LUT)   --->   "%select_ln124 = select i1 %or_ln124, i6 0, i6 %iii" [../src/hls/cnn.cpp:124]   --->   Operation 63 'select' 'select_ln124' <Predicate = (!icmp_ln121)> <Delay = 0.44> <CoreInst = "Sel">   --->   Core 73 'Sel' <Latency = 0> <II = 1> <Delay = 0.45> <FuncUnit> <Opcode : 'select'> <InPorts = 3> <OutPorts = 1>
ST_2 : Operation 64 [1/1] (0.00ns) (grouped into LUT with out node add_ln142)   --->   "%p_lshr_f_cast_mid1 = partselect i2 @_ssdm_op_PartSelect.i2.i4.i32.i32, i4 %ii_4, i32 1, i32 2" [../src/hls/cnn.cpp:124]   --->   Operation 64 'partselect' 'p_lshr_f_cast_mid1' <Predicate = (!icmp_ln121)> <Delay = 0.00>
ST_2 : Operation 65 [1/1] (0.00ns) (grouped into LUT with out node add_ln142)   --->   "%mul_mid1 = bitconcatenate i4 @_ssdm_op_BitConcatenate.i4.i2.i2, i2 %select_ln121_8, i2 %p_lshr_f_cast_mid1" [../src/hls/cnn.cpp:121]   --->   Operation 65 'bitconcatenate' 'mul_mid1' <Predicate = (!icmp_ln121)> <Delay = 0.00>
ST_2 : Operation 66 [1/1] (0.00ns) (grouped into LUT with out node add_ln142)   --->   "%select_ln121_14 = select i1 %icmp_ln124, i4 %mul_mid, i4 %mul" [../src/hls/cnn.cpp:121]   --->   Operation 66 'select' 'select_ln121_14' <Predicate = (!icmp_ln121)> <Delay = 0.00> <CoreInst = "Sel">   --->   Core 73 'Sel' <Latency = 0> <II = 1> <Delay = 0.45> <FuncUnit> <Opcode : 'select'> <InPorts = 3> <OutPorts = 1>
ST_2 : Operation 67 [1/1] (0.00ns) (grouped into LUT with out node add_ln142)   --->   "%select_ln124_6 = select i1 %and_ln121, i4 %mul_mid1, i4 %select_ln121_14" [../src/hls/cnn.cpp:124]   --->   Operation 67 'select' 'select_ln124_6' <Predicate = (!icmp_ln121)> <Delay = 0.00> <CoreInst = "Sel">   --->   Core 73 'Sel' <Latency = 0> <II = 1> <Delay = 0.45> <FuncUnit> <Opcode : 'select'> <InPorts = 3> <OutPorts = 1>
ST_2 : Operation 68 [1/1] (0.00ns) (grouped into LUT with out node add_ln142)   --->   "%add40_mid2 = bitconcatenate i9 @_ssdm_op_BitConcatenate.i9.i4.i5, i4 %select_ln124_6, i5 0" [../src/hls/cnn.cpp:124]   --->   Operation 68 'bitconcatenate' 'add40_mid2' <Predicate = (!icmp_ln121)> <Delay = 0.00>
ST_2 : Operation 69 [1/1] (0.86ns)   --->   "%add_ln136_8 = add i4 %select_ln121_13, i4 %ii_4" [../src/hls/cnn.cpp:136]   --->   Operation 69 'add' 'add_ln136_8' <Predicate = (!icmp_ln121)> <Delay = 0.86> <CoreInst = "Adder">   --->   Core 1 'Adder' <Latency = 0> <II = 1> <Delay = 0.92> <FuncUnit> <Opcode : 'add' 'sub'> <InPorts = 2> <OutPorts = 1>
ST_2 : Operation 70 [1/1] (0.26ns)   --->   "%select_ln124_7 = select i1 %and_ln121, i2 %tmp_dup, i2 %select_ln121_8" [../src/hls/cnn.cpp:124]   --->   Operation 70 'select' 'select_ln124_7' <Predicate = (!icmp_ln121)> <Delay = 0.26> <CoreInst = "Sel">   --->   Core 73 'Sel' <Latency = 0> <II = 1> <Delay = 0.45> <FuncUnit> <Opcode : 'select'> <InPorts = 3> <OutPorts = 1>
ST_2 : Operation 71 [1/1] (0.00ns) (grouped into LUT with out node select_ln124_8)   --->   "%tmp_16_mid1 = bitconcatenate i6 @_ssdm_op_BitConcatenate.i6.i2.i4, i2 %tmp_dup, i4 %add_ln136_8" [../src/hls/cnn.cpp:136]   --->   Operation 71 'bitconcatenate' 'tmp_16_mid1' <Predicate = (!icmp_ln121)> <Delay = 0.00>
ST_2 : Operation 72 [1/1] (0.44ns) (out node of the LUT)   --->   "%select_ln124_8 = select i1 %and_ln121, i6 %tmp_16_mid1, i6 %select_ln121_11" [../src/hls/cnn.cpp:124]   --->   Operation 72 'select' 'select_ln124_8' <Predicate = (!icmp_ln121)> <Delay = 0.44> <CoreInst = "Sel">   --->   Core 73 'Sel' <Latency = 0> <II = 1> <Delay = 0.45> <FuncUnit> <Opcode : 'select'> <InPorts = 3> <OutPorts = 1>
ST_2 : Operation 73 [1/1] (0.00ns) (grouped into LUT with out node or_ln136)   --->   "%shl_ln124 = shl i6 %select_ln124_8, i6 5" [../src/hls/cnn.cpp:124]   --->   Operation 73 'shl' 'shl_ln124' <Predicate = (!icmp_ln121)> <Delay = 0.00>
ST_2 : Operation 74 [1/1] (0.00ns) (grouped into LUT with out node add_ln136_9)   --->   "%or_ln124_3 = or i6 %select_ln124_8, i6 1" [../src/hls/cnn.cpp:124]   --->   Operation 74 'or' 'or_ln124_3' <Predicate = (!icmp_ln121)> <Delay = 0.00>
ST_2 : Operation 75 [1/1] (0.00ns) (grouped into LUT with out node add_ln136_9)   --->   "%shl_ln136_2_mid2 = bitconcatenate i12 @_ssdm_op_BitConcatenate.i12.i1.i6.i5, i1 0, i6 %or_ln124_3, i5 0" [../src/hls/cnn.cpp:124]   --->   Operation 75 'bitconcatenate' 'shl_ln136_2_mid2' <Predicate = (!icmp_ln121)> <Delay = 0.00>
ST_2 : Operation 76 [1/1] (0.86ns) (out node of the LUT)   --->   "%add_ln136_12 = add i4 %zext_ln124_2, i4 %ii_4" [../src/hls/cnn.cpp:136]   --->   Operation 76 'add' 'add_ln136_12' <Predicate = (!icmp_ln121)> <Delay = 0.86> <CoreInst = "Adder">   --->   Core 1 'Adder' <Latency = 0> <II = 1> <Delay = 0.92> <FuncUnit> <Opcode : 'add' 'sub'> <InPorts = 2> <OutPorts = 1>
ST_2 : Operation 77 [1/1] (0.00ns) (grouped into LUT with out node add_ln136_13)   --->   "%zext_ln136_5 = zext i4 %add_ln136_12" [../src/hls/cnn.cpp:136]   --->   Operation 77 'zext' 'zext_ln136_5' <Predicate = (!icmp_ln121)> <Delay = 0.00>
ST_2 : Operation 78 [1/1] (0.88ns) (out node of the LUT)   --->   "%add_ln136_13 = add i7 %zext_ln136_5, i7 %select_ln121_9_cast" [../src/hls/cnn.cpp:136]   --->   Operation 78 'add' 'add_ln136_13' <Predicate = (!icmp_ln121)> <Delay = 0.88> <CoreInst = "Adder">   --->   Core 1 'Adder' <Latency = 0> <II = 1> <Delay = 0.92> <FuncUnit> <Opcode : 'add' 'sub'> <InPorts = 2> <OutPorts = 1>
ST_2 : Operation 79 [1/1] (0.42ns) (out node of the LUT)   --->   "%select_ln124_9 = select i1 %and_ln121, i7 %add_ln136_13, i7 %select_ln121_12" [../src/hls/cnn.cpp:124]   --->   Operation 79 'select' 'select_ln124_9' <Predicate = (!icmp_ln121)> <Delay = 0.42> <CoreInst = "Sel">   --->   Core 73 'Sel' <Latency = 0> <II = 1> <Delay = 0.45> <FuncUnit> <Opcode : 'select'> <InPorts = 3> <OutPorts = 1>
ST_2 : Operation 80 [1/1] (0.45ns)   --->   "%select_ln124_10 = select i1 %and_ln121, i4 %ii_4, i4 %select_ln121" [../src/hls/cnn.cpp:124]   --->   Operation 80 'select' 'select_ln124_10' <Predicate = (!icmp_ln121)> <Delay = 0.45> <CoreInst = "Sel">   --->   Core 73 'Sel' <Latency = 0> <II = 1> <Delay = 0.45> <FuncUnit> <Opcode : 'select'> <InPorts = 3> <OutPorts = 1>
ST_2 : Operation 81 [1/1] (0.00ns) (grouped into LUT with out node add_ln142)   --->   "%iii_cast9 = zext i6 %select_ln124" [../src/hls/cnn.cpp:124]   --->   Operation 81 'zext' 'iii_cast9' <Predicate = (!icmp_ln121)> <Delay = 0.00>
ST_2 : Operation 82 [1/1] (0.00ns)   --->   "%iii_cast = zext i6 %select_ln124" [../src/hls/cnn.cpp:124]   --->   Operation 82 'zext' 'iii_cast' <Predicate = (!icmp_ln121)> <Delay = 0.00>
ST_2 : Operation 83 [1/1] (0.40ns) (out node of the LUT)   --->   "%or_ln136 = or i6 %shl_ln124, i6 %select_ln124" [../src/hls/cnn.cpp:136]   --->   Operation 83 'or' 'or_ln136' <Predicate = (!icmp_ln121)> <Delay = 0.40> <CoreInst = "LogicGate">   --->   Core 74 'LogicGate' <Latency = 0> <II = 1> <Delay = 0.33> <FuncUnit> <Opcode : 'and' 'or' 'xor'> <InPorts = 2> <OutPorts = 1>
ST_2 : Operation 84 [1/1] (0.00ns) (grouped into LUT with out node select_ln124_11)   --->   "%tmp_14 = partselect i3 @_ssdm_op_PartSelect.i3.i4.i32.i32, i4 %add_ln136_8, i32 1, i32 3" [../src/hls/cnn.cpp:136]   --->   Operation 84 'partselect' 'tmp_14' <Predicate = (!icmp_ln121)> <Delay = 0.00>
ST_2 : Operation 85 [1/1] (0.00ns) (grouped into LUT with out node select_ln124_11)   --->   "%tmp_15 = partselect i3 @_ssdm_op_PartSelect.i3.i4.i32.i32, i4 %i_1, i32 1, i32 3" [../src/hls/cnn.cpp:136]   --->   Operation 85 'partselect' 'tmp_15' <Predicate = (!icmp_ln121)> <Delay = 0.00>
ST_2 : Operation 86 [1/1] (0.00ns) (grouped into LUT with out node select_ln124_11)   --->   "%tmp_16 = partselect i3 @_ssdm_op_PartSelect.i3.i4.i32.i32, i4 %add_ln136, i32 1, i32 3" [../src/hls/cnn.cpp:136]   --->   Operation 86 'partselect' 'tmp_16' <Predicate = (!icmp_ln121)> <Delay = 0.00>
ST_2 : Operation 87 [1/1] (0.00ns) (grouped into LUT with out node select_ln124_11)   --->   "%select_ln121_15 = select i1 %icmp_ln124, i3 %tmp_15, i3 %tmp_16" [../src/hls/cnn.cpp:121]   --->   Operation 87 'select' 'select_ln121_15' <Predicate = (!icmp_ln121)> <Delay = 0.00> <CoreInst = "Sel">   --->   Core 73 'Sel' <Latency = 0> <II = 1> <Delay = 0.45> <FuncUnit> <Opcode : 'select'> <InPorts = 3> <OutPorts = 1>
ST_2 : Operation 88 [1/1] (0.27ns) (out node of the LUT)   --->   "%select_ln124_11 = select i1 %and_ln121, i3 %tmp_14, i3 %select_ln121_15" [../src/hls/cnn.cpp:124]   --->   Operation 88 'select' 'select_ln124_11' <Predicate = (!icmp_ln121)> <Delay = 0.27> <CoreInst = "Sel">   --->   Core 73 'Sel' <Latency = 0> <II = 1> <Delay = 0.45> <FuncUnit> <Opcode : 'select'> <InPorts = 3> <OutPorts = 1>
ST_2 : Operation 89 [1/1] (0.00ns)   --->   "%tmp_17 = bitconcatenate i11 @_ssdm_op_BitConcatenate.i11.i2.i3.i6, i2 %select_ln124_7, i3 %select_ln124_11, i6 %or_ln136" [../src/hls/cnn.cpp:136]   --->   Operation 89 'bitconcatenate' 'tmp_17' <Predicate = (!icmp_ln121)> <Delay = 0.00>
ST_2 : Operation 90 [1/1] (0.00ns)   --->   "%zext_ln136_6 = zext i11 %tmp_17" [../src/hls/cnn.cpp:136]   --->   Operation 90 'zext' 'zext_ln136_6' <Predicate = (!icmp_ln121)> <Delay = 0.00>
ST_2 : Operation 91 [1/1] (0.00ns)   --->   "%input_addr = getelementptr i32 %input_r, i64 0, i64 %zext_ln136_6" [../src/hls/cnn.cpp:136]   --->   Operation 91 'getelementptr' 'input_addr' <Predicate = (!icmp_ln121)> <Delay = 0.00>
ST_2 : Operation 92 [2/2] (1.35ns)   --->   "%input_load = load i12 %input_addr" [../src/hls/cnn.cpp:136]   --->   Operation 92 'load' 'input_load' <Predicate = (!icmp_ln121)> <Delay = 1.35> <CoreInst = "RAM">   --->   Core 83 'RAM' <Latency = 1> <II = 1> <Delay = 1.35> <Storage> <Opcode : 'load' 'store'> <Ports = 2> <Width = 32> <Depth = 2592> <RAM>
ST_2 : Operation 93 [1/1] (0.96ns) (out node of the LUT)   --->   "%add_ln136_9 = add i12 %shl_ln136_2_mid2, i12 %iii_cast" [../src/hls/cnn.cpp:136]   --->   Operation 93 'add' 'add_ln136_9' <Predicate = (!icmp_ln121)> <Delay = 0.96> <CoreInst = "Adder">   --->   Core 1 'Adder' <Latency = 0> <II = 1> <Delay = 0.92> <FuncUnit> <Opcode : 'add' 'sub'> <InPorts = 2> <OutPorts = 1>
ST_2 : Operation 94 [1/1] (0.00ns)   --->   "%zext_ln136_7 = zext i12 %add_ln136_9" [../src/hls/cnn.cpp:136]   --->   Operation 94 'zext' 'zext_ln136_7' <Predicate = (!icmp_ln121)> <Delay = 0.00>
ST_2 : Operation 95 [1/1] (0.00ns)   --->   "%input_addr_4 = getelementptr i32 %input_r, i64 0, i64 %zext_ln136_7" [../src/hls/cnn.cpp:136]   --->   Operation 95 'getelementptr' 'input_addr_4' <Predicate = (!icmp_ln121)> <Delay = 0.00>
ST_2 : Operation 96 [2/2] (1.35ns)   --->   "%input_load_4 = load i12 %input_addr_4" [../src/hls/cnn.cpp:136]   --->   Operation 96 'load' 'input_load_4' <Predicate = (!icmp_ln121)> <Delay = 1.35> <CoreInst = "RAM">   --->   Core 83 'RAM' <Latency = 1> <II = 1> <Delay = 1.35> <Storage> <Opcode : 'load' 'store'> <Ports = 2> <Width = 32> <Depth = 2592> <RAM>
ST_2 : Operation 97 [1/1] (0.92ns) (out node of the LUT)   --->   "%add_ln142 = add i9 %iii_cast9, i9 %add40_mid2" [../src/hls/cnn.cpp:142]   --->   Operation 97 'add' 'add_ln142' <Predicate = (!icmp_ln121)> <Delay = 0.92> <CoreInst = "Adder">   --->   Core 1 'Adder' <Latency = 0> <II = 1> <Delay = 0.92> <FuncUnit> <Opcode : 'add' 'sub'> <InPorts = 2> <OutPorts = 1>
ST_2 : Operation 98 [1/1] (0.92ns)   --->   "%add_ln124_3 = add i9 %indvar_flatten, i9 1" [../src/hls/cnn.cpp:124]   --->   Operation 98 'add' 'add_ln124_3' <Predicate = (!icmp_ln121)> <Delay = 0.92> <CoreInst = "Adder">   --->   Core 1 'Adder' <Latency = 0> <II = 1> <Delay = 0.92> <FuncUnit> <Opcode : 'add' 'sub'> <InPorts = 2> <OutPorts = 1>

State 3 <SV = 2> <Delay = 4.70>
ST_3 : Operation 99 [1/2] (1.35ns)   --->   "%input_load = load i12 %input_addr" [../src/hls/cnn.cpp:136]   --->   Operation 99 'load' 'input_load' <Predicate = (!icmp_ln121)> <Delay = 1.35> <CoreInst = "RAM">   --->   Core 83 'RAM' <Latency = 1> <II = 1> <Delay = 1.35> <Storage> <Opcode : 'load' 'store'> <Ports = 2> <Width = 32> <Depth = 2592> <RAM>
ST_3 : Operation 100 [2/2] (3.34ns)   --->   "%tmp_19 = fcmp_ogt  i32 %input_load, i32 0" [../src/hls/cnn.cpp:136]   --->   Operation 100 'fcmp' 'tmp_19' <Predicate = (!icmp_ln121)> <Delay = 3.34> <CoreInst = "FCompare">   --->   Core 19 'FCompare' <Latency = 1> <II = 1> <Delay = 3.34> <FuncUnit> <Opcode : 'fcmp'> <InPorts = 2> <OutPorts = 1>
ST_3 : Operation 101 [1/2] (1.35ns)   --->   "%input_load_4 = load i12 %input_addr_4" [../src/hls/cnn.cpp:136]   --->   Operation 101 'load' 'input_load_4' <Predicate = (!icmp_ln121)> <Delay = 1.35> <CoreInst = "RAM">   --->   Core 83 'RAM' <Latency = 1> <II = 1> <Delay = 1.35> <Storage> <Opcode : 'load' 'store'> <Ports = 2> <Width = 32> <Depth = 2592> <RAM>
ST_3 : Operation 102 [1/1] (0.88ns)   --->   "%add_ln127 = add i6 %select_ln124, i6 1" [../src/hls/cnn.cpp:127]   --->   Operation 102 'add' 'add_ln127' <Predicate = (!icmp_ln121)> <Delay = 0.88> <CoreInst = "Adder">   --->   Core 1 'Adder' <Latency = 0> <II = 1> <Delay = 0.92> <FuncUnit> <Opcode : 'add' 'sub'> <InPorts = 2> <OutPorts = 1>
ST_3 : Operation 103 [1/1] (0.45ns)   --->   "%select_ln124_12 = select i1 %icmp_ln124, i9 1, i9 %add_ln124_3" [../src/hls/cnn.cpp:124]   --->   Operation 103 'select' 'select_ln124_12' <Predicate = (!icmp_ln121)> <Delay = 0.45> <CoreInst = "Sel">   --->   Core 73 'Sel' <Latency = 0> <II = 1> <Delay = 0.45> <FuncUnit> <Opcode : 'select'> <InPorts = 3> <OutPorts = 1>

State 4 <SV = 3> <Delay = 7.22>
ST_4 : Operation 104 [1/1] (0.00ns)   --->   "%bitcast_ln136 = bitcast i32 %input_load" [../src/hls/cnn.cpp:136]   --->   Operation 104 'bitcast' 'bitcast_ln136' <Predicate = (!icmp_ln121)> <Delay = 0.00>
ST_4 : Operation 105 [1/1] (0.00ns)   --->   "%tmp_18 = partselect i8 @_ssdm_op_PartSelect.i8.i32.i32.i32, i32 %bitcast_ln136, i32 23, i32 30" [../src/hls/cnn.cpp:136]   --->   Operation 105 'partselect' 'tmp_18' <Predicate = (!icmp_ln121)> <Delay = 0.00>
ST_4 : Operation 106 [1/1] (0.00ns)   --->   "%trunc_ln136 = trunc i32 %bitcast_ln136" [../src/hls/cnn.cpp:136]   --->   Operation 106 'trunc' 'trunc_ln136' <Predicate = (!icmp_ln121)> <Delay = 0.00>
ST_4 : Operation 107 [1/1] (0.85ns)   --->   "%icmp_ln136 = icmp_ne  i8 %tmp_18, i8 255" [../src/hls/cnn.cpp:136]   --->   Operation 107 'icmp' 'icmp_ln136' <Predicate = (!icmp_ln121)> <Delay = 0.85> <CoreInst = "Cmp">   --->   Core 9 'Cmp' <Latency = 0> <II = 1> <Delay = 0.97> <FuncUnit> <Opcode : 'icmp'> <InPorts = 2> <OutPorts = 1>
ST_4 : Operation 108 [1/1] (0.97ns)   --->   "%icmp_ln136_14 = icmp_eq  i23 %trunc_ln136, i23 0" [../src/hls/cnn.cpp:136]   --->   Operation 108 'icmp' 'icmp_ln136_14' <Predicate = (!icmp_ln121)> <Delay = 0.97> <CoreInst = "Cmp">   --->   Core 9 'Cmp' <Latency = 0> <II = 1> <Delay = 0.97> <FuncUnit> <Opcode : 'icmp'> <InPorts = 2> <OutPorts = 1>
ST_4 : Operation 109 [1/1] (0.00ns) (grouped into LUT with out node select_ln136)   --->   "%or_ln136_7 = or i1 %icmp_ln136_14, i1 %icmp_ln136" [../src/hls/cnn.cpp:136]   --->   Operation 109 'or' 'or_ln136_7' <Predicate = (!icmp_ln121)> <Delay = 0.00> <CoreInst = "LogicGate">   --->   Core 74 'LogicGate' <Latency = 0> <II = 1> <Delay = 0.33> <FuncUnit> <Opcode : 'and' 'or' 'xor'> <InPorts = 2> <OutPorts = 1>
ST_4 : Operation 110 [1/2] (3.34ns)   --->   "%tmp_19 = fcmp_ogt  i32 %input_load, i32 0" [../src/hls/cnn.cpp:136]   --->   Operation 110 'fcmp' 'tmp_19' <Predicate = (!icmp_ln121)> <Delay = 3.34> <CoreInst = "FCompare">   --->   Core 19 'FCompare' <Latency = 1> <II = 1> <Delay = 3.34> <FuncUnit> <Opcode : 'fcmp'> <InPorts = 2> <OutPorts = 1>
ST_4 : Operation 111 [1/1] (0.00ns) (grouped into LUT with out node select_ln136)   --->   "%and_ln136 = and i1 %or_ln136_7, i1 %tmp_19" [../src/hls/cnn.cpp:136]   --->   Operation 111 'and' 'and_ln136' <Predicate = (!icmp_ln121)> <Delay = 0.00> <CoreInst = "LogicGate">   --->   Core 74 'LogicGate' <Latency = 0> <II = 1> <Delay = 0.33> <FuncUnit> <Opcode : 'and' 'or' 'xor'> <InPorts = 2> <OutPorts = 1>
ST_4 : Operation 112 [1/1] (0.52ns) (out node of the LUT)   --->   "%select_ln136 = select i1 %and_ln136, i32 %input_load, i32 0" [../src/hls/cnn.cpp:136]   --->   Operation 112 'select' 'select_ln136' <Predicate = (!icmp_ln121)> <Delay = 0.52> <CoreInst = "Sel">   --->   Core 73 'Sel' <Latency = 0> <II = 1> <Delay = 0.45> <FuncUnit> <Opcode : 'select'> <InPorts = 3> <OutPorts = 1>
ST_4 : Operation 113 [2/2] (3.34ns)   --->   "%tmp_22 = fcmp_ogt  i32 %input_load_4, i32 %select_ln136" [../src/hls/cnn.cpp:136]   --->   Operation 113 'fcmp' 'tmp_22' <Predicate = (!icmp_ln121)> <Delay = 3.34> <CoreInst = "FCompare">   --->   Core 19 'FCompare' <Latency = 1> <II = 1> <Delay = 3.34> <FuncUnit> <Opcode : 'fcmp'> <InPorts = 2> <OutPorts = 1>

State 5 <SV = 4> <Delay = 4.20>
ST_5 : Operation 114 [1/1] (0.00ns)   --->   "%shl_ln136_3_mid2 = bitconcatenate i12 @_ssdm_op_BitConcatenate.i12.i7.i5, i7 %select_ln124_9, i5 0" [../src/hls/cnn.cpp:124]   --->   Operation 114 'bitconcatenate' 'shl_ln136_3_mid2' <Predicate = (!icmp_ln121)> <Delay = 0.00>
ST_5 : Operation 115 [1/1] (0.89ns)   --->   "%add_ln124_2 = add i7 %select_ln124_9, i7 1" [../src/hls/cnn.cpp:124]   --->   Operation 115 'add' 'add_ln124_2' <Predicate = (!icmp_ln121)> <Delay = 0.89> <CoreInst = "Adder">   --->   Core 1 'Adder' <Latency = 0> <II = 1> <Delay = 0.92> <FuncUnit> <Opcode : 'add' 'sub'> <InPorts = 2> <OutPorts = 1>
ST_5 : Operation 116 [1/1] (0.00ns)   --->   "%shl_ln136_4_mid2 = bitconcatenate i12 @_ssdm_op_BitConcatenate.i12.i7.i5, i7 %add_ln124_2, i5 0" [../src/hls/cnn.cpp:124]   --->   Operation 116 'bitconcatenate' 'shl_ln136_4_mid2' <Predicate = (!icmp_ln121)> <Delay = 0.00>
ST_5 : Operation 117 [1/1] (0.00ns)   --->   "%bitcast_ln136_7 = bitcast i32 %input_load_4" [../src/hls/cnn.cpp:136]   --->   Operation 117 'bitcast' 'bitcast_ln136_7' <Predicate = (!icmp_ln121)> <Delay = 0.00>
ST_5 : Operation 118 [1/1] (0.00ns)   --->   "%tmp_20 = partselect i8 @_ssdm_op_PartSelect.i8.i32.i32.i32, i32 %bitcast_ln136_7, i32 23, i32 30" [../src/hls/cnn.cpp:136]   --->   Operation 118 'partselect' 'tmp_20' <Predicate = (!icmp_ln121)> <Delay = 0.00>
ST_5 : Operation 119 [1/1] (0.00ns)   --->   "%trunc_ln136_7 = trunc i32 %bitcast_ln136_7" [../src/hls/cnn.cpp:136]   --->   Operation 119 'trunc' 'trunc_ln136_7' <Predicate = (!icmp_ln121)> <Delay = 0.00>
ST_5 : Operation 120 [1/1] (0.00ns)   --->   "%bitcast_ln136_8 = bitcast i32 %select_ln136" [../src/hls/cnn.cpp:136]   --->   Operation 120 'bitcast' 'bitcast_ln136_8' <Predicate = (!icmp_ln121)> <Delay = 0.00>
ST_5 : Operation 121 [1/1] (0.00ns)   --->   "%tmp_21 = partselect i8 @_ssdm_op_PartSelect.i8.i32.i32.i32, i32 %bitcast_ln136_8, i32 23, i32 30" [../src/hls/cnn.cpp:136]   --->   Operation 121 'partselect' 'tmp_21' <Predicate = (!icmp_ln121)> <Delay = 0.00>
ST_5 : Operation 122 [1/1] (0.00ns)   --->   "%trunc_ln136_8 = trunc i32 %bitcast_ln136_8" [../src/hls/cnn.cpp:136]   --->   Operation 122 'trunc' 'trunc_ln136_8' <Predicate = (!icmp_ln121)> <Delay = 0.00>
ST_5 : Operation 123 [1/1] (0.85ns)   --->   "%icmp_ln136_15 = icmp_ne  i8 %tmp_20, i8 255" [../src/hls/cnn.cpp:136]   --->   Operation 123 'icmp' 'icmp_ln136_15' <Predicate = (!icmp_ln121)> <Delay = 0.85> <CoreInst = "Cmp">   --->   Core 9 'Cmp' <Latency = 0> <II = 1> <Delay = 0.97> <FuncUnit> <Opcode : 'icmp'> <InPorts = 2> <OutPorts = 1>
ST_5 : Operation 124 [1/1] (0.97ns)   --->   "%icmp_ln136_16 = icmp_eq  i23 %trunc_ln136_7, i23 0" [../src/hls/cnn.cpp:136]   --->   Operation 124 'icmp' 'icmp_ln136_16' <Predicate = (!icmp_ln121)> <Delay = 0.97> <CoreInst = "Cmp">   --->   Core 9 'Cmp' <Latency = 0> <II = 1> <Delay = 0.97> <FuncUnit> <Opcode : 'icmp'> <InPorts = 2> <OutPorts = 1>
ST_5 : Operation 125 [1/1] (0.00ns) (grouped into LUT with out node and_ln136_8)   --->   "%or_ln136_8 = or i1 %icmp_ln136_16, i1 %icmp_ln136_15" [../src/hls/cnn.cpp:136]   --->   Operation 125 'or' 'or_ln136_8' <Predicate = (!icmp_ln121)> <Delay = 0.00> <CoreInst = "LogicGate">   --->   Core 74 'LogicGate' <Latency = 0> <II = 1> <Delay = 0.33> <FuncUnit> <Opcode : 'and' 'or' 'xor'> <InPorts = 2> <OutPorts = 1>
ST_5 : Operation 126 [1/1] (0.85ns)   --->   "%icmp_ln136_17 = icmp_ne  i8 %tmp_21, i8 255" [../src/hls/cnn.cpp:136]   --->   Operation 126 'icmp' 'icmp_ln136_17' <Predicate = (!icmp_ln121)> <Delay = 0.85> <CoreInst = "Cmp">   --->   Core 9 'Cmp' <Latency = 0> <II = 1> <Delay = 0.97> <FuncUnit> <Opcode : 'icmp'> <InPorts = 2> <OutPorts = 1>
ST_5 : Operation 127 [1/1] (0.97ns)   --->   "%icmp_ln136_18 = icmp_eq  i23 %trunc_ln136_8, i23 0" [../src/hls/cnn.cpp:136]   --->   Operation 127 'icmp' 'icmp_ln136_18' <Predicate = (!icmp_ln121)> <Delay = 0.97> <CoreInst = "Cmp">   --->   Core 9 'Cmp' <Latency = 0> <II = 1> <Delay = 0.97> <FuncUnit> <Opcode : 'icmp'> <InPorts = 2> <OutPorts = 1>
ST_5 : Operation 128 [1/1] (0.00ns) (grouped into LUT with out node and_ln136_8)   --->   "%or_ln136_9 = or i1 %icmp_ln136_18, i1 %icmp_ln136_17" [../src/hls/cnn.cpp:136]   --->   Operation 128 'or' 'or_ln136_9' <Predicate = (!icmp_ln121)> <Delay = 0.00> <CoreInst = "LogicGate">   --->   Core 74 'LogicGate' <Latency = 0> <II = 1> <Delay = 0.33> <FuncUnit> <Opcode : 'and' 'or' 'xor'> <InPorts = 2> <OutPorts = 1>
ST_5 : Operation 129 [1/1] (0.00ns) (grouped into LUT with out node and_ln136_8)   --->   "%and_ln136_7 = and i1 %or_ln136_8, i1 %or_ln136_9" [../src/hls/cnn.cpp:136]   --->   Operation 129 'and' 'and_ln136_7' <Predicate = (!icmp_ln121)> <Delay = 0.00> <CoreInst = "LogicGate">   --->   Core 74 'LogicGate' <Latency = 0> <II = 1> <Delay = 0.33> <FuncUnit> <Opcode : 'and' 'or' 'xor'> <InPorts = 2> <OutPorts = 1>
ST_5 : Operation 130 [1/2] (3.34ns)   --->   "%tmp_22 = fcmp_ogt  i32 %input_load_4, i32 %select_ln136" [../src/hls/cnn.cpp:136]   --->   Operation 130 'fcmp' 'tmp_22' <Predicate = (!icmp_ln121)> <Delay = 3.34> <CoreInst = "FCompare">   --->   Core 19 'FCompare' <Latency = 1> <II = 1> <Delay = 3.34> <FuncUnit> <Opcode : 'fcmp'> <InPorts = 2> <OutPorts = 1>
ST_5 : Operation 131 [1/1] (0.33ns) (out node of the LUT)   --->   "%and_ln136_8 = and i1 %and_ln136_7, i1 %tmp_22" [../src/hls/cnn.cpp:136]   --->   Operation 131 'and' 'and_ln136_8' <Predicate = (!icmp_ln121)> <Delay = 0.33> <CoreInst = "LogicGate">   --->   Core 74 'LogicGate' <Latency = 0> <II = 1> <Delay = 0.33> <FuncUnit> <Opcode : 'and' 'or' 'xor'> <InPorts = 2> <OutPorts = 1>
ST_5 : Operation 132 [1/1] (0.52ns) (out node of the LUT)   --->   "%select_ln136_4 = select i1 %and_ln136_8, i32 %input_load_4, i32 %select_ln136" [../src/hls/cnn.cpp:136]   --->   Operation 132 'select' 'select_ln136_4' <Predicate = (!icmp_ln121)> <Delay = 0.52> <CoreInst = "Sel">   --->   Core 73 'Sel' <Latency = 0> <II = 1> <Delay = 0.45> <FuncUnit> <Opcode : 'select'> <InPorts = 3> <OutPorts = 1>
ST_5 : Operation 133 [1/1] (0.96ns)   --->   "%add_ln136_10 = add i12 %shl_ln136_3_mid2, i12 %iii_cast" [../src/hls/cnn.cpp:136]   --->   Operation 133 'add' 'add_ln136_10' <Predicate = (!icmp_ln121)> <Delay = 0.96> <CoreInst = "Adder">   --->   Core 1 'Adder' <Latency = 0> <II = 1> <Delay = 0.92> <FuncUnit> <Opcode : 'add' 'sub'> <InPorts = 2> <OutPorts = 1>
ST_5 : Operation 134 [1/1] (0.00ns)   --->   "%zext_ln136_8 = zext i12 %add_ln136_10" [../src/hls/cnn.cpp:136]   --->   Operation 134 'zext' 'zext_ln136_8' <Predicate = (!icmp_ln121)> <Delay = 0.00>
ST_5 : Operation 135 [1/1] (0.00ns)   --->   "%input_addr_5 = getelementptr i32 %input_r, i64 0, i64 %zext_ln136_8" [../src/hls/cnn.cpp:136]   --->   Operation 135 'getelementptr' 'input_addr_5' <Predicate = (!icmp_ln121)> <Delay = 0.00>
ST_5 : Operation 136 [2/2] (1.35ns)   --->   "%input_load_5 = load i12 %input_addr_5" [../src/hls/cnn.cpp:136]   --->   Operation 136 'load' 'input_load_5' <Predicate = (!icmp_ln121)> <Delay = 1.35> <CoreInst = "RAM">   --->   Core 83 'RAM' <Latency = 1> <II = 1> <Delay = 1.35> <Storage> <Opcode : 'load' 'store'> <Ports = 2> <Width = 32> <Depth = 2592> <RAM>
ST_5 : Operation 137 [1/1] (0.96ns)   --->   "%add_ln136_11 = add i12 %shl_ln136_4_mid2, i12 %iii_cast" [../src/hls/cnn.cpp:136]   --->   Operation 137 'add' 'add_ln136_11' <Predicate = (!icmp_ln121)> <Delay = 0.96> <CoreInst = "Adder">   --->   Core 1 'Adder' <Latency = 0> <II = 1> <Delay = 0.92> <FuncUnit> <Opcode : 'add' 'sub'> <InPorts = 2> <OutPorts = 1>

State 6 <SV = 5> <Delay = 4.70>
ST_6 : Operation 138 [1/2] (1.35ns)   --->   "%input_load_5 = load i12 %input_addr_5" [../src/hls/cnn.cpp:136]   --->   Operation 138 'load' 'input_load_5' <Predicate = (!icmp_ln121)> <Delay = 1.35> <CoreInst = "RAM">   --->   Core 83 'RAM' <Latency = 1> <II = 1> <Delay = 1.35> <Storage> <Opcode : 'load' 'store'> <Ports = 2> <Width = 32> <Depth = 2592> <RAM>
ST_6 : Operation 139 [2/2] (3.34ns)   --->   "%tmp_25 = fcmp_ogt  i32 %input_load_5, i32 %select_ln136_4" [../src/hls/cnn.cpp:136]   --->   Operation 139 'fcmp' 'tmp_25' <Predicate = (!icmp_ln121)> <Delay = 3.34> <CoreInst = "FCompare">   --->   Core 19 'FCompare' <Latency = 1> <II = 1> <Delay = 3.34> <FuncUnit> <Opcode : 'fcmp'> <InPorts = 2> <OutPorts = 1>

State 7 <SV = 6> <Delay = 4.20>
ST_7 : Operation 140 [1/1] (0.00ns)   --->   "%bitcast_ln136_9 = bitcast i32 %input_load_5" [../src/hls/cnn.cpp:136]   --->   Operation 140 'bitcast' 'bitcast_ln136_9' <Predicate = (!icmp_ln121)> <Delay = 0.00>
ST_7 : Operation 141 [1/1] (0.00ns)   --->   "%tmp_23 = partselect i8 @_ssdm_op_PartSelect.i8.i32.i32.i32, i32 %bitcast_ln136_9, i32 23, i32 30" [../src/hls/cnn.cpp:136]   --->   Operation 141 'partselect' 'tmp_23' <Predicate = (!icmp_ln121)> <Delay = 0.00>
ST_7 : Operation 142 [1/1] (0.00ns)   --->   "%trunc_ln136_9 = trunc i32 %bitcast_ln136_9" [../src/hls/cnn.cpp:136]   --->   Operation 142 'trunc' 'trunc_ln136_9' <Predicate = (!icmp_ln121)> <Delay = 0.00>
ST_7 : Operation 143 [1/1] (0.00ns)   --->   "%bitcast_ln136_10 = bitcast i32 %select_ln136_4" [../src/hls/cnn.cpp:136]   --->   Operation 143 'bitcast' 'bitcast_ln136_10' <Predicate = (!icmp_ln121)> <Delay = 0.00>
ST_7 : Operation 144 [1/1] (0.00ns)   --->   "%tmp_24 = partselect i8 @_ssdm_op_PartSelect.i8.i32.i32.i32, i32 %bitcast_ln136_10, i32 23, i32 30" [../src/hls/cnn.cpp:136]   --->   Operation 144 'partselect' 'tmp_24' <Predicate = (!icmp_ln121)> <Delay = 0.00>
ST_7 : Operation 145 [1/1] (0.00ns)   --->   "%trunc_ln136_10 = trunc i32 %bitcast_ln136_10" [../src/hls/cnn.cpp:136]   --->   Operation 145 'trunc' 'trunc_ln136_10' <Predicate = (!icmp_ln121)> <Delay = 0.00>
ST_7 : Operation 146 [1/1] (0.85ns)   --->   "%icmp_ln136_19 = icmp_ne  i8 %tmp_23, i8 255" [../src/hls/cnn.cpp:136]   --->   Operation 146 'icmp' 'icmp_ln136_19' <Predicate = (!icmp_ln121)> <Delay = 0.85> <CoreInst = "Cmp">   --->   Core 9 'Cmp' <Latency = 0> <II = 1> <Delay = 0.97> <FuncUnit> <Opcode : 'icmp'> <InPorts = 2> <OutPorts = 1>
ST_7 : Operation 147 [1/1] (0.97ns)   --->   "%icmp_ln136_20 = icmp_eq  i23 %trunc_ln136_9, i23 0" [../src/hls/cnn.cpp:136]   --->   Operation 147 'icmp' 'icmp_ln136_20' <Predicate = (!icmp_ln121)> <Delay = 0.97> <CoreInst = "Cmp">   --->   Core 9 'Cmp' <Latency = 0> <II = 1> <Delay = 0.97> <FuncUnit> <Opcode : 'icmp'> <InPorts = 2> <OutPorts = 1>
ST_7 : Operation 148 [1/1] (0.00ns) (grouped into LUT with out node and_ln136_10)   --->   "%or_ln136_10 = or i1 %icmp_ln136_20, i1 %icmp_ln136_19" [../src/hls/cnn.cpp:136]   --->   Operation 148 'or' 'or_ln136_10' <Predicate = (!icmp_ln121)> <Delay = 0.00> <CoreInst = "LogicGate">   --->   Core 74 'LogicGate' <Latency = 0> <II = 1> <Delay = 0.33> <FuncUnit> <Opcode : 'and' 'or' 'xor'> <InPorts = 2> <OutPorts = 1>
ST_7 : Operation 149 [1/1] (0.85ns)   --->   "%icmp_ln136_21 = icmp_ne  i8 %tmp_24, i8 255" [../src/hls/cnn.cpp:136]   --->   Operation 149 'icmp' 'icmp_ln136_21' <Predicate = (!icmp_ln121)> <Delay = 0.85> <CoreInst = "Cmp">   --->   Core 9 'Cmp' <Latency = 0> <II = 1> <Delay = 0.97> <FuncUnit> <Opcode : 'icmp'> <InPorts = 2> <OutPorts = 1>
ST_7 : Operation 150 [1/1] (0.97ns)   --->   "%icmp_ln136_22 = icmp_eq  i23 %trunc_ln136_10, i23 0" [../src/hls/cnn.cpp:136]   --->   Operation 150 'icmp' 'icmp_ln136_22' <Predicate = (!icmp_ln121)> <Delay = 0.97> <CoreInst = "Cmp">   --->   Core 9 'Cmp' <Latency = 0> <II = 1> <Delay = 0.97> <FuncUnit> <Opcode : 'icmp'> <InPorts = 2> <OutPorts = 1>
ST_7 : Operation 151 [1/1] (0.00ns) (grouped into LUT with out node and_ln136_10)   --->   "%or_ln136_11 = or i1 %icmp_ln136_22, i1 %icmp_ln136_21" [../src/hls/cnn.cpp:136]   --->   Operation 151 'or' 'or_ln136_11' <Predicate = (!icmp_ln121)> <Delay = 0.00> <CoreInst = "LogicGate">   --->   Core 74 'LogicGate' <Latency = 0> <II = 1> <Delay = 0.33> <FuncUnit> <Opcode : 'and' 'or' 'xor'> <InPorts = 2> <OutPorts = 1>
ST_7 : Operation 152 [1/1] (0.00ns) (grouped into LUT with out node and_ln136_10)   --->   "%and_ln136_9 = and i1 %or_ln136_10, i1 %or_ln136_11" [../src/hls/cnn.cpp:136]   --->   Operation 152 'and' 'and_ln136_9' <Predicate = (!icmp_ln121)> <Delay = 0.00> <CoreInst = "LogicGate">   --->   Core 74 'LogicGate' <Latency = 0> <II = 1> <Delay = 0.33> <FuncUnit> <Opcode : 'and' 'or' 'xor'> <InPorts = 2> <OutPorts = 1>
ST_7 : Operation 153 [1/2] (3.34ns)   --->   "%tmp_25 = fcmp_ogt  i32 %input_load_5, i32 %select_ln136_4" [../src/hls/cnn.cpp:136]   --->   Operation 153 'fcmp' 'tmp_25' <Predicate = (!icmp_ln121)> <Delay = 3.34> <CoreInst = "FCompare">   --->   Core 19 'FCompare' <Latency = 1> <II = 1> <Delay = 3.34> <FuncUnit> <Opcode : 'fcmp'> <InPorts = 2> <OutPorts = 1>
ST_7 : Operation 154 [1/1] (0.33ns) (out node of the LUT)   --->   "%and_ln136_10 = and i1 %and_ln136_9, i1 %tmp_25" [../src/hls/cnn.cpp:136]   --->   Operation 154 'and' 'and_ln136_10' <Predicate = (!icmp_ln121)> <Delay = 0.33> <CoreInst = "LogicGate">   --->   Core 74 'LogicGate' <Latency = 0> <II = 1> <Delay = 0.33> <FuncUnit> <Opcode : 'and' 'or' 'xor'> <InPorts = 2> <OutPorts = 1>
ST_7 : Operation 155 [1/1] (0.52ns) (out node of the LUT)   --->   "%select_ln136_5 = select i1 %and_ln136_10, i32 %input_load_5, i32 %select_ln136_4" [../src/hls/cnn.cpp:136]   --->   Operation 155 'select' 'select_ln136_5' <Predicate = (!icmp_ln121)> <Delay = 0.52> <CoreInst = "Sel">   --->   Core 73 'Sel' <Latency = 0> <II = 1> <Delay = 0.45> <FuncUnit> <Opcode : 'select'> <InPorts = 3> <OutPorts = 1>
ST_7 : Operation 156 [1/1] (0.00ns)   --->   "%zext_ln136_9 = zext i12 %add_ln136_11" [../src/hls/cnn.cpp:136]   --->   Operation 156 'zext' 'zext_ln136_9' <Predicate = (!icmp_ln121)> <Delay = 0.00>
ST_7 : Operation 157 [1/1] (0.00ns)   --->   "%input_addr_6 = getelementptr i32 %input_r, i64 0, i64 %zext_ln136_9" [../src/hls/cnn.cpp:136]   --->   Operation 157 'getelementptr' 'input_addr_6' <Predicate = (!icmp_ln121)> <Delay = 0.00>
ST_7 : Operation 158 [2/2] (1.35ns)   --->   "%input_load_6 = load i12 %input_addr_6" [../src/hls/cnn.cpp:136]   --->   Operation 158 'load' 'input_load_6' <Predicate = (!icmp_ln121)> <Delay = 1.35> <CoreInst = "RAM">   --->   Core 83 'RAM' <Latency = 1> <II = 1> <Delay = 1.35> <Storage> <Opcode : 'load' 'store'> <Ports = 2> <Width = 32> <Depth = 2592> <RAM>

State 8 <SV = 7> <Delay = 1.35>
ST_8 : Operation 159 [1/2] (1.35ns)   --->   "%input_load_6 = load i12 %input_addr_6" [../src/hls/cnn.cpp:136]   --->   Operation 159 'load' 'input_load_6' <Predicate = (!icmp_ln121)> <Delay = 1.35> <CoreInst = "RAM">   --->   Core 83 'RAM' <Latency = 1> <II = 1> <Delay = 1.35> <Storage> <Opcode : 'load' 'store'> <Ports = 2> <Width = 32> <Depth = 2592> <RAM>

State 9 <SV = 8> <Delay = 3.34>
ST_9 : Operation 160 [2/2] (3.34ns)   --->   "%tmp_28 = fcmp_ogt  i32 %input_load_6, i32 %select_ln136_5" [../src/hls/cnn.cpp:136]   --->   Operation 160 'fcmp' 'tmp_28' <Predicate = (!icmp_ln121)> <Delay = 3.34> <CoreInst = "FCompare">   --->   Core 19 'FCompare' <Latency = 1> <II = 1> <Delay = 3.34> <FuncUnit> <Opcode : 'fcmp'> <InPorts = 2> <OutPorts = 1>

State 10 <SV = 9> <Delay = 5.55>
ST_10 : Operation 161 [1/1] (0.00ns)   --->   "%specloopname_ln0 = specloopname void @_ssdm_op_SpecLoopName, void @VITIS_LOOP_121_1_VITIS_LOOP_124_2_VITIS_LOOP_127_3_str"   --->   Operation 161 'specloopname' 'specloopname_ln0' <Predicate = (!icmp_ln121)> <Delay = 0.00>
ST_10 : Operation 162 [1/1] (0.00ns)   --->   "%empty_36 = speclooptripcount i32 @_ssdm_op_SpecLoopTripCount, i64 512, i64 512, i64 512"   --->   Operation 162 'speclooptripcount' 'empty_36' <Predicate = (!icmp_ln121)> <Delay = 0.00>
ST_10 : Operation 163 [1/1] (0.00ns)   --->   "%specpipeline_ln0 = specpipeline void @_ssdm_op_SpecPipeline, i32 4294967295, i32 0, i32 1, i32 0, void @p_str"   --->   Operation 163 'specpipeline' 'specpipeline_ln0' <Predicate = (!icmp_ln121)> <Delay = 0.00>
ST_10 : Operation 164 [1/1] (0.00ns)   --->   "%specloopname_ln0 = specloopname void @_ssdm_op_SpecLoopName, void @VITIS_LOOP_124_2_VITIS_LOOP_127_3_str"   --->   Operation 164 'specloopname' 'specloopname_ln0' <Predicate = (!icmp_ln121)> <Delay = 0.00>
ST_10 : Operation 165 [1/1] (0.00ns)   --->   "%specpipeline_ln0 = specpipeline void @_ssdm_op_SpecPipeline, i32 4294967295, i32 0, i32 1, i32 0, void @p_str"   --->   Operation 165 'specpipeline' 'specpipeline_ln0' <Predicate = (!icmp_ln121)> <Delay = 0.00>
ST_10 : Operation 166 [1/1] (0.00ns)   --->   "%specloopname_ln127 = specloopname void @_ssdm_op_SpecLoopName, void @empty_9" [../src/hls/cnn.cpp:127]   --->   Operation 166 'specloopname' 'specloopname_ln127' <Predicate = (!icmp_ln121)> <Delay = 0.00>
ST_10 : Operation 167 [1/1] (0.00ns)   --->   "%bitcast_ln136_11 = bitcast i32 %input_load_6" [../src/hls/cnn.cpp:136]   --->   Operation 167 'bitcast' 'bitcast_ln136_11' <Predicate = (!icmp_ln121)> <Delay = 0.00>
ST_10 : Operation 168 [1/1] (0.00ns)   --->   "%tmp_26 = partselect i8 @_ssdm_op_PartSelect.i8.i32.i32.i32, i32 %bitcast_ln136_11, i32 23, i32 30" [../src/hls/cnn.cpp:136]   --->   Operation 168 'partselect' 'tmp_26' <Predicate = (!icmp_ln121)> <Delay = 0.00>
ST_10 : Operation 169 [1/1] (0.00ns)   --->   "%trunc_ln136_11 = trunc i32 %bitcast_ln136_11" [../src/hls/cnn.cpp:136]   --->   Operation 169 'trunc' 'trunc_ln136_11' <Predicate = (!icmp_ln121)> <Delay = 0.00>
ST_10 : Operation 170 [1/1] (0.00ns)   --->   "%bitcast_ln136_12 = bitcast i32 %select_ln136_5" [../src/hls/cnn.cpp:136]   --->   Operation 170 'bitcast' 'bitcast_ln136_12' <Predicate = (!icmp_ln121)> <Delay = 0.00>
ST_10 : Operation 171 [1/1] (0.00ns)   --->   "%tmp_27 = partselect i8 @_ssdm_op_PartSelect.i8.i32.i32.i32, i32 %bitcast_ln136_12, i32 23, i32 30" [../src/hls/cnn.cpp:136]   --->   Operation 171 'partselect' 'tmp_27' <Predicate = (!icmp_ln121)> <Delay = 0.00>
ST_10 : Operation 172 [1/1] (0.00ns)   --->   "%trunc_ln136_12 = trunc i32 %bitcast_ln136_12" [../src/hls/cnn.cpp:136]   --->   Operation 172 'trunc' 'trunc_ln136_12' <Predicate = (!icmp_ln121)> <Delay = 0.00>
ST_10 : Operation 173 [1/1] (0.85ns)   --->   "%icmp_ln136_23 = icmp_ne  i8 %tmp_26, i8 255" [../src/hls/cnn.cpp:136]   --->   Operation 173 'icmp' 'icmp_ln136_23' <Predicate = (!icmp_ln121)> <Delay = 0.85> <CoreInst = "Cmp">   --->   Core 9 'Cmp' <Latency = 0> <II = 1> <Delay = 0.97> <FuncUnit> <Opcode : 'icmp'> <InPorts = 2> <OutPorts = 1>
ST_10 : Operation 174 [1/1] (0.97ns)   --->   "%icmp_ln136_24 = icmp_eq  i23 %trunc_ln136_11, i23 0" [../src/hls/cnn.cpp:136]   --->   Operation 174 'icmp' 'icmp_ln136_24' <Predicate = (!icmp_ln121)> <Delay = 0.97> <CoreInst = "Cmp">   --->   Core 9 'Cmp' <Latency = 0> <II = 1> <Delay = 0.97> <FuncUnit> <Opcode : 'icmp'> <InPorts = 2> <OutPorts = 1>
ST_10 : Operation 175 [1/1] (0.00ns) (grouped into LUT with out node and_ln136_12)   --->   "%or_ln136_12 = or i1 %icmp_ln136_24, i1 %icmp_ln136_23" [../src/hls/cnn.cpp:136]   --->   Operation 175 'or' 'or_ln136_12' <Predicate = (!icmp_ln121)> <Delay = 0.00> <CoreInst = "LogicGate">   --->   Core 74 'LogicGate' <Latency = 0> <II = 1> <Delay = 0.33> <FuncUnit> <Opcode : 'and' 'or' 'xor'> <InPorts = 2> <OutPorts = 1>
ST_10 : Operation 176 [1/1] (0.85ns)   --->   "%icmp_ln136_25 = icmp_ne  i8 %tmp_27, i8 255" [../src/hls/cnn.cpp:136]   --->   Operation 176 'icmp' 'icmp_ln136_25' <Predicate = (!icmp_ln121)> <Delay = 0.85> <CoreInst = "Cmp">   --->   Core 9 'Cmp' <Latency = 0> <II = 1> <Delay = 0.97> <FuncUnit> <Opcode : 'icmp'> <InPorts = 2> <OutPorts = 1>
ST_10 : Operation 177 [1/1] (0.97ns)   --->   "%icmp_ln136_26 = icmp_eq  i23 %trunc_ln136_12, i23 0" [../src/hls/cnn.cpp:136]   --->   Operation 177 'icmp' 'icmp_ln136_26' <Predicate = (!icmp_ln121)> <Delay = 0.97> <CoreInst = "Cmp">   --->   Core 9 'Cmp' <Latency = 0> <II = 1> <Delay = 0.97> <FuncUnit> <Opcode : 'icmp'> <InPorts = 2> <OutPorts = 1>
ST_10 : Operation 178 [1/1] (0.00ns) (grouped into LUT with out node and_ln136_12)   --->   "%or_ln136_13 = or i1 %icmp_ln136_26, i1 %icmp_ln136_25" [../src/hls/cnn.cpp:136]   --->   Operation 178 'or' 'or_ln136_13' <Predicate = (!icmp_ln121)> <Delay = 0.00> <CoreInst = "LogicGate">   --->   Core 74 'LogicGate' <Latency = 0> <II = 1> <Delay = 0.33> <FuncUnit> <Opcode : 'and' 'or' 'xor'> <InPorts = 2> <OutPorts = 1>
ST_10 : Operation 179 [1/1] (0.00ns) (grouped into LUT with out node and_ln136_12)   --->   "%and_ln136_11 = and i1 %or_ln136_12, i1 %or_ln136_13" [../src/hls/cnn.cpp:136]   --->   Operation 179 'and' 'and_ln136_11' <Predicate = (!icmp_ln121)> <Delay = 0.00> <CoreInst = "LogicGate">   --->   Core 74 'LogicGate' <Latency = 0> <II = 1> <Delay = 0.33> <FuncUnit> <Opcode : 'and' 'or' 'xor'> <InPorts = 2> <OutPorts = 1>
ST_10 : Operation 180 [1/2] (3.34ns)   --->   "%tmp_28 = fcmp_ogt  i32 %input_load_6, i32 %select_ln136_5" [../src/hls/cnn.cpp:136]   --->   Operation 180 'fcmp' 'tmp_28' <Predicate = (!icmp_ln121)> <Delay = 3.34> <CoreInst = "FCompare">   --->   Core 19 'FCompare' <Latency = 1> <II = 1> <Delay = 3.34> <FuncUnit> <Opcode : 'fcmp'> <InPorts = 2> <OutPorts = 1>
ST_10 : Operation 181 [1/1] (0.33ns) (out node of the LUT)   --->   "%and_ln136_12 = and i1 %and_ln136_11, i1 %tmp_28" [../src/hls/cnn.cpp:136]   --->   Operation 181 'and' 'and_ln136_12' <Predicate = (!icmp_ln121)> <Delay = 0.33> <CoreInst = "LogicGate">   --->   Core 74 'LogicGate' <Latency = 0> <II = 1> <Delay = 0.33> <FuncUnit> <Opcode : 'and' 'or' 'xor'> <InPorts = 2> <OutPorts = 1>
ST_10 : Operation 182 [1/1] (0.52ns) (out node of the LUT)   --->   "%select_ln136_6 = select i1 %and_ln136_12, i32 %input_load_6, i32 %select_ln136_5" [../src/hls/cnn.cpp:136]   --->   Operation 182 'select' 'select_ln136_6' <Predicate = (!icmp_ln121)> <Delay = 0.52> <CoreInst = "Sel">   --->   Core 73 'Sel' <Latency = 0> <II = 1> <Delay = 0.45> <FuncUnit> <Opcode : 'select'> <InPorts = 3> <OutPorts = 1>
ST_10 : Operation 183 [1/1] (0.00ns)   --->   "%zext_ln142 = zext i9 %add_ln142" [../src/hls/cnn.cpp:142]   --->   Operation 183 'zext' 'zext_ln142' <Predicate = (!icmp_ln121)> <Delay = 0.00>
ST_10 : Operation 184 [1/1] (0.00ns)   --->   "%output_addr = getelementptr i32 %output_r, i64 0, i64 %zext_ln142" [../src/hls/cnn.cpp:142]   --->   Operation 184 'getelementptr' 'output_addr' <Predicate = (!icmp_ln121)> <Delay = 0.00>
ST_10 : Operation 185 [1/1] (1.35ns)   --->   "%store_ln142 = store i32 %select_ln136_6, i9 %output_addr" [../src/hls/cnn.cpp:142]   --->   Operation 185 'store' 'store_ln142' <Predicate = (!icmp_ln121)> <Delay = 1.35> <CoreInst = "RAM">   --->   Core 83 'RAM' <Latency = 1> <II = 1> <Delay = 1.35> <Storage> <Opcode : 'load' 'store'> <Ports = 2> <Width = 32> <Depth = 512> <RAM>
ST_10 : Operation 186 [1/1] (0.00ns)   --->   "%br_ln0 = br void"   --->   Operation 186 'br' 'br_ln0' <Predicate = (!icmp_ln121)> <Delay = 0.00>

State 11 <SV = 2> <Delay = 0.00>
ST_11 : Operation 187 [1/1] (0.00ns)   --->   "%ret_ln146 = ret" [../src/hls/cnn.cpp:146]   --->   Operation 187 'ret' 'ret_ln146' <Predicate = true> <Delay = 0.00>


============================================================
+ Verbose Summary: Timing violations
============================================================
Target clock period: 10ns, clock uncertainty: 2.7ns.

 <State 1>: 0.489ns
The critical path consists of the following:
	multiplexor before 'phi' operation ('indvar_flatten58', ../src/hls/cnn.cpp:121) with incoming values : ('add_ln121', ../src/hls/cnn.cpp:121) [5]  (0.489 ns)

 <State 2>: 5.8ns
The critical path consists of the following:
	'phi' operation ('indvar_flatten', ../src/hls/cnn.cpp:124) with incoming values : ('select_ln124_12', ../src/hls/cnn.cpp:124) [7]  (0 ns)
	'icmp' operation ('icmp_ln124', ../src/hls/cnn.cpp:124) [32]  (0.857 ns)
	'select' operation ('select_ln121', ../src/hls/cnn.cpp:121) [33]  (0.45 ns)
	'add' operation ('ii_4', ../src/hls/cnn.cpp:124) [56]  (0.868 ns)
	'add' operation ('add_ln136_8', ../src/hls/cnn.cpp:136) [66]  (0.868 ns)
	'select' operation ('select_ln124_8', ../src/hls/cnn.cpp:124) [69]  (0.44 ns)
	'or' operation ('or_ln124_3', ../src/hls/cnn.cpp:124) [71]  (0 ns)
	'add' operation ('add_ln136_9', ../src/hls/cnn.cpp:136) [104]  (0.962 ns)
	'getelementptr' operation ('input_addr_4', ../src/hls/cnn.cpp:136) [106]  (0 ns)
	'load' operation ('input_load_4', ../src/hls/cnn.cpp:136) on array 'input_r' [107]  (1.35 ns)

 <State 3>: 4.7ns
The critical path consists of the following:
	'load' operation ('input_load', ../src/hls/cnn.cpp:136) on array 'input_r' [94]  (1.35 ns)
	'fcmp' operation ('tmp_19', ../src/hls/cnn.cpp:136) [101]  (3.35 ns)

 <State 4>: 7.22ns
The critical path consists of the following:
	'fcmp' operation ('tmp_19', ../src/hls/cnn.cpp:136) [101]  (3.35 ns)
	'and' operation ('and_ln136', ../src/hls/cnn.cpp:136) [102]  (0 ns)
	'select' operation ('select_ln136', ../src/hls/cnn.cpp:136) [103]  (0.525 ns)
	'fcmp' operation ('tmp_22', ../src/hls/cnn.cpp:136) [121]  (3.35 ns)

 <State 5>: 4.2ns
The critical path consists of the following:
	'fcmp' operation ('tmp_22', ../src/hls/cnn.cpp:136) [121]  (3.35 ns)
	'and' operation ('and_ln136_8', ../src/hls/cnn.cpp:136) [122]  (0.331 ns)
	'select' operation ('select_ln136_4', ../src/hls/cnn.cpp:136) [123]  (0.525 ns)

 <State 6>: 4.7ns
The critical path consists of the following:
	'load' operation ('input_load_5', ../src/hls/cnn.cpp:136) on array 'input_r' [127]  (1.35 ns)
	'fcmp' operation ('tmp_25', ../src/hls/cnn.cpp:136) [141]  (3.35 ns)

 <State 7>: 4.2ns
The critical path consists of the following:
	'fcmp' operation ('tmp_25', ../src/hls/cnn.cpp:136) [141]  (3.35 ns)
	'and' operation ('and_ln136_10', ../src/hls/cnn.cpp:136) [142]  (0.331 ns)
	'select' operation ('select_ln136_5', ../src/hls/cnn.cpp:136) [143]  (0.525 ns)

 <State 8>: 1.35ns
The critical path consists of the following:
	'load' operation ('input_load_6', ../src/hls/cnn.cpp:136) on array 'input_r' [147]  (1.35 ns)

 <State 9>: 3.35ns
The critical path consists of the following:
	'fcmp' operation ('tmp_28', ../src/hls/cnn.cpp:136) [161]  (3.35 ns)

 <State 10>: 5.56ns
The critical path consists of the following:
	'fcmp' operation ('tmp_28', ../src/hls/cnn.cpp:136) [161]  (3.35 ns)
	'and' operation ('and_ln136_12', ../src/hls/cnn.cpp:136) [162]  (0.331 ns)
	'select' operation ('select_ln136_6', ../src/hls/cnn.cpp:136) [163]  (0.525 ns)
	'store' operation ('store_ln142', ../src/hls/cnn.cpp:142) of variable 'select_ln136_6', ../src/hls/cnn.cpp:136 on array 'output_r' [167]  (1.35 ns)

 <State 11>: 0ns
The critical path consists of the following:


============================================================
+ Verbose Summary: Binding
============================================================
N/A
* FSMD analyzer results:
  - Output states:
 - Input state : 
  - Chain level:
	State 1
	State 2
	State 3
	State 4
	State 5
	State 6
	State 7
	State 8
	State 9
	State 10
	State 11


============================================================
+ Verbose Summary: Datapath Resource usage 
============================================================
N/A
